8
0.23887946648634768987 -0.22177587148450561561 0.90023259761778886222
-0.18377026681365231012 0.85557439511549438437 -0.38844253558221113773
-0.48289639988634768956 -0.52224106181549438449 -0.27822413101778886241
0.32021844561925634577 0.02622977530485453841 0.69289644185049333426
0.59046515428074365422 0.38445382469514546156 -0.64823824185049333426
-0.56423537901925634522 -0.77024670860485453905 -0.07088797525049333429
0.48733146333290721546 -0.71867986515721763363 0.40332860392245072800
0.06468173003290721550 0.35867040144278236637 -0.88534652927754927190
-0.73134839673290721570 -0.02533706814278236679 0.21867986267754927163
0.49999999993062203374 0.00000000002506647846 0.99999999994024453857
0.07735026663062203380 1.07735026662506647838 -0.28867513325975546144
-1.07735026666937796602 -0.07735026667493352209 0.28867513334024453808
0.56867044310781550995 -0.47067421965185675674 0.19599244687115592288
0.34201315679218449007 0.88135781965185675679 -0.15133424687115592275
-0.81268737650781551002 -0.27334271364814324325 0.42601601972884407693
0.62377964763419764375 0.16312430967657866245 0.70778250703123603835
0.28690395226580235627 0.24755929032342133749 -0.66312430703123603835
-0.95357061896580235622 0.08577404297657866222 -0.00354235956876396168
0.83333333326937796616 -0.66666666662506647828 0.33333333325975546149
0.41068359996937796620 0.41068359997493352162 -0.95534179994024453846
-0.74401693333062203360 -0.74401693332506647883 -0.37799153334024453897
0.87223164447361930716 -0.33377968398185763120 0.21087851335017362853
0.03845195542638069282 0.74446328398185763120 -0.16622031335017362845
-0.70511862212638069244 -0.41112995068185763121 -0.50044635324982637240

8
-0.59046515427019136965 -0.38445382468689308689 0.64823824197674482616
0.56423537892980863030 0.77024670851310691306 0.07088797517674482615
-0.32021844572980863032 -0.02622977531310691311 -0.69289644197674482616
-0.41068359994100665463 -0.41068359994100665463 0.95534180002050332733
0.74401693325899334532 0.74401693325899334548 0.37799153322050332737
-0.83333333334100665466 0.66666666665899334540 -0.33333333337949667269
-0.34201315680846642418 -0.88135781972509804033 0.15133424699591740414
0.81268737639153357585 0.27334271347490195968 -0.42601601980408259582
-0.56867044319153357585 0.47067421972509804030 -0.19599244699591740417
-0.28690395222930539304 -0.24755929031930904349 0.66312430711965087121
0.95357061882930539308 -0.08577404308069095631 0.00354235948034912877
-0.62377964777069460695 -0.16312430968069095667 -0.70778250711965087121
-0.07735026665899334530 -1.07735026665899334545 0.28867513337949667261
1.07735026654100665461 0.07735026654100665466 -0.28867513342050332725
-0.50000000005899334536 -0.00000000005899334547 -1.00000000002050332733
-0.06468172998335110938 -0.35867040142656425312 0.88534652932006898274
0.73134839658335110948 0.02533706802656425326 -0.21867986272006898266
-0.48733146338335110942 0.71867986517343574674 -0.40332860407993101728
-0.03845195542385581022 -0.74446328404496327116 0.16622031345137417460
0.70511862202385581025 0.41112995064496327122 0.50044635314862582543
-0.87223164457614418984 0.33377968404496327122 -0.21087851345137417455
0.18377026680884770004 -0.85557439512571693417 0.38844253567829383286
0.48289639979115229991 0.52224106172571693426 0.27822413092170616720
-0.23887946659115230001 0.22177587147428306575 -0.90023259772170616711

8
-0.75949679468803295052 0.46524807402517384558 -0.35124850209364024800
0.46524807431196704932 -0.75949679397482615460 -0.35124850209364024800
-0.05699978431196704959 -0.05699978402517384571 0.75949679209364024806
-0.69692342451624546192 0.52782144424805227715 -0.69692342351624546196
0.52782144448375453803 -0.69692342375194772284 -0.69692342351624546196
-0.69692342351624546207 -0.69692342375194772305 0.52782144448375453786
-0.48733126706574769044 0.32916531027528862655 -0.48733126606574769042
0.89557955606574769037 0.07908297972471137324 -0.32916531193425230956
-0.32916531193425230964 0.07908297972471137313 0.89557955606574769043
-0.35124850327502419732 0.46524807417712323132 -0.75949679386941689992
0.75949679227502419731 -0.05699978417712323151 -0.05699978413058310028
-0.35124850227502419728 -0.75949679382287676890 0.46524807413058309988
-0.32916531289341403562 0.89557955617115694500 0.07908297970097866696
0.89557955610658596438 -0.32916531182884305499 0.07908297970097866690
-0.48733126610658596443 -0.48733126617115694499 0.32916531029902133291
-0.11957315548375453814 1.10517171375194772284 -0.11957315448375453807
1.10517171351624546186 -0.11957315424805227720 -0.11957315448375453813
-0.11957315448375453824 -0.11957315424805227725 1.10517171351624546175
-0.05699978513058310024 0.75949679256181740130 -0.05699978413058310017
0.46524807413058310031 -0.35124850256181740129 -0.75949679386941689970
-0.75949679386941689981 -0.35124850256181740129 0.46524807413058310015
0.07908297866014039272 0.89557955646365200599 -0.32916531193425230972
0.32916531033985960727 -0.48733126646365200604 -0.48733126606574769026
0.07908297966014039268 -0.32916531153634799405 0.89557955606574769027

8
0.65833062058222086151 -0.97466253222899373323 -0.97466253222899373312
0.15816595941777913839 1.79115911222899373313 -0.65833062377100626684
0.15816595941777913850 -0.65833062377100626673 1.79115911222899373313
0.93049614831181599677 -0.70249700449939859808 -1.51899358768818400331
-0.11399956831181599681 1.51899358449939859809 -0.11399956831181599670
-1.51899358768818400342 -0.70249700449939859808 0.93049614831181599650
0.93049614831181599693 -1.51899358768818400298 -0.70249700449939859797
-1.51899358768818400320 0.93049614831181599677 -0.70249700449939859797
-0.11399956831181599638 -0.11399956831181599633 1.51899358449939859788
1.05564288881037423543 -1.39384684718962576465 -1.39384684718962576421
-1.39384684718962576454 1.05564288881037423543 -1.39384684718962576421
-1.39384684718962576421 -1.39384684718962576421 1.05564288881037423608
1.51899358449939859820 -0.11399956831181599633 -0.11399956831181599665
-0.70249700449939859819 0.93049614831181599650 -1.51899358768818400320
-0.70249700449939859824 -1.51899358768818400298 0.93049614831181599742
1.79115911222899373324 -0.65833062377100626673 0.15816595941777913839
-0.65833062377100626673 1.79115911222899373324 0.15816595941777913839
-0.97466253222899373312 -0.97466253222899373312 0.65833062058222086184
1.79115911222899373324 0.15816595941777913833 -0.65833062377100626716
-0.97466253222899373323 0.65833062058222086168 -0.97466253222899373280
-0.65833062377100626651 0.15816595941777913936 1.79115911222899373302
2.21034342718962576466 -0.23914630881037423536 -0.23914630881037423558
-0.23914630881037423531 2.21034342718962576466 -0.23914630881037423553
-0.23914630881037423504 -0.23914630881037423504 2.21034342718962576466

2
-3.99999999999999999913 -1.99999999999999998872 -1.00000000000000000271
-3.99999999999999999176 1.00000000000000000000 1.00000000000000000000
-3.99999999999999999349 -0.99999999999999999436 -5.00000000000000000130
-1.38666666666666667381 1.73333333333333332966 -1.37333333333333333431
-3.99999999999999999827 0.99999999999999999501 1.00000000000000000043
-2.69333333333333333533 0.86666666666666666082 -5.18666666666666666694

2
7.66279999999999999853 5.97210000000000000011 2.98509999999999999973
7.48399999999999999880 5.97209999999999999968 5.71330000000000000002
8.56669999999999999887 5.97209999999999999968 1.21239999999999999993
9.58548670818724296312 8.89060332010982290376 2.55751071595449222507
9.87515997504862920366 9.60171282063095542052 5.18152621833523036087
9.71520634525032023530 7.71545192910369241395 0.95698188960471975426

8
-1.12403393288331853903 -3.74389326313810262992 -0.16250741122704720232
1.93374085087852566264 -2.20747132517850741269 2.13756591772664665194
3.96698203326501241863 2.09649350694637160602 0.74141184819646959977
-1.04430143021822450350 -4.10595407311001247153 -0.15354054858842467737
2.35188145234517767827 -4.10622427772361025481 2.18459077222960107705
-1.06440586304768913133 1.12138215119676604723 6.10734010153218337446
-1.03365450059317511965 -3.63748358598754231155 -0.44573835871822713617
2.40771707029750693966 -1.64942780568057251927 0.65221985709459842303
2.56073262519797479990 0.44082316565458110774 5.14831441621774478761
-0.90854860727077135546 -3.84696776241075355778 -0.03234616787249941527
2.91764205557706164510 -3.23701022514957692023 -0.30659848837619168964
0.61416044641350158432 3.70027049376839908042 -1.28381852538006708056
-0.89253927034149530830 -3.92727445511560244651 -0.62913260804288146689
3.14776667718604913891 -3.16917601709347202996 -0.30955331137397044537
1.29692173202396273269 3.90152914561074007707 -1.29258524810017079052
-0.76676044559716748799 -3.68003119149908761382 -0.47668172471607849860
2.17406339917791981012 -4.11247450677362944493 2.02362733900063645706
-1.59197775751239149473 1.10283822316458068034 5.62977451189955543443
-0.76185609204918593911 -4.13019212544349878253 -0.23321850558991471375
2.14834353245089820306 -1.75169869534646536558 0.74683489579805912775
3.33027309816129000173 0.74425268840880148455 4.86759918891355160839
-0.69260522790197905747 -4.04865850756631236521 -0.45023677368469500616
1.78517171394888903534 -2.17928487261873864590 1.88494226879200008290
4.40777474037686073458 2.01286656406667758862 1.49092594241318700786

2
1.97641042189956693998 0.73308058751503084761 3.91927317479017127584
-3.32682328480861995088 -0.28325200979140193239 1.06894528400323438576
-2.53724017876121636216 1.27860816745197934988 0.94588587531193388616
2.64248960887635747554 -1.06365475981466197405 3.30427336549887963818
-2.67609074487253232504 -2.03859008223223930369 0.46811523888987963875
-1.16136465068504748661 -2.43278868018214338592 -0.32447837554534970190

4
-1.24629706935899846158 1.62314853467949923101 -0.56527719798075115349
-0.24629706935899846147 3.62314853467949923101 -0.56527719798075115360
2.37685146532050076964 1.31157426733974961540 2.71736140100962442288
-0.54153789974846326015 1.27076894987423163010 -0.09384657518865255593
0.45846210025153673985 3.27076894987423163010 -0.09384657518865255593
3.27076894987423162967 0.86461552506288418516 1.04692328759432627975
1.66009017280727432376 0.16995491359636283758 -2.74506762960545574234
2.66009017280727432398 2.16995491359636283736 -2.74506762960545574234
3.83004508640363716091 0.58497745679818141933 1.62746618519727212927
1.78291721009329084567 0.10854139495335457652 -1.83718790756996813458
2.78291721009329084610 2.10854139495335457630 -1.83718790756996813458
2.10854139495335457847 1.44572930252332271109 1.91859395378498406740

2
-4.50156173780469668136 0.29843826219530331844 -1.50000000000000000011
0.49843826219530331821 -4.70156173780469668162 4.50000000000000000000
-1.16926956300782780270 -5.16926956300782780270 1.49999999999999999978
-1.29843826219530331816 3.50156173780469668179 -1.49999999999999999989
3.70156173780469668162 -1.49843826219530331864 4.50000000000000000000
4.16926956300782780313 0.16926956300782780270 1.50000000000000000022

