4
-5.00000000000000000000 0.00000000000000000000
4.00000000000000000000 0.00000000000000000000
-4.12195121951219512185 7.90243902439024390209
4.65853658536585365840 5.92682926829268292603
-2.20705183641648920311 1.13653347225159717378
1.90528887731236690238 5.14759989581130211972
-1.64660670016887665068 6.18053969848011014324
1.48495502512665748795 1.36459522613991739257

2
-4.00000000000000000043 2.99999999999999999978 -0.00000000000000000114
1.00000000000000000000 3.00000000000000000022 -2.00000000000000000000
2.00000000000000000022 3.00000000000000000043 -1.99999999999999999957
-2.00000000000000000000 1.00000000000000000011 2.00000000000000000000
1.00000000000000000000 3.00000000000000000000 -2.00000000000000000000
1.33333333333333333348 3.66666666666666666674 -2.66666666666666666652

6
0.79166666666666666663 -0.94556714315918476838 -2.75000000000000000000
-4.58333333333333333348 1.89113428631836953664 3.50000000000000000000
-4.79166666666666666652 0.94556714315918476832 -0.25000000000000000000
0.79166666666666666668 0.94556714315918476821 -2.75000000000000000000
-4.58333333333333333348 -1.89113428631836953653 3.50000000000000000000
-4.79166666666666666652 -0.94556714315918476827 -0.25000000000000000000
0.87499999999999999989 -0.96014321848357602189 -3.25000000000000000000
-5.25000000000000000000 -1.92028643696715204314 3.50000000000000000022
-5.12500000000000000000 -0.96014321848357602114 -0.24999999999999999978
0.87499999999999999989 0.96014321848357602179 -3.25000000000000000000
-5.25000000000000000000 1.92028643696715204292 3.50000000000000000043
-5.12500000000000000000 0.96014321848357602114 -0.24999999999999999973
1.37499999999999999978 -0.54486236794258419418 -2.25000000000000000022
-5.75000000000000000000 1.08972473588516838869 2.49999999999999999978
-4.62500000000000000043 -0.54486236794258419386 0.74999999999999999930
1.37499999999999999978 0.54486236794258419413 -2.25000000000000000000
-5.75000000000000000000 -1.08972473588516838880 2.49999999999999999935
-4.62500000000000000043 0.54486236794258419375 0.74999999999999999946

4
0.61396114209806483064 -3.77207771580387033828 -1.40811657370580550742
-0.59069257193462344638 -2.18138514386924689233 -1.27207771580387033828
-1.81861485613075310745 -1.63722971226150621556 3.54415543160774067655
1.63603885790193516914 -1.72792228419612966172 1.65811657370580550763
0.09069257193462344595 -0.81861485613075310778 0.77207771580387033860
-3.18138514386924689190 -4.36277028773849378422 -0.54415543160774067720
1.85656711967203926113 -1.28686576065592147948 -3.68029864098388221749
0.23771141311469284072 -0.52457717377061431954 -2.78686576065592147861
-6.52457717377061431879 -3.04915434754122863887 -0.57373152131184295788
2.96486145175653216825 0.92972290351306433585 -0.35541564473040349579
0.97657430117102144546 0.95314860234204289071 -0.57027709648693566383
-5.04685139765795710886 -0.09370279531591421815 3.85944580702612867256

8
0.94385151529146198721 -3.09197212048439766746 -0.74733181881157894114
-3.97192575764573099382 3.54598606024219883352 -1.62633409059421052932
3.48596287882286549713 2.72700696987890058324 2.81316704529710526423
1.71596345393454701572 -2.27699003954035552092 -0.22183554270546156800
-4.35798172696727350792 3.13849501977017776035 -1.88908222864726921589
4.32100913651636324648 3.06924750988508888028 1.05545888567636539086
1.87039574086923380874 1.72605785252001580742 -4.91678083391155214179
-4.43519787043461690421 1.13697107373999209586 0.45839041695577607095
3.71759893521730845189 3.93151446313000395272 1.77080479152211196434
2.53294936445435337814 1.97133669516263756744 -3.89827214004459020281
-4.76647468222717668896 1.01433165241868121585 -0.05086392997770489865
4.11676265888641165552 2.00716582620934060836 1.97456803501114755070
2.65417673541655794382 -3.79828097583389868996 -0.44379530937451074969
-5.17291163229172102798 2.10085951208305065523 1.77810234531274462494
3.91354418385413948579 2.55042975604152532708 2.88905117265637231350
3.46727886113664971932 -2.77014992208942146005 -0.10275487511492373640
-4.76636056943167514023 2.61492503895528926997 1.94862256244253813191
3.88318028471583757012 3.19253748052235536512 1.02568871877873093383
3.71857124553187858343 1.73657047676576864015 -5.23357060489345363337
-4.64071437723406070861 4.86828523838288431931 -0.61678530244672681658
4.17964281138296964635 3.93414261919144216291 1.69160734877663659068
4.34013468203999140671 1.76870034660795531810 -4.03060606917996133410
-4.32993265898000429664 4.88435017330397765883 -0.01530303458998066705
3.66496632949000214876 2.05782491334801117167 2.00765151729499033342

8
-3.00000000000000000022 1.00000000000000000000 1.00000000000000000000
-3.00000000000000000022 4.00000000000000000000 -5.00000000000000000000
-3.00000000000000000043 -5.00000000000000000000 -1.00000000000000000000
-2.95227417560551044697 1.07478417049759971541 0.70405875191546652423
-1.04772582439448955314 3.92521582950240028459 -4.70405875191546652423
-3.09545164878897910692 -5.14956834099519943082 -0.40811750383093304878
-2.83017460971087563893 1.49864626130466098821 1.24932313065233049410
-2.83017460971087563893 4.49864626130466098821 -4.75067686934766950611
-6.66034921942175127786 -4.00270747739067802359 -0.50135373869533901179
-2.80987581875862600742 1.58518487470607781281 0.95925910401970557298
-1.19012418124137399279 3.41481512529392218741 -4.95925910401970557314
-6.61975163751725201484 -3.82963025058784437482 -1.08148179196058885393
-1.45436482854386714652 0.43282302175689544378 0.38307817754511438855
-2.54563517145613285348 4.56717697824310455649 -4.38307817754511438871
-6.09127034291226570695 -3.86564604351379088789 0.23384364490977122279
-1.37344398340248962655 0.30290456431535269709 0.65145228215767634857
-1.37344398340248962655 3.30290456431535269714 -5.34854771784232365132
-6.25311203319502074711 -3.60580912863070539428 -0.30290456431535269709
-1.09883787418743208400 0.85188289846128041686 0.59260811589730687514
-2.90116212581256791622 4.14811710153871958297 -4.59260811589730687503
-3.19767574837486416844 -5.29623420307743916638 -1.81478376820538624950
-1.04534406248829448587 0.73371888392355477963 0.86685944196177738981
-1.04534406248829448566 3.73371888392355477963 -5.13314055803822261040
-3.09068812497658897175 -5.53256223215289044074 -1.26628111607644522037

2
1.42857142857142856683 -4.85714285714285715382 -5.71428571428571428336
-2.85714285714285714688 -4.28571428571428572661 -4.57142857142857141680
2.71428571428571428271 -5.42857142857142857800 -5.85714285714285714341
1.99999999999999999263 -6.00000000000000000173 -4.00000000000000000694
-2.00000000000000001106 -5.99999999999999999393 -2.00000000000000001041
2.99999999999999999631 -6.00000000000000000173 -5.00000000000000000347

8
-1.08041608003170250241 -4.86187236014266126443 -1.67738542056271943185
2.91958391996829749824 2.13812763985733873557 -3.67738542056271943033
-3.37937587995244624779 3.79280854021399189686 0.51607813084407914528
-0.90062833550444319536 -4.05282750976999437591 1.51384704479613329446
3.09937166449555680388 2.94717249023000562452 -0.48615295520386670434
-3.64905749674333520615 2.57924126465499156322 -4.27077056719419994278
-0.07834850917368350096 -4.35256829128157575817 -1.89068603783288215724
4.07834850917368350095 1.35256829128157575763 -0.10931396216711784114
-4.88247723623947474858 3.02885243692236363791 0.83602905674932323390
0.08974767718542368942 -5.59613545266559339868 -1.90697872995872951679
4.08974767718542368908 1.40386454733440660153 -3.90697872995872951636
-4.86537848422186446594 3.10579682100160990197 -4.86046809493809427562
0.10436597804564038641 -3.53035309879461825771 1.35249611031011687193
3.89563402195435961369 0.53035309879461825869 -3.35249611031011687107
-5.15654896706846057990 1.79552964819192738505 -4.02874416546517530920
0.30646120592180544875 -4.62092457335187547325 1.93968640511204674448
4.30646120592180544923 2.37907542664812452740 -0.06031359488795325259
-4.54030819111729182745 4.56861313997218678948 0.90952960766807011239
1.11785019704230219914 -4.96967411330964010420 -1.65815900249913596794
2.88214980295769780086 1.96967411330964010442 -0.34184099750086403206
-3.32322470443654670162 4.04548883003553984327 -4.48723850374870395115
1.28542057047302952242 -4.21560743287136714284 1.31621512589627404739
2.71457942952697047932 1.21560743287136714392 -3.31621512589627404554
-3.07186914429045571876 5.17658885069294928422 -0.02567731115558893147

4
-4.91505983047245213497 -2.92456015648696726009 -2.60380013040580605001
-2.91505983047245213475 -4.92456015648696726009 2.39619986959419394999
-2.74517949141735640405 -1.77368046946090178028 2.18859960878258184977
-3.85975857146459386997 -3.89868439557114412029 -3.41557032964262009996
-1.85975857146459386997 -5.89868439557114411986 1.58442967035737990015
0.42072428560621839006 -4.69605318671343236001 -0.24671098892786029976
-3.81840193704600484197 -2.24455205811138014502 -2.37046004842615012096
-2.18159806295399515781 -5.75544794188861985476 1.37046004842615012117
-0.54479418886198547380 -4.26634382566585956473 -0.88861985472154963702
-3.00000000000000000022 -3.00000000000000000000 -3.00000000000000000000
-3.00000000000000000065 -5.00000000000000000000 1.99999999999999999989
-3.00000000000000000087 -2.00000000000000000043 0.99999999999999999967

6
-2.99062512070625234487 -2.03396371731858360181 -4.86768093058207255638
-2.95312560353126172651 2.83018141340708199115 -3.33840465291036278192
-1.99062512070625234487 -0.03396371731858360176 3.13231906941792744362
-2.90143482539941793634 -2.15935580033205379020 -4.59748169674205930989
-2.50717412699708968107 2.20322099833973104877 -1.98740848371029655032
-0.09856517460058206409 0.15935580033205379020 2.59748169674205931011
-2.01654363358981155948 -2.88124071996620636062 -4.52762186580972196461
1.91728183205094220248 -1.40620359983103180137 -1.63810932904860982349
-0.98345636641018844052 0.88124071996620636008 2.52762186580972196483
-1.85113130017195808344 -2.96355078143866576480 -4.77772089211883879819
2.74434349914020958290 -1.81775390719332882511 -2.88860446059419399161
-0.85113130017195808344 -0.96355078143866576480 3.22227910788116120159
-1.67486192291019188143 -1.05471790499431713496 -5.02696278338764672823
0.37430961455095940606 -1.72641047502841432811 -3.86518608306176635883
-1.32513807708980811857 -0.94528209500568286493 3.02696278338764672823
-1.13872548388351150063 -1.49209236841081954858 -4.98463622241185617175
-2.30637258058244249380 0.46046184205409774483 -4.07681888794071914037
-1.86127451611648849785 -0.50790763158918045056 2.98463622241185617197

