2
-5.00000000000000000000 -4.00000000000000000000 2.00000000000000000000 0.00000000000000000000
-0.52670476932745304423 0.65267047693274530455 -4.91602286159647182667 -3.08397713840352817355
-1.00000000000000000000 -0.00000000000000000005 -4.00000000000000000000 0.00000000000000000000
1.00000000000000000000 2.00000000000000000000 -4.00000000000000000000 3.00000000000000000000
-5.00000000000000000000 -3.99999999999999999957 2.00000000000000000022 -0.00000000000000000022
-2.50219696477659319885 0.85021969647765932002 -6.10131817886595591901 -1.89868182113404408077
-1.00000000000000000000 0.00000000000000000000 -4.00000000000000000000 0.00000000000000000000
0.99999999999999999995 1.99999999999999999989 -4.00000000000000000000 3.00000000000000000022

2
-3.00000000000000000000 -0.78943238437351001817 -0.53943238437351001828 -4.91666666666666666652
-2.99999999999999999978 4.00000000000000000000 -3.00000000000000000022 -5.00000000000000000000
-2.99999999999999999978 3.00000000000000000000 -2.00000000000000000022 4.00000000000000000000
-1.99999999999999999978 1.99999999999999999989 -1.00000000000000000022 1.00000000000000000000
-2.99999999999999999913 1.53943238437351001882 1.78943238437351001806 -4.91666666666666666652
-3.00000000000000000000 4.00000000000000000000 -3.00000000000000000000 -5.00000000000000000000
-3.00000000000000000000 3.00000000000000000022 -2.00000000000000000000 4.00000000000000000000
-1.99999999999999999978 2.00000000000000000022 -0.99999999999999999989 1.00000000000000000000

4
3.35262198774810341257 -1.59715731208740835357 -5.26861308177966518188 -5.05962340950045348338
2.38155496937025853077 3.50710671978147911715 0.82846729555083704444 -4.14905852375113370911
4.00000000000000000000 1.99999999999999999946 -1.99999999999999999957 3.00000000000000000000
-4.00000000000000000043 -0.99999999999999999946 -1.00000000000000000043 -2.00000000000000000000
3.54118016077845113357 -4.26929599274605034442 -4.44973187319072650695 -3.59425703623603690767
2.85295040194612783404 -3.17323998186512586128 2.87567031702318373241 -0.48564259059009226962
4.00000000000000000000 2.00000000000000000043 -1.99999999999999999978 2.99999999999999999935
-4.00000000000000000000 -1.00000000000000000043 -1.00000000000000000022 -1.99999999999999999957
4.08352437160548749524 -1.66937395189490851146 -2.66583701474188287505 -5.66518202638021146087
3.79118907098628126124 -3.32656512026272871939 0.66459253685470718958 -2.33704493404947134826
4.00000000000000000000 1.99999999999999999978 -2.00000000000000000022 3.00000000000000000000
-4.00000000000000000000 -1.00000000000000000033 -1.00000000000000000033 -1.99999999999999999978
4.21265747773046736122 -3.49937454155176603512 -2.10503038242768460110 -4.66163331592322507674
3.46835630567383159783 1.24843635387941508618 -0.73742404393078849183 -4.84591671019193730684
4.00000000000000000000 2.00000000000000000000 -2.00000000000000000043 3.00000000000000000000
-4.00000000000000000000 -0.99999999999999999989 -1.00000000000000000054 -2.00000000000000000000

1
-1.00000000000000000000 -4.00000000000000000000 0.00000000000000000000 4.00000000000000000000
-1.00000000000000000022 -5.00000000000000000000 -5.00000000000000000000 -4.00000000000000000000
-3.00000000000000000000 -4.00000000000000000000 0.00000000000000000000 -1.00000000000000000000
-4.00000000000000000043 2.00000000000000000000 -0.00000000000000000022 -2.99999999999999999978

4
1.29920470473776933644 -4.79469508775226382772 0.43819576069474911915 4.52413769417436717728
1.89761411421330800889 1.61591473674320851739 4.31458728208424735755 -0.42758691747689846793
-3.00000000000000000000 -1.00000000000000000000 -4.00000000000000000000 1.00000000000000000000
0.00000000000000000011 2.00000000000000000000 -3.00000000000000000000 3.00000000000000000000
1.49418188206412804451 -4.67918029503470211429 0.79195062046918720329 3.88152230922126750216
5.51745435380761586625 0.03754088510410634249 0.62414813859243839012 -1.64456692766380250647
-2.99999999999999999957 -1.00000000000000000033 -4.00000000000000000087 1.00000000000000000011
-0.00000000000000000033 2.00000000000000000022 -2.99999999999999999957 3.00000000000000000000
2.45468046099307652514 -5.11457255699808333157 -0.88048278599209863274 3.93007953700355952683
5.36404138297922957607 0.65628232900575000491 0.35855164202370410145 -2.20976138898932141950
-2.99999999999999999957 -1.00000000000000000011 -4.00000000000000000087 0.99999999999999999989
-0.00000000000000000010 2.00000000000000000000 -2.99999999999999999978 3.00000000000000000000
2.58181884244230194976 -4.98027753265351861905 -0.44930737951042369410 3.32234172507203685061
2.25454347267309415030 0.94083259796055585688 4.34792213853127108240 0.03297482478388944838
-3.00000000000000000000 -1.00000000000000000000 -4.00000000000000000000 0.99999999999999999989
0.00000000000000000035 2.00000000000000000000 -3.00000000000000000022 2.99999999999999999957

2
-0.72727272727272727313 1.52272727272727272758 0.95454545454545454539 0.44245278031663147700
0.09090909090909090641 1.09090909090909091096 -4.18181818181818181846 1.76981112126652590855
-0.99999999999999999946 0.99999999999999999962 -5.00000000000000000000 -0.00000000000000000033
-2.99999999999999999978 -1.00000000000000000011 4.00000000000000000000 -0.00000000000000000011
-0.72727272727272727307 1.52272727272727272725 0.95454545454545454544 -0.44245278031663147749
0.09090909090909090706 1.09090909090909090923 -4.18181818181818181846 -1.76981112126652591040
-0.99999999999999999957 0.99999999999999999973 -5.00000000000000000000 0.00000000000000000022
-2.99999999999999999913 -1.00000000000000000054 4.00000000000000000000 0.00000000000000000049

4
1.35514018691588785021 3.68224299065420560754 1.25233644859813084116 -1.06291720986227297468
0.46728971962616822457 0.47663551401869158871 2.62149532710280373836 1.59437581479340946197
1.99999999999999999978 -5.00000000000000000000 -1.00000000000000000000 -0.00000000000000000011
1.00000000000000000000 -3.00000000000000000000 -5.00000000000000000000 0.00000000000000000000
1.35514018691588785054 3.68224299065420560776 1.25233644859813084084 1.06291720986227297458
0.46728971962616822414 0.47663551401869158831 2.62149532710280373880 -1.59437581479340946197
1.99999999999999999946 -5.00000000000000000000 -0.99999999999999999989 0.00000000000000000033
1.00000000000000000022 -3.00000000000000000000 -5.00000000000000000000 -0.00000000000000000011
3.59813084112149532737 3.57009345794392523319 0.63551401869158878567 -1.82334029501525727744
-1.10280373831775700883 -0.64485981308411215000 2.45327102803738317845 -2.73501044252288591572
1.99999999999999999946 -4.99999999999999999957 -0.99999999999999999967 0.00000000000000000157
1.00000000000000000011 -3.00000000000000000000 -5.00000000000000000000 -0.00000000000000000038
3.59813084112149532737 3.57009345794392523340 0.63551401869158878513 1.82334029501525727787
-1.10280373831775700905 -0.64485981308411214989 2.45327102803738317780 2.73501044252288591637
1.99999999999999999978 -5.00000000000000000000 -0.99999999999999999989 -0.00000000000000000060
1.00000000000000000000 -3.00000000000000000000 -5.00000000000000000000 0.00000000000000000000

