2
-4.53047144031247238458 -3.39277500684894222542 -2.02031429354164825682 1.25507857338541206366
-5.53047144031247238502 2.60722499315105777436 -6.02031429354164825726 0.25507857338541206356
-5.64785358023435428865 -3.04458125513670666918 1.23476427984376380727 1.44130893003905904775
-6.53047144031247238545 0.60722499315105777425 -2.02031429354164825726 3.25507857338541206345
0.87529902651936893651 -0.23940890119703478749 1.58353268434624595731 0.35411682891343851116
-0.12470097348063106327 5.76059109880296521273 -2.41646731565375404247 -0.64588317108656148906
-1.59352573011047329746 -0.67955667589777609045 3.93764951325968446836 0.76558762168507888323
-1.12470097348063106349 3.76059109880296521251 1.58353268434624595731 2.35411682891343851127

8
3.34726671948371406378 -2.76403803218081844115 -5.70127373285829577854 4.16271559806096866103
-2.34726671948371406378 -2.23596196781918155885 -0.29872626714170422157 3.83728440193903133897
0.00000000000000000014 -5.00000000000000000000 -5.00000000000000000000 -3.00000000000000000000
-2.04180015845114219111 0.29211409654245532302 -1.89617880142511266461 -5.48814679418290598308
3.45219121118782545400 -3.69481396866201927112 -5.28496188825580063761 4.36869472751039096070
-2.45219121118782545400 -1.30518603133798072910 -0.71503811174419936228 3.63130527248960903930
0.00000000000000000047 -4.99999999999999999957 -4.99999999999999999957 -3.00000000000000000022
-5.64342636643652363800 -1.08444190598605781292 -4.85488566476740191326 -3.89391581746882711745
3.56369929514146698024 -3.59618825904301990786 -5.61447916874167780778 4.27679704821716741379
-3.43630070485853302020 -2.59618825904301990851 -1.61447916874167780865 4.27679704821716741379
0.00000000000000000000 -5.00000000000000000000 -5.00000000000000000000 -3.00000000000000000000
-5.30890211457559906211 -0.78856477712905972738 -5.84343750622503342769 -4.16960885534849775734
3.57490031776223047438 -2.64507395564616302444 -5.83265595500455591351 3.99864952003477202159
-3.42509968223776952562 -1.64507395564616302423 -1.83265595500455591394 3.99864952003477202159
0.00000000000000000000 -5.00000000000000000000 -5.00000000000000000000 -3.00000000000000000000
-2.72470095328669142378 -0.06477813306151092645 -1.50203213498633225947 -4.99594856010431606456
4.09212490899448349743 -3.58273518543034469796 -4.19309761290206770446 3.97099581926896505794
-3.09212490899448349787 -1.41726481456965530160 -1.80690238709793229619 4.02900418073103494185
-0.00000000000000000002 -5.00000000000000000000 -5.00000000000000000000 -3.00000000000000000000
-3.72362527301654950684 -0.74820555629103409324 -1.57929283870620311403 -5.08701254219310482641
4.22944021445141580921 -2.60953306978534525329 -4.19609635726368601985 3.61447218310928960984
-3.22944021445141580943 -2.39046693021465474693 -1.80390364273631398037 4.38552781689071039060
0.00000000000000000000 -5.00000000000000000000 -5.00000000000000000000 -3.00000000000000000000
-4.68832064335424742851 -0.17140079064396424079 -6.41171092820894194132 -3.84341654932786882864
4.37753704274959014667 -3.45365170437719042670 -4.22589724909391963687 3.77102217682228860966
-2.62246295725040985333 -2.45365170437719042648 -0.22589724909391963666 3.77102217682228860944
0.00000000000000000008 -5.00000000000000000000 -5.00000000000000000000 -3.00000000000000000000
-2.86738887175122955913 -0.36095511313157128063 -1.67769174728175890824 -5.68693346953313417190
4.39872683388164757321 -2.50078795564784703504 -4.42703105179515498790 3.48666693939558625407
-2.60127316611835242700 -1.50078795564784703525 -0.42703105179515498839 3.48666693939558625407
0.00000000000000000018 -5.00000000000000000000 -4.99999999999999999957 -3.00000000000000000022
-5.19618050164494272008 -0.49763613305645889543 -5.71890684461453503631 -3.46000081818675876135

4
-3.75327058326198077483 3.73558612610313757127 -5.14219969655558284231 4.58519054843914694239
-8.01308233304792309933 2.94234450441255028551 1.43120121377766863096 0.34076219375658776912
-4.25981174978594232493 0.20675837830941271402 -3.42659908966674852694 2.75557164531744082717
-6.50654116652396154966 1.47117225220627514265 3.71560060688883431537 2.17038109687829388478
-2.83940502730706516733 3.61670011490168620029 -5.01927359954612595759 3.09064914296520810533
-5.64237989077173933070 5.53319954039325519928 2.07709439818450382971 1.63740342813916757957
-2.48178491807880449802 2.14989965529494139957 -2.94217920136162212766 3.72805257110437568489
-5.32118994538586966535 2.76659977019662759986 4.03854719909225191518 2.81870171406958379043
-2.67809311118883952335 3.69528797147210382162 -4.96136675786266034176 3.10443648622317610892
-6.28762755524464190659 5.21884811411158471353 1.84546703145064136639 1.58225405510729556454
-2.96572066643348143016 1.91413608558368853515 -3.11589972641201897515 3.68669054133047167368
-5.64381377762232095373 2.60942405705579235720 3.92273351572532068309 2.79112702755364778325
-2.46734424494778414394 4.36206306015364362206 -4.68058511357099943633 4.69509878248309537241
-2.86937697979113657534 5.44825224061457448867 3.27765954571600225511 0.78039512993238149005
-0.40203273484335243194 2.08618918046093086618 -2.04175534071299830900 3.08529634744928611700
-3.93468848989556828789 2.72412612030728724412 4.63882977285800112734 2.39019756496619074481

6
0.09958279192925028234 -3.13107140127374371165 1.39809494691993292496 0.45619142251021799434
-0.09958279192925028212 -1.86892859872625628835 -2.39809494691993292485 -5.45619142251021799423
-0.03319426397641676065 3.04369046709124790396 -2.79936498230664430821 -4.15206380750340599793
-1.13277705590566704305 1.17476186836499161550 1.80254007077342276672 -5.60825523001362399259
1.94681323126876131805 -3.22420907048413922578 2.39156341849748507776 -2.77258111011682650371
-1.94681323126876131805 -1.77579092951586077422 -3.39156341849748507776 -2.22741888988317349629
-0.64893774375625377254 3.07473635682804640867 -3.13052113949916169266 -3.07580629662772449848
-3.59575097502501509102 1.29894542731218563434 0.47791544200335322963 -1.30322518651089799564
2.58630363677253185943 -2.09678841866079992561 0.36574313238186587451 2.31133481975893590897
-3.41369636322746814079 -1.09678841866079992550 -4.63425686761813412570 -2.68866518024106409082
-1.13789878774248938019 3.30107052711306669154 -3.54475228920604470842 -3.22955506008035469708
-5.55159515096995752077 2.20428210845226676571 -1.17900915682417883347 -1.91822024032141878833
3.68010245979764402712 -1.14353457780492322833 0.19770216325251443470 1.35746796942932808697
-2.31989754020235597288 -0.14353457780492322844 -4.80229783674748556509 -3.64253203057067191303
-1.22670081993254800911 2.38117819260164107604 -2.39923405441750481142 -4.45248932314310936261
-4.09319672026980796399 3.47528722959343569542 -1.40306378232998075345 -3.19004270742756255086
4.94790085420401297336 -1.20745718592625275473 0.87954331654669605251 -0.85851577877676217196
-1.05209914579598702653 -0.20745718592625275484 -4.12045668345330394749 -5.85851577877676217175
-1.64930028473467099126 2.40248572864208425151 -2.62651443884889868410 -3.71382807374107927608
-2.40279886106131603538 3.39005708543166299354 -0.49394224460440526317 -6.14468770503568289566
5.06075518675687990432 -2.22155068168522083554 1.69654060464235557915 -2.01375696508765563179
-0.93924481324312009524 -1.22155068168522083554 -3.30345939535764442085 -7.01375696508765563179
-0.31308160441437336537 3.25948310610492638815 -3.10115313178588147347 -4.67125232169588521045
-2.25232641765749346040 2.03793242441970555261 0.59538747285647410556 -7.68500928678354084268

10
-4.24022695145961297115 -0.87534005519528710671 0.36341022380031215550 -3.65011273174154178556
3.75977304854038702885 -3.87534005519528710693 -3.63658977619968784437 1.34988726825845821401
-3.62011347572980648579 -6.43767002759764355238 1.18170511190015607760 2.67494363412922910809
4.18994326213509675700 0.28116498620117822359 -0.90914744404992196120 -2.66252818293538544617
-4.08999053048275247211 -0.68655377838836841400 -2.47522976538654819055 0.35186876943014435543
2.08999053048275247190 1.68655377838836841443 -1.52477023461345180923 2.64813123056985564446
-4.45500473475862376459 -3.65672311080581579137 2.23761488269327409690 3.32406561528492782136
4.22750236737931188186 0.32836155540290789639 -1.61880744134663704780 -1.66203280764246391112
-3.87998340878785957439 1.76635988716911007917 -3.41888886256771533790 0.73267829630786909443
1.87998340878785957428 -0.76635988716911007917 -0.58111113743228466210 2.26732170369213090547
-3.43999170439392978763 -5.11682005641544496036 -0.70944443128385766722 4.86633914815393454640
4.28000414780303510640 0.94158997179227751977 -1.85472221564192883475 -1.56683042592303272637
-3.41015057415976527411 3.01512610552272913942 -1.76210991940548807131 2.05562864644487146531
1.41015057415976527411 -2.01512610552272913942 -2.23789008059451192869 0.94437135355512853469
-3.20507528707988263760 -4.49243694723863543072 0.11894504029725596500 5.52781432322243573146
4.39746235646005868142 1.25378152638068228486 -1.44052747985137201794 -1.23609283838878213351
-3.32118595962443087814 1.56737415994559161389 3.60423898448227006202 -1.06228678104773957764
4.67881404037556912229 -1.43262584005440838622 -0.39576101551772993755 3.93771321895226042225
-3.16059297981221543885 -5.21631292002720419300 2.80211949224113503155 3.96885660947613021113
4.41970351009389228036 0.89184353998639790344 -0.09894025387943248439 -2.01557169526193489433
-3.30538096769020733282 1.39885584903392261465 0.29155132446084782620 2.56116411729336356266
1.30538096769020733293 -0.39885584903392261465 -4.29155132446084782620 0.43883588270663643734
-4.84730951615489633402 -4.69942792451696130700 0.85422433776957608684 2.21941794135331821802
4.42365475807744816701 0.84971396225848065361 -0.92711216888478804345 -1.10970897067665910912
-3.27628835088173710243 -1.15539798523830124525 -1.71112207942507293912 -0.62007509327225973530
1.27628835088173710243 2.15539798523830124525 -2.28887792057492706088 3.62007509327225973530
-4.86185582455913144900 -3.42230100738084937716 1.85556103971253646978 3.81003754663612986754
3.56907208772043427550 1.78884949630957531153 -0.57221948014373176516 -2.09498122668193506612
-3.27179234216802128474 0.75128877476394342666 -3.37947825922407505588 -0.81794159505205993300
1.27179234216802128452 0.24871122523605657345 -0.62052174077592494369 3.81794159505205993300
-3.13589617108401064313 -5.62435561261802828602 -0.68973912961203752620 4.09102920247397003339
3.56794808554200532113 1.31217780630901414334 -0.15513043519398123592 -2.04551460123698501670
-2.45827924960547361598 1.01878409973282012550 1.17343633033859303728 1.68326632347932429105
0.45827924960547361641 -0.01878409973282012572 -5.17343633033859303695 1.31673367652067570938
-5.27086037519726319104 -4.50939204986641006302 0.41328183483070348180 2.65836683826033785545
3.36456981240136840405 1.24530397506679496860 -1.29335908258464825924 -2.67081658086983107260
-2.35753774309385447702 3.18128126177686046958 -0.15552783090990789132 1.75640688128835713126
0.35753774309385447680 -2.18128126177686046958 -3.84447216909009210862 1.24359311871164286852
-2.67876887154692723872 -4.40935936911156976543 0.92223608454504605431 5.37820344064417856563
3.33938443577346361947 0.70467968455578488271 -0.96111804227252302716 -2.68910172032208928260

14
-0.22958486446699140565 2.61735855922168098638 -3.68875459340097422390 -3.57139603417929323622
2.77041513553300859586 2.61735855922168098920 -4.68875459340097421913 -3.57139603417929323232
1.54083027106601718945 1.23471711844336197428 -1.37750918680194844553 -6.14279206835858647071
-3.77041513553300859543 -3.61735855922168098812 -3.31124540659902577913 1.57139603417929323383
-0.22795530779112293748 2.84229670923701732070 -3.68386592337336882209 -3.67490254746968483378
2.77204469220887706480 2.84229670923701732222 -4.68386592337336881559 -3.67490254746968482771
1.54408938441775412634 1.68459341847403464237 -1.36773184674673764071 -6.34980509493936966410
-4.22795530779112293954 -4.15770329076298268082 -4.68386592337336882860 0.32509745253031515993
0.07711301418075159016 2.46185502363458597985 -2.76866095745774523531 -3.80680593382315925460
3.07711301418075158982 2.46185502363458598289 -3.76866095745774523640 -3.80680593382315924983
1.84577397163849681950 3.07628995273082804160 -0.46267808508450952997 -3.38638813235368148907
-3.92288698581924840953 -4.53814497636541402167 -3.76866095745774523466 0.19319406617684074318
0.09453663295573738650 3.15756105492622898140 -2.71639010113278783418 -2.05882904620655885386
3.09453663295573738702 3.15756105492622898248 -3.71639010113278783244 -2.05882904620655884779
2.18907326591147477339 2.31512210985245796366 0.56721979773442433268 -3.11765809241311770382
-4.09453663295573738702 -4.15756105492622898183 -4.28360989886721216669 0.05882904620655885061
0.09480458303724360960 2.26911874950651712684 -2.71558625088826917056 -3.61313416804841870938
3.09480458303724360967 2.26911874950651712641 -3.71558625088826917013 -3.61313416804841870938
1.81039083392551278099 3.46176250098696574480 -0.56882749822346165844 -3.77373166390316258298
-4.09480458303724361010 -3.26911874950651712207 -4.28441374911173083161 1.61313416804841871317
0.10148156716947234992 3.39135816750467614122 -2.69555529849158294667 -2.13753046432024013980
3.10148156716947235039 3.39135816750467614274 -3.69555529849158294559 -2.13753046432024013655
2.20296313433894469990 2.78271633500935228330 0.60888940301683410736 -3.27506092864048027830
-3.89851843283052764983 -3.60864183249532385813 -3.69555529849158294602 1.86246953567975986150
0.27604214793810472633 2.57118135767461899284 -2.17187355618568581289 -2.76735886517773348658
3.27604214793810472853 2.57118135767461898937 -3.17187355618568580596 -2.76735886517773348463
1.44791570412379054880 2.85763728465076201194 -1.65625288762862836987 -5.46528226964453302554
-4.27604214793810472918 -3.57118135767461898807 -4.82812644381431419621 0.76735886517773348409
0.30230820768420017922 2.83718034614033363396 -2.09307537694739945883 -2.75589503080706582552
3.30230820768420018025 2.83718034614033363353 -3.09307537694739945579 -2.75589503080706582465
1.39538358463159964200 2.32563930771933273164 -1.81384924610520108061 -5.48820993838586834897
-3.69769179231579982149 -4.16281965385966636582 -3.09307537694739946100 1.24410496919293417405
0.38373318417362337209 2.75066641806715006047 -3.84880044747912989159 -3.26480069607864649699
2.61626681582637662482 3.24933358193284994148 -3.15119955252087010191 -2.73519930392135350084
2.76746636834724674277 1.50133283613430012202 -1.69760089495825977970 -5.52960139215729299311
-3.61626681582637662439 -4.24933358193284994170 -4.84880044747912989896 0.73519930392135350052
0.40057863395684083300 2.55651994548362360821 -3.79826409812947750561 -3.07507748597918723022
2.59942136604315916499 3.44348005451637639417 -3.20173590187052249049 -2.92492251402081276956
2.80115726791368166567 1.11303989096724721686 -1.59652819625895501035 -5.15015497195837446045
-4.40057863395684083132 -3.55651994548362360973 -3.20173590187052249743 1.07507748597918722990
0.57905695018035102222 2.85398380585614059451 -3.26282914945894693057 -2.24217867693613966996
2.42094304981964897924 3.14601619414385940505 -3.73717085054105306987 -3.75782132306386032830
3.15811390036070204607 1.70796761171228118881 -0.52565829891789386211 -3.48435735387227933776
-4.57905695018035102228 -3.85398380585614059451 -3.73717085054105306943 0.24217867693613966959
0.60447689085317191446 3.11857259586639763639 -3.18656932744048425571 -2.23466339824075328670
2.39552310914682808646 2.88142740413360236382 -3.81343067255951574451 -3.76533660175924671199
3.20895378170634382946 2.23714519173279527300 -0.37313865488096851152 -3.46932679648150657254
-3.39552310914682808321 -3.88142740413360236296 -4.18656932744048425636 1.76533660175924671611
0.69762992663792262372 2.38493876661875992733 -2.90711022008623213046 -3.35550478680080553574
2.30237007336207737508 3.61506123338124007375 -4.09288977991376786954 -2.64449521319919446361
0.60474014672415475256 3.23012246676248014534 -0.18577955982753573897 -4.28899042639838892852
-3.30237007336207737682 -4.61506123338124007224 -3.90711022008623213046 0.64449521319919446453
0.79647511087547501847 2.54968074034801392143 -2.61057466737357494200 -2.89422726035889435383
2.20352488912452498327 3.45031925965198607771 -4.38942533262642505714 -3.10577273964110564595
0.40704977824904996447 2.90063851930397215650 -0.77885066525285011547 -5.21154547928221129234
-3.20352488912452498392 -4.45031925965198607706 -3.61057466737357494330 1.10577273964110564585

12
-2.82379644206244592806 2.53684545550424957660 4.12158642947082972871 -2.69657945005862892504
-0.82379644206244592811 -2.46315454449575042340 1.12158642947082972871 -3.69657945005862892526
-1.29518576824978371201 -1.85261817798300169359 -4.51365428211668108516 -1.78631780023451570039
-4.17620355793755407411 1.46315454449575042231 -5.12158642947082972828 -4.30342054994137107431
-2.63121091186187550581 2.83214326847845755848 4.10874739412412503387 -3.74938034848841390562
-0.63121091186187550548 -2.16785673152154244130 1.10874739412412503365 -4.74938034848841390519
-0.52484364744750202194 -0.67142692608616976564 -4.56501042350349986541 -5.99752139395365562033
-4.36878908813812449332 1.16785673152154244173 -5.10874739412412503387 -3.25061965151158609351
-2.58457199567227378814 2.50365627330251352425 4.23897146637815158601 -2.40433975699156995617
-0.58457199567227378809 -2.49634372669748647554 1.23897146637815158601 -3.40433975699156995617
-0.33828798268909515256 -1.98537490678994590259 -4.04411413448739365598 -0.61735902796627982513
-5.58457199567227378966 0.50365627330251352311 -4.76102853362184841356 -3.40433975699156995487
-2.30672363208544783258 2.92969043080231332401 4.22044824213902985532 -3.92324414459955185096
-0.30672363208544783247 -2.07030956919768667599 1.22044824213902985510 -4.92324414459955185053
0.77310547165820866968 -0.28123827679074670438 -4.11820703144388057916 -6.69297657839820740386
-5.30672363208544783150 0.92969043080231332418 -4.77955175786097014555 -4.92324414459955184750
-1.73050155651394598551 2.74656428001194948788 3.64870010376759639913 -2.13992482439042860844
-0.26949844348605401430 -1.74656428001194948809 1.35129989623240360066 -4.86007517560957139112
0.92200622605578394270 1.01374287995220204806 -3.59480041507038559738 -6.44030070243828556449
-5.26949844348605401330 1.25343571998805051104 -4.64870010376759640065 -4.86007517560957138765
-1.63424421360314017185 3.29415887247518506908 3.50894961424020934509 -2.26613163230283372438
0.36575578639685982834 -1.70584112752481493070 0.50894961424020934498 -3.26613163230283372416
0.53697685441256068697 -1.17663548990074027655 -3.03579845696083738035 -5.93547347078866510293
-5.36575578639685982652 0.70584112752481493211 -4.50894961424020934704 -4.73386836769716627281
-1.44397479963392360604 3.58590530722798380391 3.49626498664226157374 -3.30627109533455095305
0.55602520036607639391 -1.41409469277201619609 0.49626498664226157374 -4.30627109533455095305
-0.22410080146430557584 -2.34362122891193521584 -2.98505994656904629476 -1.77491561866179618735
-5.55602520036607639385 0.41409469277201619620 -4.49626498664226157374 -3.69372890466544904695
-1.44184768803746463052 3.18916687834255423357 3.62945651253583097522 -3.71789930539519335520
-0.55815231196253536954 -2.18916687834255423379 1.37054348746416902478 -3.28210069460480664480
-0.23260924785014147772 -0.75666751337021693449 -3.51782605014332390089 -0.12840277841922657963
-5.55815231196253537078 0.81083312165744576589 -4.62945651253583097436 -3.28210069460480664328
-1.41915570675252249297 2.82396124964613217724 3.76127704711683483315 -2.24194880308621037027
-0.58084429324747750747 -1.82396124964613217702 1.23872295288316516695 -4.75805119691378963038
-0.32337717298991002944 0.70415500141547129160 -4.04510818846733933261 -6.03220478765515852023
-4.41915570675252249036 0.82396124964613217642 -5.23872295288316516771 -3.24194880308621036702
-1.26855965672234774759 3.45487519302573345306 3.61790397711482318338 -2.66520720991783231042
0.73144034327765225241 -1.54512480697426654694 0.61790397711482318338 -3.66520720991783231042
-0.92576137311060900962 -1.81950077210293381202 -3.47161590845929273353 -4.33917116032867075832
-4.26855965672234774488 1.45487519302573345458 -5.38209602288517681814 -3.66520720991783230912
-1.24594763034811621704 3.48954696679955513310 3.61639650868987441463 -2.78881962076363134392
0.75405236965188378274 -1.51045303320044486690 0.61639650868987441474 -3.78881962076363134392
-1.01620947860753513140 -1.95818786719822053241 -3.46558603475949765851 -3.84472151694547462433
-4.24594763034811621509 1.48954696679955513451 -5.38360349131012558624 -3.78881962076363134348
-1.18948181163228831024 3.17612788883049125760 3.74596545410881922060 -3.49749942974349057071
-0.81051818836771168981 -2.17612788883049125760 1.25403454589118077940 -3.50250057025650942885
-1.24207275347084675904 -0.70451155532196503063 -3.98386181643527688238 -1.01000228102603771638
-4.18948181163228831111 1.17612788883049125749 -5.25403454589118077897 -4.49749942974349057028

16
1.10513985381118218308 4.02003302522857055169 3.62876457439006028173 -3.11729797218012670210
0.05256992690559109154 -4.98998348738571472416 1.31438228719503014087 -0.05864898609006335099
-1.15770978071677327435 -2.03004953784285582731 -2.94314686158509042271 -2.82405304172980994686
-1.94743007309440890862 0.01001651261428527579 -4.68561771280496985924 0.94135101390993664895
1.10693375960380883407 4.29704673202059994098 3.29383665812994770247 -2.50834619211569581892
0.05346687980190441714 -4.85147663398970002951 1.14691832906497385124 0.24582690394215209054
-1.16040063940571325186 -2.44557009803089991148 -2.44075498719492155371 -3.73748071182645627162
-0.05346687980190441633 -0.14852336601029997066 -5.14691832906497385124 0.75417309605784790924
1.27437786566913951113 3.85535757573351465306 3.58944189718298710119 -2.19138076423137163266
1.86281106716543024460 -4.92767878786675732642 0.70527905140850644930 -0.40430961788431418367
-1.41156679850370926632 -1.78303636360027197971 -2.88416284577448065189 -4.21292885365294255112
-0.13718893283456975389 0.07232121213324267358 -5.29472094859149355114 0.59569038211568581557
1.28340601115511738757 3.57373447673022777947 3.91475021230656232201 -2.81335908750153018860
1.85829699442244130605 -4.78686723836511388974 0.54262489384671883899 -0.09332045624923490570
-1.42510901673267608119 -1.36060171509534166921 -3.37212531845984348324 -3.27996136874770471709
-1.85829699442244130594 -0.21313276163488611021 -4.54262489384671883921 1.09332045624923490570
2.46233558232276608115 3.44196817789956259438 2.42236837126865237231 -4.75095949724036658093
0.73116779116138304058 -5.27901591105021870303 0.71118418563432618616 -0.87547974862018329058
-3.19350337348414912162 -1.16295226684934389135 -1.13355255690297855847 -0.37356075413945012817
-1.26883220883861696018 -0.27901591105021870368 -5.28881581436567381471 0.12452025137981670693
2.49496025313808923642 4.31696137366340643680 3.72670199721058734523 -1.23467437877732963576
0.74748012656904461832 -4.84151931316829678160 1.36335099860529367262 0.88266281061133518206
-4.75755962029286614537 -1.52455793950489034479 -0.90994700418411898172 -0.35201156816599445251
-1.25251987343095538135 0.15848068683170321808 -4.63664900139470632793 1.88266281061133518098
2.78658940061275422887 3.58163784788716023518 1.80080942167755179626 -4.53015390814498194409
0.89329470030637711444 -5.20918107605641988230 0.40040471083877589824 -0.76507695407249097183
-3.67988410091913134320 -1.37245677183074035266 -0.20121413251632769444 -0.70476913778252708409
-0.89329470030637711465 0.20918107605641988187 -4.40040471083877589992 1.76507695407249096987
2.78777907005603159851 2.93298298867983839246 2.57752971550574969031 -4.62417851025263062972
1.10611046497198420063 -4.46649149433991919612 1.21123514224712515485 0.81208925512631531475
-3.68166860508404739788 -0.39947448301975758825 -1.36629457325862453513 -0.56373223462105405477
-1.10611046497198420096 -0.53350850566008080518 -5.21123514224712515528 0.18791074487368468314
2.85439589448907957039 4.44164619308798462767 3.07387031600970704842 -1.05621728040352170434
0.92719794724453978520 -4.77917690345600768616 1.03693515800485352410 0.97189135979823914772
-4.21840615826638064452 -1.33753071036802305828 -1.88919452598543942748 -0.08432592060528255580
-0.92719794724453978509 -0.22082309654399231427 -5.03693515800485352432 0.02810864020176085027
2.89063449387763426405 3.77806308594100762857 3.81943600544210287630 -1.19243040929715235434
1.05468275306118286798 -4.88903154297050381418 0.59028199727894856179 -0.90378479535142382294
-4.16404825918354860393 -2.33290537108848855747 -0.77084599183684568522 -0.28864561394572853074
-1.05468275306118286787 -0.11096845702949618566 -4.59028199727894856228 1.90378479535142382207
3.12285493962462427486 3.06804326645617854896 1.94635116477811175560 -4.41639946436297366542
0.93857253018768786263 -4.53402163322808927481 1.52682441761094412204 0.70819973218148683249
-4.18428240943693641228 -0.60206489968426782366 -0.41952674716716763356 -0.87540080345553950231
-1.06142746981231213732 0.46597836677191072457 -4.47317558238905587861 1.70819973218148683119
3.25994595624344082538 3.89854153715557150053 3.15782581667249704401 -1.02586087325599358542
0.87002702187827958726 -4.94927076857778575026 0.92108709166375147799 -0.98706956337200320740
-3.61008106563483876172 -2.15218769426664274921 -1.76326127499125443398 -0.03879130988399037694
-1.12997297812172041291 0.05072923142221424974 -5.07891290833624852201 0.01293043662799679130
4.45601116386263488818 3.75947672650295180671 1.65021229878876898823 -2.98408751205687532843
1.72800558193131744409 -5.12026163674852409675 0.32510614939438449417 0.00795624397156233573
-1.81598325420604766794 -2.36078491024557228983 -4.02468155181684651700 -2.97613126808531299286
-1.72800558193131744322 0.12026163674852409648 -4.32510614939438449520 0.99204375602843766427
4.48939908113101042312 3.46747816914790296747 1.95386748343910184663 -3.63538778284288291746
1.74469954056550521156 -5.26626091542604851626 0.47693374171955092331 -0.31769389142144145878
-1.76590137830348436576 -2.79878274627814554857 -3.56919877484134722995 -3.95308167426432437597
-0.25530045943449478654 -0.26626091542604851691 -5.52306625828044907810 0.68230610857855854040
4.55417074718547435505 3.34729764471729795972 2.00740378027957835135 -2.58372404753807098296
0.22291462640726282247 -4.67364882235864897986 1.49629810986021082432 -0.20813797623096450852
-1.66874387922178846698 -2.97905353292405306043 -3.48889432958063247341 -2.37558607130710647444
-1.77708537359273717666 0.32635117764135101974 -4.50370189013978917611 0.79186202376903549175
4.59743448546866611713 3.05109271915223480157 2.30228045736118567405 -3.24691188065672773429
0.20128275726566694133 -4.52554635957611740057 1.34885977131940716298 0.12345594032836386714
-1.60384827179700082387 -3.42336092127164779786 -3.04657931395822148893 -3.37036782098509160154
-0.20128275726566693932 -0.47445364042388260041 -5.34885977131940716384 0.87654405967163613253

