1
0.23333329999999999997 -0.46666659999999999999
-0.23333329999999999994 0.46666660000000000002

1
0.7071067812 -0.7071067812
0.7071067812 -0.7071067812

2
0.99999999999999999995 -0.00000000000000000005
-0.49999999999999999989 0.86602540378443864679
1.00000000000000000000 0.00000000000000000000
-0.49999999999999999984 -0.86602540378443864690

2
-0.00000000000000000002 0.00000000000000000000
2.23629205920957621818 2.64556191118563567349
0.00000000000000000000 0.00000000000000000000
3.30216947925196224419 1.04674578112205663263

2
1.35352859362108122999 9.90797458344792781465
8.00000000000000000781 9.00000000000000005725
9.68095416499960843316 2.50581852000034805729
8.00000000000000004857 9.00000000000000001301

