3
7.19999999999999999983 5.39999999999999999965
8.80000000000000000017 6.59999999999999999948
7.19999999999999999983 8.60000000000000000035
8.80000000000000000017 7.40000000000000000009
8.00000000000000000000 6.99999999999999999957
8.00000000000000000000 7.00000000000000000000

4
1.67382321662395786434 4.78976248614603999356
3.06285028743326886470 -0.01119614693536839740
1.82576527074590461044 4.43220991268976479294
4.12275070553541686785 0.43920879669131877762
4.74090774020566137897 4.65557053412184831780
3.07905772264241753083 0.35924017914156047886
4.83660402491678242162 5.03209736143763165881
4.19520391015539123722 0.07556572199618911246

4
5.21448751890197011432 -6.61884581443136321916
-5.21448751890197011389 6.61884581443136321959
5.29289321881345247540 -6.70710678118654752460
-6.70710678118654752417 5.29289321881345247583
6.61884581443136321916 -5.21448751890197011432
-6.61884581443136321872 5.21448751890197011432
6.70710678118654752460 -5.29289321881345247540
-5.29289321881345247540 6.70710678118654752460

4
5.19322956611434410727 -6.59086501589445159345
-5.19322956611434410684 7.59086501589445159389
5.26519655537251206638 -6.67828010273306578492
-6.73480344462748793362 6.32171989726693421508
6.65341580129779646769 -5.24300079880203402996
-6.65341580129779646769 6.24300079880203402996
6.73480344462748793319 -5.32171989726693421595
-5.26519655537251206551 7.67828010273306578535

4
7.93181582834841204539 2.85418941947511663323
1.11391039180876682841 27.10441344851045974811
8.29508433584327959168 2.09454807881183986164
-6.79677833556805114463 23.32143859785068592747
11.99701499855561464235 5.30093798170438468362
-6.23980355429775819260 22.67838454529084884527
12.49820461559825252040 4.62430813995122705264
0.80642704854155435436 27.89763057836705706719

4
0.67999999999999999995 6.71000000000000000003
0.67999999999999999984 -2.17000000000000000007
0.89930413630310667350 6.39911991739514926861
8.82619626833651300252 3.57657122390784684663
1.14406738280814607200 7.01153927914448230107
9.25821525796876072887 3.40390788721618799302
1.33904018406840472240 6.68484930879219541077
0.69774205206888240257 -1.70509328373452123152

4
4.77756860082614152234 6.05972914667667728311
4.26664983042596836996 8.40403330997391784588
5.09999999999999999991 6.45999999999999999960
6.67999999999999999811 6.45999999999999999830
5.20653495553777628151 5.81766956080368338386
7.47739800054032550166 6.59225398540938775215
5.38248132812197670281 6.30059982198831314585
4.56567005920823497465 7.65308618087535311820

4
1.57291672163878576678 5.96944437114828564813
5.91458334432775715336 6.59388887422965712815
2.47884668675138198778 5.96153775099815735200
5.90423066264972360231 5.40769244980036852899
4.73108327836121423564 1.75855562885171435434
6.54621665567224284617 5.75171112577034287106
4.97715331324861801326 2.63046224900184264861
5.40456933735027639665 6.07390755019963147045

