1
0.00000000000000000000 0.00000000000000000000 1.00000000000000000000
0.00000000000000000000 0.00000000000000000000 0.00000000000000000000
0.00000000000000000000 0.00000000000000000000 -1.00000000000000000000

1
0.99999999999999999995 0.00000000000000000000 0.00000000000000000000
0.99999999999999999967 0.00000000000000000000 -0.00000000058509614341
0.99999999999999999995 1.00000000000000000000 0.00000000000000000000

2
0.00000000000000000000 1.00000000000000000000 0.00000000000000000000
0.00000000000000000000 0.00000000000000000000 1.00000000000000000000
-0.70710678118654752438 -0.50000000000000000000 0.50000000000000000000
0.00000000000000000000 1.00000000000000000000 0.00000000000000000000
0.00000000000000000000 0.00000000000000000000 1.00000000000000000000
0.70710678118654752438 -0.50000000000000000000 0.50000000000000000000

1
-6.00000000000000000000 3.00000000000000000000 2.00000000000000000000
3.00000000000000000000 8.00000000000000000000 -4.00000000000000000000
5.00000000000000000000 0.00000000000000000005 -2.99999999999999999978

2
1.00000000000000000000 1.00000000000000000000 1.00000000000000000000
2.00000000000000000000 2.00000000000000000000 2.00000000000000000000
-2.74290193512622908255 2.20031354588360357916 4.54258838924262550339
1.00000000000000000000 1.00000000000000000000 1.00000000000000000000
2.00000000000000000000 2.00000000000000000000 1.99999999999999999989
-2.95477248347842208010 3.68340738434895456003 3.27136509912946752006

8
0.16666666666666666666 -0.37267799624996494944 -0.86602540000000000000
-0.66666666666666666663 0.37267799624996494941 0.00000000000000000000
0.16666666666666666666 -0.37267799624996494944 0.86602540000000000000
0.16666666666666666666 0.37267799624996494941 -0.86602540000000000000
-0.66666666666666666663 -0.37267799624996494944 0.00000000000000000000
0.16666666666666666666 0.37267799624996494941 0.86602540000000000000
0.33333333333333333332 -0.37267799527282708478 -0.57735026414370756327
-0.83333333333333333332 0.37267799527282708481 -0.28867513585629243672
0.66666666666666666668 0.37267799527282708481 0.57735026414370756327
0.33333333333333333332 0.37267799527282708481 -0.57735026414370756327
-0.83333333333333333332 -0.37267799527282708478 -0.28867513585629243672
0.66666666666666666668 -0.37267799527282708478 0.57735026414370756327
0.50000000000000000000 -0.50000000000000000000 -0.86602540000000000000
-1.00000000000000000000 -0.50000000000000000000 0.00000000000000000000
0.50000000000000000000 -0.50000000000000000000 0.86602540000000000000
0.50000000000000000000 0.50000000000000000000 -0.86602540000000000000
-1.00000000000000000000 0.50000000000000000000 0.00000000000000000000
0.50000000000000000000 0.50000000000000000000 0.86602540000000000000
0.66666666666666666668 -0.37267799527282708478 -0.57735026414370756327
-0.83333333333333333332 -0.37267799527282708478 0.28867513585629243672
0.33333333333333333332 0.37267799527282708481 0.57735026414370756327
0.66666666666666666668 0.37267799527282708481 -0.57735026414370756327
-0.83333333333333333332 0.37267799527282708481 0.28867513585629243672
0.33333333333333333332 -0.37267799527282708478 0.57735026414370756327

2
1.99999999999999999989 3.00000000000000000022 0.00000000000000000043
1.00000000000000000000 1.00000000000000000000 0.00000000000000000008
4.00000000000000000000 5.00000000000000000000 0.00000000000000000014
2.62882096069868995613 2.52838427947598253279 0.10480349344978165914
1.00000000000000000000 1.00000000000000000000 0.00000000000000000005
4.00000000000000000000 5.00000000000000000000 -0.00000000000000000011

