3
7.2000000000 5.4000000000
8.8000000000 6.6000000000
7.2000000000 8.6000000000
8.8000000000 7.4000000000
8.0000000000 7.0000000000
8.0000000000 7.0000000000

4
1.6738232166 4.7897624861
3.0628502874 -0.0111961469
1.8257652707 4.4322099127
4.1227507055 0.4392087967
4.7409077402 4.6555705341
3.0790577226 0.3592401791
4.8366040249 5.0320973614
4.1952039102 0.0755657220

4
5.2144875189 -6.6188458144
-5.2144875189 6.6188458144
5.2928932188 -6.7071067812
-6.7071067812 5.2928932188
6.6188458144 -5.2144875189
-6.6188458144 5.2144875189
6.7071067812 -5.2928932188
-5.2928932188 6.7071067812

4
5.1932295661 -6.5908650159
-5.1932295661 7.5908650159
5.2651965554 -6.6782801027
-6.7348034446 6.3217198973
6.6534158013 -5.2430007988
-6.6534158013 6.2430007988
6.7348034446 -5.3217198973
-5.2651965554 7.6782801027

4
7.9318158283 2.8541894195
1.1139103918 27.1044134485
8.2950843358 2.0945480788
-6.7967783356 23.3214385979
11.9970149986 5.3009379817
-6.2398035543 22.6783845453
12.4982046156 4.6243081400
0.8064270485 27.8976305784

4
0.6800000000 6.7100000000
0.6800000000 -2.1700000000
0.8993041363 6.3991199174
8.8261962683 3.5765712239
1.1440673828 7.0115392791
9.2582152580 3.4039078872
1.3390401841 6.6848493088
0.6977420521 -1.7050932837

4
4.7775686008 6.0597291467
4.2666498304 8.4040333100
5.1000000000 6.4600000000
6.6800000000 6.4600000000
5.2065349555 5.8176695608
7.4773980005 6.5922539854
5.3824813281 6.3005998220
4.5656700592 7.6530861809

4
1.5729167216 5.9694443711
5.9145833443 6.5938888742
2.4788466868 5.9615377510
5.9042306626 5.4076924498
4.7310832784 1.7585556289
6.5462166557 5.7517111258
4.9771533132 2.6304622490
5.4045693374 6.0739075502

15