1
0.0000000000 0.0000000000 1.0000000000
0.0000000003 0.0000000000 0.0000000000
0.0000000000 0.0000000000 -1.0000000000

1
1.0000000000 0.0000000000 0.0000000000
1.0000000000 0.0000000000 0.0000000034
1.0000000000 1.0000000000 0.0000000000

2
0.0000000000 1.0000000000 0.0000000000
0.0000000000 0.0000000000 1.0000000000
-0.7071067812 -0.5000000000 0.5000000000
0.0000000000 1.0000000000 0.0000000000
0.0000000000 0.0000000000 1.0000000000
0.7071067812 -0.5000000000 0.5000000000

1
-6.0000000000 3.0000000000 2.0000000000
3.0000000000 8.0000000000 -4.0000000000
5.0000000000 0.0000000000 -3.0000000000

2
1.0000000000 1.0000000000 1.0000000000
2.0000000000 2.0000000000 2.0000000000
-2.9547724835 3.6834073843 3.2713650991
1.0000000000 1.0000000000 1.0000000000
2.0000000000 2.0000000000 2.0000000000
-2.7429019351 2.2003135459 4.5425883892

8
0.1666666667 -0.3726779962 -0.8660254000
-0.6666666667 0.3726779962 0.0000000000
0.1666666667 -0.3726779962 0.8660254000
0.1666666667 0.3726779962 -0.8660254000
-0.6666666667 -0.3726779962 0.0000000000
0.1666666667 0.3726779962 0.8660254000
0.3333333333 -0.3726779953 -0.5773502641
-0.8333333333 0.3726779953 -0.2886751359
0.6666666667 0.3726779953 0.5773502641
0.3333333333 0.3726779953 -0.5773502641
-0.8333333333 -0.3726779953 -0.2886751359
0.6666666667 -0.3726779953 0.5773502641
0.5000000000 -0.5000000000 -0.8660254000
-1.0000000000 -0.5000000000 0.0000000000
0.5000000000 -0.5000000000 0.8660254000
0.5000000000 0.5000000000 -0.8660254000
-1.0000000000 0.5000000000 0.0000000000
0.5000000000 0.5000000000 0.8660254000
0.6666666667 -0.3726779953 -0.5773502641
-0.8333333333 -0.3726779953 0.2886751359
0.3333333333 0.3726779953 0.5773502641
0.6666666667 0.3726779953 -0.5773502641
-0.8333333333 0.3726779953 0.2886751359
0.3333333333 -0.3726779953 0.5773502641

2
2.0000000000 3.0000000000 0.0000000000
1.0000000000 1.0000000000 0.0000000000
4.0000000000 5.0000000000 0.0000000000
2.6288209607 2.5283842795 0.1048034934
1.0000000000 1.0000000000 0.0000000000
4.0000000000 5.0000000000 0.0000000000

11