4
-5.0000000000 0.0000000000
4.0000000000 0.0000000000
-4.1219512195 7.9024390244
4.6585365854 5.9268292683
-2.2070518364 1.1365334723
1.9052888773 5.1475998958
-1.6466067002 6.1805396985
1.4849550251 1.3645952261

2
-4.0000000000 3.0000000000 0.0000000000
1.0000000000 3.0000000000 -2.0000000000
2.0000000000 3.0000000000 -2.0000000000
-2.0000000000 1.0000000000 2.0000000000
1.0000000000 3.0000000000 -2.0000000000
1.3333333333 3.6666666667 -2.6666666667

6
0.7916666667 -0.9455671432 -2.7500000000
-4.5833333333 1.8911342863 3.5000000000
-4.7916666667 0.9455671432 -0.2500000000
0.7916666667 0.9455671432 -2.7500000000
-4.5833333333 -1.8911342863 3.5000000000
-4.7916666667 -0.9455671432 -0.2500000000
0.8750000000 -0.9601432185 -3.2500000000
-5.2500000000 -1.9202864370 3.5000000000
-5.1250000000 -0.9601432185 -0.2500000000
0.8750000000 0.9601432185 -3.2500000000
-5.2500000000 1.9202864370 3.5000000000
-5.1250000000 0.9601432185 -0.2500000000
1.3750000000 -0.5448623679 -2.2500000000
-5.7500000000 1.0897247359 2.5000000000
-4.6250000000 -0.5448623679 0.7500000000
1.3750000000 0.5448623679 -2.2500000000
-5.7500000000 -1.0897247359 2.5000000000
-4.6250000000 0.5448623679 0.7500000000

4
0.6139611421 -3.7720777158 -1.4081165737
-0.5906925719 -2.1813851439 -1.2720777158
-1.8186148561 -1.6372297123 3.5441554316
1.6360388579 -1.7279222842 1.6581165737
0.0906925719 -0.8186148561 0.7720777158
-3.1813851439 -4.3627702877 -0.5441554316
1.8565671197 -1.2868657607 -3.6802986410
0.2377114131 -0.5245771738 -2.7868657607
-6.5245771738 -3.0491543475 -0.5737315213
2.9648614518 0.9297229035 -0.3554156447
0.9765743012 0.9531486023 -0.5702770965
-5.0468513977 -0.0937027953 3.8594458070

8
0.9438515153 -3.0919721205 -0.7473318188
-3.9719257576 3.5459860602 -1.6263340906
3.4859628788 2.7270069699 2.8131670453
1.7159634539 -2.2769900395 -0.2218355427
-4.3579817270 3.1384950198 -1.8890822286
4.3210091365 3.0692475099 1.0554588857
1.8703957409 1.7260578525 -4.9167808339
-4.4351978704 1.1369710737 0.4583904170
3.7175989352 3.9315144631 1.7708047915
2.5329493645 1.9713366952 -3.8982721400
-4.7664746822 1.0143316524 -0.0508639300
4.1167626589 2.0071658262 1.9745680350
2.6541767354 -3.7982809758 -0.4437953094
-5.1729116323 2.1008595121 1.7781023453
3.9135441839 2.5504297560 2.8890511727
3.4672788611 -2.7701499221 -0.1027548751
-4.7663605694 2.6149250390 1.9486225624
3.8831802847 3.1925374805 1.0256887188
3.7185712455 1.7365704768 -5.2335706049
-4.6407143772 4.8682852384 -0.6167853024
4.1796428114 3.9341426192 1.6916073488
4.3401346820 1.7687003466 -4.0306060692
-4.3299326590 4.8843501733 -0.0153030346
3.6649663295 2.0578249133 2.0076515173

8
-3.0000000000 1.0000000000 1.0000000000
-3.0000000000 4.0000000000 -5.0000000000
-3.0000000000 -5.0000000000 -1.0000000000
-2.9522741756 1.0747841705 0.7040587519
-1.0477258244 3.9252158295 -4.7040587519
-3.0954516488 -5.1495683410 -0.4081175038
-2.8301746097 1.4986462613 1.2493231307
-2.8301746097 4.4986462613 -4.7506768693
-6.6603492194 -4.0027074774 -0.5013537387
-2.8098758188 1.5851848747 0.9592591040
-1.1901241812 3.4148151253 -4.9592591040
-6.6197516375 -3.8296302506 -1.0814817920
-1.4543648285 0.4328230218 0.3830781775
-2.5456351715 4.5671769782 -4.3830781775
-6.0912703429 -3.8656460435 0.2338436449
-1.3734439834 0.3029045643 0.6514522822
-1.3734439834 3.3029045643 -5.3485477178
-6.2531120332 -3.6058091286 -0.3029045643
-1.0988378742 0.8518828985 0.5926081159
-2.9011621258 4.1481171015 -4.5926081159
-3.1976757484 -5.2962342031 -1.8147837682
-1.0453440625 0.7337188839 0.8668594420
-1.0453440625 3.7337188839 -5.1331405580
-3.0906881250 -5.5325622322 -1.2662811161

2
1.4285714286 -4.8571428571 -5.7142857143
-2.8571428571 -4.2857142857 -4.5714285714
2.7142857143 -5.4285714286 -5.8571428571
2.0000000000 -6.0000000000 -4.0000000000
-2.0000000000 -6.0000000000 -2.0000000000
3.0000000000 -6.0000000000 -5.0000000000

8
-1.0804160800 -4.8618723601 -1.6773854206
2.9195839200 2.1381276399 -3.6773854206
-3.3793758800 3.7928085402 0.5160781308
-0.9006283355 -4.0528275098 1.5138470448
3.0993716645 2.9471724902 -0.4861529552
-3.6490574967 2.5792412647 -4.2707705672
-0.0783485092 -4.3525682913 -1.8906860378
4.0783485092 1.3525682913 -0.1093139622
-4.8824772362 3.0288524369 0.8360290567
0.0897476772 -5.5961354527 -1.9069787300
4.0897476772 1.4038645473 -3.9069787300
-4.8653784842 3.1057968210 -4.8604680949
0.1043659780 -3.5303530988 1.3524961103
3.8956340220 0.5303530988 -3.3524961103
-5.1565489671 1.7955296482 -4.0287441655
0.3064612059 -4.6209245734 1.9396864051
4.3064612059 2.3790754266 -0.0603135949
-4.5403081911 4.5686131400 0.9095296077
1.1178501970 -4.9696741133 -1.6581590025
2.8821498030 1.9696741133 -0.3418409975
-3.3232247044 4.0454888300 -4.4872385037
1.2854205705 -4.2156074329 1.3162151259
2.7145794295 1.2156074329 -3.3162151259
-3.0718691443 5.1765888507 -0.0256773112

4
-4.9150598305 -2.9245601565 -2.6038001304
-2.9150598305 -4.9245601565 2.3961998696
-2.7451794914 -1.7736804695 2.1885996088
-3.8597585715 -3.8986843956 -3.4155703296
-1.8597585715 -5.8986843956 1.5844296704
0.4207242856 -4.6960531867 -0.2467109889
-3.8184019370 -2.2445520581 -2.3704600484
-2.1815980630 -5.7554479419 1.3704600484
-0.5447941889 -4.2663438257 -0.8886198547
-3.0000000000 -3.0000000000 -3.0000000000
-3.0000000000 -5.0000000000 2.0000000000
-3.0000000000 -2.0000000000 1.0000000000

6
-2.9906251207 -2.0339637173 -4.8676809306
-2.9531256035 2.8301814134 -3.3384046529
-1.9906251207 -0.0339637173 3.1323190694
-2.9014348254 -2.1593558003 -4.5974816967
-2.5071741270 2.2032209983 -1.9874084837
-0.0985651746 0.1593558003 2.5974816967
-2.0165436336 -2.8812407200 -4.5276218658
1.9172818321 -1.4062035998 -1.6381093290
-0.9834563664 0.8812407200 2.5276218658
-1.8511313002 -2.9635507814 -4.7777208921
2.7443434991 -1.8177539072 -2.8886044606
-0.8511313002 -0.9635507814 3.2222791079
-1.6748619229 -1.0547179050 -5.0269627834
0.3743096146 -1.7264104750 -3.8651860831
-1.3251380771 -0.9452820950 3.0269627834
-1.1387254839 -1.4920923684 -4.9846362224
-2.3063725806 0.4604618421 -4.0768188879
-1.8612745161 -0.5079076316 2.9846362224

16