2
-5.0000000000 -4.0000000000 2.0000000000 0.0000000000
-2.5021969648 0.8502196965 -6.1013181789 -1.8986818211
-1.0000000000 0.0000000000 -4.0000000000 0.0000000000
1.0000000000 2.0000000000 -4.0000000000 3.0000000000
-5.0000000000 -4.0000000000 2.0000000000 0.0000000000
-0.5267047693 0.6526704769 -4.9160228616 -3.0839771384
-1.0000000000 0.0000000000 -4.0000000000 0.0000000000
1.0000000000 2.0000000000 -4.0000000000 3.0000000000

2
-3.0000000000 -0.7894323844 -0.5394323844 -4.9166666667
-3.0000000000 4.0000000000 -3.0000000000 -5.0000000000
-3.0000000000 3.0000000000 -2.0000000000 4.0000000000
-2.0000000000 2.0000000000 -1.0000000000 1.0000000000
-3.0000000000 1.5394323844 1.7894323844 -4.9166666667
-3.0000000000 4.0000000000 -3.0000000000 -5.0000000000
-3.0000000000 3.0000000000 -2.0000000000 4.0000000000
-2.0000000000 2.0000000000 -1.0000000000 1.0000000000

4
3.3526219877 -1.5971573121 -5.2686130818 -5.0596234095
2.3815549694 3.5071067198 0.8284672956 -4.1490585238
4.0000000000 2.0000000000 -2.0000000000 3.0000000000
-4.0000000000 -1.0000000000 -1.0000000000 -2.0000000000
3.5411801608 -4.2692959927 -4.4497318732 -3.5942570362
2.8529504019 -3.1732399819 2.8756703170 -0.4856425906
4.0000000000 2.0000000000 -2.0000000000 3.0000000000
-4.0000000000 -1.0000000000 -1.0000000000 -2.0000000000
4.0835243716 -1.6693739519 -2.6658370147 -5.6651820264
3.7911890710 -3.3265651203 0.6645925369 -2.3370449340
4.0000000000 2.0000000000 -2.0000000000 3.0000000000
-4.0000000000 -1.0000000000 -1.0000000000 -2.0000000000
4.2126574777 -3.4993745416 -2.1050303824 -4.6616333159
3.4683563057 1.2484363539 -0.7374240439 -4.8459167102
4.0000000000 2.0000000000 -2.0000000000 3.0000000000
-4.0000000000 -1.0000000000 -1.0000000000 -2.0000000000

1
-1.0000000000 -4.0000000000 0.0000000000 4.0000000000
-1.0000000000 -5.0000000000 -5.0000000000 -4.0000000000
-3.0000000000 -4.0000000000 0.0000000000 -1.0000000000
-4.0000000000 2.0000000000 0.0000000000 -3.0000000000

4
1.2992047047 -4.7946950878 0.4381957607 4.5241376942
1.8976141142 1.6159147367 4.3145872821 -0.4275869175
-3.0000000000 -1.0000000000 -4.0000000000 1.0000000000
0.0000000000 2.0000000000 -3.0000000000 3.0000000000
1.4941818821 -4.6791802950 0.7919506205 3.8815223092
5.5174543538 0.0375408851 0.6241481386 -1.6445669277
-3.0000000000 -1.0000000000 -4.0000000000 1.0000000000
0.0000000000 2.0000000000 -3.0000000000 3.0000000000
2.4546804610 -5.1145725570 -0.8804827860 3.9300795370
5.3640413830 0.6562823290 0.3585516420 -2.2097613890
-3.0000000000 -1.0000000000 -4.0000000000 1.0000000000
0.0000000000 2.0000000000 -3.0000000000 3.0000000000
2.5818188424 -4.9802775327 -0.4493073795 3.3223417251
2.2545434727 0.9408325980 4.3479221385 0.0329748248
-3.0000000000 -1.0000000000 -4.0000000000 1.0000000000
0.0000000000 2.0000000000 -3.0000000000 3.0000000000

2
-0.7272727273 1.5227272727 0.9545454545 -0.4424527803
0.0909090909 1.0909090909 -4.1818181818 -1.7698111213
-1.0000000000 1.0000000000 -5.0000000000 0.0000000000
-3.0000000000 -1.0000000000 4.0000000000 0.0000000000
-0.7272727273 1.5227272727 0.9545454545 0.4424527803
0.0909090909 1.0909090909 -4.1818181818 1.7698111213
-1.0000000000 1.0000000000 -5.0000000000 0.0000000000
-3.0000000000 -1.0000000000 4.0000000000 0.0000000000

4
1.3551401869 3.6822429907 1.2523364486 -1.0629172099
0.4672897196 0.4766355140 2.6214953271 1.5943758148
2.0000000000 -5.0000000000 -1.0000000000 0.0000000000
1.0000000000 -3.0000000000 -5.0000000000 0.0000000000
1.3551401869 3.6822429907 1.2523364486 1.0629172099
0.4672897196 0.4766355140 2.6214953271 -1.5943758148
2.0000000000 -5.0000000000 -1.0000000000 0.0000000000
1.0000000000 -3.0000000000 -5.0000000000 0.0000000000
3.5981308411 3.5700934579 0.6355140187 -1.8233402950
-1.1028037383 -0.6448598131 2.4532710280 -2.7350104425
2.0000000000 -5.0000000000 -1.0000000000 0.0000000000
1.0000000000 -3.0000000000 -5.0000000000 0.0000000000
3.5981308411 3.5700934579 0.6355140187 1.8233402950
-1.1028037383 -0.6448598131 2.4532710280 2.7350104425
2.0000000000 -5.0000000000 -1.0000000000 0.0000000000
1.0000000000 -3.0000000000 -5.0000000000 0.0000000000

7