594750
616481
1576338
136
292744
253
1027724
1529644
55648
642662
864083
357529
25425
296238
893764
269377
1029260
326727
56144
104843
52326
435
679592
547461
44253
428720
581530
207999
170859
167276
130186
1059601
153123
639166
1158949
275021
967813
1485
30628
43927
555686
422187
243536
557580
629738
507124
7342
313435
231157
444636
583817
68679
62066
113109
15931
668658
536693
70052
49896
234034
344714
279360
476086
703
390491
62714
50307
130547
164332
62415
149808
11694
759903
30772
364793
171695
783092
312463
563424
558461
41989
79815
39650
599017
113088
463739
530214
29577
86867
102688
209082
134964
207269
448229
25153
98924
158319
265915
243291
50637
307010
401283
17795
126770
310038
450905
11375
230037
265523
190699
175556
193430
393695
226143
69681
102584
23499
519993
107894
301401
303606
17391
61690
432203
37128
500481
34951
67764
114616
173655
143892
94038
229263
28779
354602
99946
74635
351063
372154
248324
250455
113695
215270
321844
374858
56182
405583
223133
50132
272390
204574
89526
198621
272402
352878
123139
12017
861
48227
89072
405993
40633
4439
427137
371272
50604
164135
16490
203850
427
41859
29578
462542
167912
166291
321153
135542
149216
27614
190777
45441
48172
274131
379516
254954
235724
95169
292856
39296
63601
148855
301147
84352
53485
66316
320605
300081
227896
221441
14914
164042
111587
235308
146015
57206
136562
3856
3003
3486
89602
133682
262699
15265
9180
5943
165510
50362
184487
187007
125143
291086
228057
61537
120964
70145
181040
19917
9495
4910
229452
292656
94054
46516
20274
227900
121943
104401
73143
120390
39620
182895
88843
117632
56959
140918
180093
207439
74746
251191
47038
35251
161327
121050
7455
142321
49893
125907
184173
12090
111703
147582
58290
123459
82615
282172
103111
97666
4228
36157
143540
34902
48071
207075
43291
60575
111494
16715
67556
279301
177205
278
170946
206095
20300
17913
56115
120620
174354
1035
59333
154150
18891
48742
75644
46703
12676
17548
17288
10319
26941
276093
227129
5164
158999
252049
153113
167434
125203
168767
182768
13499
30735
72362
1893
1540
142855
50243
49361
92169
115655
174874
126510
143750
23809
100567
54508
26886
179247
121041
11525
155423
90645
205784
56230
62702
131101
97532
81249
186265
153103
96119
130321
2536
68435
74834
42719
19408
107891
88577
18043
248877
99352
81968
53668
49386
59862
29933
22059
243299
72714
98286
3346
249349
51181
42213
117737
164132
7693
102241
105763
16673
66937
127741
64289
117951
245847
48651
21449
14258
261708
13287
33388
236754
239899
37927
25709
17605
150194
89114
17360
164678
69182
64804
378
57935
2657
125663
12173
72081
108982
106785
219440
115739
29239
67813
51841
40667
43467
111624
33796
10
75623
152729
49660
112820
96876
105026
171008
65685
1537
166481
135471
136
70370
31646
7957
40420
160178
9982
10941
230759
128534
20289
12710
26225
10961
91654
121875
67365
58109
31557
141477
89707
14606
32496
41428
26242
8029
68252
68851
60654
130437
178891
128895
64272
179243
71529
29341
173302
98798
90330
103700
120593
1529
118004
122595
133551
15486
150295
4309
99304
199405
147860
10153
121864
168519
166064
113811
79974
112001
10508
2858
124812
194806
132121
95341
103533
8000
136504
37058
61197
155469
41569
65541
41712
33075
102049
83218
44868
36837
35389
83378
181177
132501
117260
112953
40467
12146
26411
30801
158199
35594
2488
1331
19137
83048
64474
93339
108723
34686
170339
53690
13729
115363
96058
66528
69492
119056
84103
146707
85544
128775
7919
65648
110954
83279
110280
108292
114399
139348
19932
18789
25723
167571
30105
28557
70380
894
80313
99017
34596
30685
130520
14388
76330
50983
36424
1081
46499
44860
151635
68686
70240
38729
106014
51616
70586
41836
51794
63772
102010
23720
123532
108293
135474
31292
22754
92409
38013
75030
107172
19412
119
103878
63228
71569
158424
134789
120167
170218
91762
48918
8150
3422
45311
61045
111198
32991
156213
53910
114178
25558
11309
79696
60952
41296
20906
621
105756
15
135364
23680
97570
64689
78203
52569
5267
44479
114718
38075
37178
3406
140000
8500
57660
22238
93587
5022
15707
93287
111129
22584
43200
108848
124424
48361
110649
79345
4246
107009
65631
72380
38951
123525
83647
141504
105545
3001
76482
14043
7953
14599
58075
129411
19381
35657
86121
20320
1596
50818
95331
92143
40366
93110
71998
55844
10583
64458
28273
30781
44480
62575
40686
14897
39233
38032
465
146119
42783
40195
70981
3959
396
95008
70381
36326
40715
14437
95608
141277
47490
14875
94200
111688
2458
16020
70928
908
124628
114751
39609
253
78067
39867
104289
139400
114147
151220
23722
41338
38142
18357
8116
62488
124611
78298
14364
43531
732
131826
7433
36956
28208
31257
26922
20442
37338
35006
117524
41639
8667
16855
42004
84875
2295
47735
2485
5194
55225
19126
7952
43933
60713
82524
42459
52403
21447
1485
121462
2783
4657
113295
120169
88830
90615
101337
21697
1
91510
1188
101431
31767
85141
35349
42717
49210
95754
58552
109662
110853
59593
74861
14136
126099
104829
5425
11356
79209
1432
58169
33263
30373
13130
10625
23580
49905
95674
109218
121882
122825
72519
39728
18025
84109
102711
108303
111507
39939
43211
27038
1869
87147
26729
56493
22795
10203
103103
58320
17981
81479
45169
124888
5256
105758
77292
42780
42244
32148
20220
39380
3674
27661
94254
41277
11742
19598
23534
90278
33450
57272
659
2373
18498
21685
1635
76329
72882
2145
85412
28740
13028
71043
44707
30169
76899
124291
77230
48837
25916
7266
22408
50671
50955
26770
27869
28599
52702
62990
22161
18108
48736
13741
74771
31491
91295
27000
3984
41350
54861
69799
14515
89509
86641
65321
79772
1014
107293
61650
81289
10759
52433
16959
62068
44708
57890
17857
67909
41874
43412
7592
37021
22869
73008
64762
21558
34771
41772
96934
37637
90497
7644
83510
6482
18767
53848
51552
47818
85536
39479
42452
58951
10922
1374
6252
30117
42212
48992
42339
122812
52019
28491
38361
3956
98113
32359
31148
98309
33901
27535
83353
90587
13268
8823
83983
80983
30758
52645
53958
42915
26591
19330
46568
68935
41458
39392
28566
11462
82060
1352
41002
81380
54831
18797
26622
14550
2645
83935
41889
59888
108760
89173
52738
118133
82845
119361
76975
125811
46082
51249
92502
1118
21519
94733
6206
44890
58156
26157
105888
1045
24036
11958
11426
24486
39127
30454
39855
40223
55663
72035
38578
82122
47036
82227
18559
40067
66973
57192
19449
51900
67648
27007
49568
26481
5670
221
6930
83733
67664
55293
8952
40683
86248
3278
31810
2416
15016
12300
55988
49529
59035
54968
54204
85378
17526
9394
54772
11147
11805
32073
45936
32226
15042
32722
104153
12078
80492
38145
16556
87892
5147
6648
24038
110740
32488
463
78320
39752
22215
11542
51515
7270
68420
82654
12165
12540
52925
32196
13445
1023
70296
46973
10846
103581
103347
16754
16171
68396
43193
9618
25351
46101
101623
38056
22114
29679
23936
82910
14797
24484
9679
101158
82992
36757
11641
498
94000
8981
15467
83794
96776
22242
47892
30504
30367
43424
85989
74686
72585
45330
43200
14534
100683
15383
59335
4794
1842
190
12604
33042
14252
41324
58234
49184
42998
48829
56748
61887
47286
91533
39220
80063
11316
27692
6278
156
8631
38338
23573
45740
1146
29972
14130
21204
101513
27131
36937
8641
8959
10977
34955
21598
56960
42395
26920
764
391
22750
28567
12557
69777
29881
83622
57196
54488
42499
9137
11972
13116
48492
12487
28467
629
26736
106703
642
4938
52990
74148
99225
25865
29509
58009
85667
32561
90858
31350
47888
2169
14454
40083
8736
103690
22636
46530
26677
33218
106961
61050
29452
25339
52036
77289
23216
30625
43056
78015
16713
29861
84668
14737
58770
44925
73045
29958
46121
61443
33989
44038
36995
42661
84961
20440
1549
2893
45622
6229
48542
64378
24127
41
16922
47597
13818
43338
40376
70304
51733
105292
21975
57876
23309
502
58192
75555
43658
76445
17090
32527
13175
50194
38155
40602
16002
75325
34120
22155
890
7286
36376
28271
7350
27291
26269
31809
42645
69079
33435
10307
31724
57365
38360
26023
16886
63648
34370
36301
10792
36683
5592
1257
15573
50121
8200
70472
4226
71198
44088
11070
2887
56905
16143
16417
10149
20318
30470
2452
34316
45089
10214
68493
62558
10385
9996
14277
17166
61380
21359
48963
22972
31686
14088
44790
7572
11362
9055
87759
999
37667
4767
9827
18765
34298
23859
2218
69857
7936
10197
21149
54875
26327
18874
69237
18375
45
37270
17173
61688
6664
15269
6074
90575
43941
30157
26856
50690
31342
39149
19075
15422
43712
64505
34050
87839
18121
27445
14743
32305
23173
23029
58514
13793
44048
2663
20620
4345
6062
53467
40882
29423
27216
5429
24167
59444
66509
29527
23877
49757
9371
49434
35849
73887
1289
1441
10758
1262
14131
54510
17424
17150
28024
18516
34695
58837
4372
21356
34351
8524
2258
69052
57334
59447
8517
4848
78378
9490
16348
45033
17130
38445
30238
51688
36318
20614
5849
5582
16440
33357
14002
14601
505
51653
2284
15866
23549
48728
29772
47209
36356
21589
12784
27245
11570
15943
27453
69951
54331
62047
17366
46655
7938
47954
62099
2450
33778
8067
33023
26009
24827
15592
19916
61868
6036
27882
21141
54550
43612
59721
25447
561
574
3667
48530
6054
55111
6198
21113
10078
32956
4006
29673
30869
64710
54311
9458
52459
16767
23396
18890
1708
54626
6085
70319
27388
56817
29113
43057
15347
42270
50887
36724
26402
66841
57401
81123
33215
48906
23520
15964
29850
48471
72680
6737
8996
74193
28296
43877
13136
29849
20824
12749
33531
72973
56016
57673
190
9318
25441
27374
30894
28820
4559
21930
61372
29842
59301
9897
31685
18419
20174
48860
48939
29184
6411
19207
48216
4391
57535
27870
5602
47807
33273
16771
11670
17552
18865
35889
45020
5662
49905
56700
13904
68139
7263
10427
17002
62321
27848
23963
45774
20021
45629
44668
41318
32682
18632
37254
65943
6233
22658
28132
17334
10079
34444
41633
4255
23291
41631
39927
1526
9977
33333
46077
15604
48339
6786
19398
7449
14646
203
28028
21551
27413
41936
64134
31682
49810
48285
34975
26119
17309
2736
9112
17494
9509
13878
19390
4530
61550
13075
43697
33206
37096
7410
26844
58257
2134
2256
13075
17978
2181
46832
21
5317
25389
41252
19674
13843
19633
8712
62638
42178
76457
51466
37860
57186
52252
26543
7030
10594
36439
8620
44360
10469
18145
38248
50752
3571
70973
4162
18439
8772
43696
8554
33524
89
3857
38012
401
9286
30574
41037
22258
12440
31950
15238
4771
3173
17845
28616
19619
54456
42187
2121
25588
1214
3134
32252
29462
25959
2422
16597
38665
27451
13798
47562
5676
1727
9698
6149
13772
7064
10
36291
36
26488
68952
44368
37378
21900
9577
7872
1184
16617
28
9566
32611
21535
32653
7173
10326
8247
1850
41086
14482
2457
21328
9479
4723
61156
5340
62543
15354
36514
49403
6924
19735
35930
19522
26393
6666
26134
13657
16430
8969
68631
746
27078
16519
3746
3513
39305
42850
24090
49935
24592
2860
21332
44698
24031
36072
11511
17307
2344
64636
8959
29140
48602
62100
1984
2660
13121
31586
8633
9578
56681
59248
1722
5636
29952
1698
7077
37018
4518
19557
25168
10872
34059
13449
12856
10841
30855
12497
18608
64950
33339
14731
54478
55315
46555
44729
37564
25178
609
27088
14795
2978
3129
9900
23623
45701
26444
9241
7849
47639
45341
29284
26831
36596
45671
1510
34298
4053
43539
39776
65016
13510
9647
50679
658
11231
19828
9434
14030
31751
5798
3549
766
4846
6504
22708
19745
27468
27115
6196
18859
28552
7494
4655
56112
59721
53684
15855
57125
20887
37550
28330
8330
30514
32049
27457
2653
15836
8974
12203
58940
4134
34556
8006
11410
121
37114
13121
12680
24828
17663
14682
10768
33419
8646
14213
45111
25495
17669
10799
17851
50544
40933
44848
5032
28164
6019
17936
22909
27786
36067
34244
28727
7259
3183
20072
41718
1877
1645
36862
47397
16574
1854
1749
20731
30393
27980
7104
27158
33234
26594
20218
25613
32424
63372
25723
51515
10342
17392
60419
40361
1972
28789
15842
6689
32394
7523
5184
13425
18398
16397
3471
804
32539
51437
11889
57314
62198
41065
54342
43216
42403
9891
60753
27046
17262
42387
3154
10388
65280
18693
18426
18136
3290
16748
30794
7059
24100
28515
3327
27856
8590
3695
39767
13270
14843
39560
34414
16115
61399
35204
23449
20313
1649
33175
52806
34855
7632
17240
27753
6034
20598
20993
56850
21620
50865
5778
24673
4337
14503
18974
34043
16452
54740
25587
37691
9544
5098
60244
9084
54112
19457
27967
22810
31505
58334
12782
32682
15089
19326
52940
615
28812
49130
53452
10281
21968
1485
6779
1340
44477
3779
37995
501
24802
39302
354
30980
42243
7782
44388
1031
23989
33508
13901
26937
43631
6470
46356
33077
10992
41670
9472
19197
26569
19308
49675
32707
14241
32268
16073
18233
41203
23363
21068
10922
7744
22285
18406
3224
26660
28529
1145
34865
14316
16996
47156
50501
13229
29744
2544
27217
23802
39944
58719
7507
33275
5961
56244
10419
355
5728
9230
17175
3425
4453
6740
36242
10041
32595
49267
43633
5350
39094
8232
4244
29361
32219
16629
42963
8803
31481
999
28422
1430
23472
19926
9378
55035
42762
35177
20978
8341
10979
9350
45529
6320
17386
28944
6713
58908
7584
1089
38948
29302
34845
34552
33372
15587
31727
3567
316
865
39662
31122
55620
15928
22370
30493
15353
23375
30265
44354
5026
12169
14218
10197
49599
36356
46402
40392
50307
15172
3631
1552
33168
25408
40352
21580
22526
51415
45030
29512
4580
36974
10200
7095
29763
21611
15075
22208
17021
1033
31533
19572
14729
25050
2264
6357
31039
55244
43453
66
30006
7976
23890
4369
3601
316
3469
28681
23436
14836
16232
53727
42235
21725
34228
579
39560
15
16238
1912
29113
6966
20504
18286
27710
22567
2832
14611
57633
6816
1697
24090
20115
19829
2507
4405
14683
9603
839
19458
34980
11810
39002
40583
20918
48738
13544
49524
1696
6831
34087
31865
30113
11927
10788
20598
23141
26362
27081
14084
1079
1606
3935
6346
23400
44534
38945
6772
15773
1159
43174
3751
10179
779
4821
13544
21756
2783
13724
6136
1735
6085
31594
14953
25295
29099
7319
2376
129
27651
16164
22572
3152
21643
34370
421
22773
21032
15345
26605
9828
15829
26126
36885
1
27734
393
1088
18284
19417
46828
33267
26972
919
36467
34303
33259
39615
30540
30256
10848
22626
45382
7934
17853
28241
3771
15463
17849
31850
10571
21875
25084
24930
4517
590
21802
1288
6867
10044
32726
15833
38589
7169
30198
9279
17465
15798
9498
32212
4501
34395
21740
6149
36313
33878
24635
9090
22684
1925
3270
42271
10372
4137
20131
25952
18831
7325
10143
46413
13055
44044
21025
6191
9364
3205
4300
24259
25026
16359
11735
4399
9229
3487
13283
14184
15755
30478
27619
22010
22684
14911
2053
30751
14917
6296
24401
8388
15104
158
7766
145
37816
17565
51500
7034
43495
41197
17053
34839
7596
8038
17581
20403
35189
1650
6139
351
14378
225
25434
30476
13742
24453
6386
48356
13022
8451
7910
9115
10551
28958
120
10732
24360
20877
26552
2965
30300
7010
6027
11311
41720
8774
43876
16949
14734
49669
8111
6291
23925
32718
8555
4069
21589
7063
18296
4852
28279
15250
16997
20891
38921
15257
2382
21123
44016
18455
35079
40034
12587
2630
12257
7732
9125
22947
4130
8363
1336
28864
2142
23111
48716
47077
7799
7062
45658
44496
13731
38689
40108
7656
7608
14947
35518
22322
16607
13169
39829
1804
23376
22186
29838
23833
13612
31642
6914
42040
9623
35570
40715
26936
12336
1904
18000
17147
47048
23620
31870
8105
28585
435
23059
25001
28298
28893
43924
23385
15947
8035
24407
14244
16877
23249
44789
14656
18505
35707
11223
16621
335
39605
7406
11861
4429
10556
3073
23345
13842
14564
19994
12198
41273
23575
10463
27165
29402
9037
16803
13892
8549
30498
13292
14554
7765
12993
18841
23070
10689
2673
4565
43939
1225
24529
43530
25438
20841
6514
17360
18677
23353
25605
22105
41004
15628
1
28342
16093
14394
24439
7281
31936
37172
5958
4191
38689
28378
38282
17143
16673
1834
1
2992
23246
18351
4027
30015
14470
38152
10140
15140
