1009
519
993
1236
353
1652
21
950
1623
893
646
417
312
974
141
507
798
465
1278
65
96
185
1
97
315
1057
881
444
736
301
714
212
1069
326
268
470
409
994
151
972
705
350
229
496
258
886
348
907
85
321
761
1579
190
756
69
535
80
1017
143
745
407
521
904
664
984
952
805
1331
717
772
887
847
86
482
512
139
1512
1341
449
728
331
555
571
22
9
813
253
1023
1136
411
611
1091
677
13
263
297
274
509
835
614
373
840
592
140
301
284
705
1023
1295
180
488
1439
425
353
353
770
1523
524
1040
430
537
29
1368
2
685
623
992
62
176
906
1224
625
203
389
125
490
121
494
483
575
1137
287
1085
1003
477
594
1422
935
322
161
277
269
1199
31
648
277
1306
202
949
2
572
174
836
186
1405
475
157
140
940
947
566
1069
152
1046
73
188
365
1575
605
1151
735
176
903
209
1139
606
1430
762
221
704
1647
329
1087
448
1250
498
296
367
1387
224
235
575
795
1265
641
80
605
1028
683
423
479
961
87
721
836
115
956
1475
267
1473
940
177
1286
12
610
843
593
1442
894
643
755
336
1068
809
108
999
659
350
244
84
204
645
1497
1150
734
791
637
605
141
318
42
1010
1449
651
1426
156
574
153
7
398
393
969
570
1413
32
207
1040
1069
429
1118
393
775
456
413
929
133
132
309
26
364
7
175
1281
497
336
1022
24
1591
705
50
367
943
1498
156
732
1110
591
921
997
520
662
4
356
873
306
1248
176
703
796
687
241
79
478
1132
31
244
1083
306
176
957
134
937
139
746
574
86
164
181
1325
957
564
621
372
33
703
711
479
1201
379
1263
105
1317
138
1277
15
614
1615
116
760
699
464
563
1444
1135
1610
289
1634
592
912
262
1205
746
777
528
244
981
338
1225
810
1339
525
916
94
870
369
606
17
707
901
9
703
611
498
104
1809
716
1522
156
53
562
26
1229
816
185
19
314
47
1294
64
365
63
222
392
1669
36
197
1742
691
512
319
1106
1416
209
1054
271
426
299
74
726
248
369
82
527
564
693
1678
36
344
28
277
178
1177
578
248
963
547
44
1080
1329
296
1484
1177
5
828
26
1375
335
936
1201
358
655
493
752
235
145
155
784
1376
944
585
138
1601
1171
1131
963
665
19
1199
857
1260
62
821
