31572014
22598675
25886862
8689121
17957195
26077171
33837335
3418268
20622996
24148112
17123258
5118319
65341
3793635
289180
652435
677159
7512961
10658926
5335825
5833121
5984101
282902
6102102
17203198
2850
1005885
5340101
341602
39060
235040
2645366
7964034
1068077
1426528
1068287
4528544
295132
3109049
7433952
8294252
5084164
4639682
1168882
976438
8157107
9976776
3301342
4297949
8256
3550693
1150383
986799
4508451
952837
2961218
3056986
4209392
4165517
3274500
2069109
1666665
2808344
3095403
1205810
302473
2449524
5344816
9041638
2146659
26335
1702757
2487391
373892
6252171
2136584
5534909
1049376
444734
3501201
6957786
6881095
6666389
5725666
3543158
3895334
1379653
4801856
1567542
1540499
37993
1079626
4763073
388095
77421
2624278
966513
3282955
606054
165822
1515414
887069
2809663
3071085
3155337
1064604
795253
1519226
121735
125765
823975
1553747
313420
2220398
1318170
1282916
2554868
2699665
2041712
1989858
1482063
2016591
673712
2295804
1669809
166860
1949175
112719
1558616
740995
598202
289714
1713612
939217
694216
1051139
3208114
1224960
3046595
1118354
1707940
1013152
1236930
2069848
1174520
1281675
183948
2935850
1401037
552521
713
1431
535181
522204
1394500
2895685
791836
778091
1437169
318254
758288
2223837
181151
3166885
985148
2742685
1461671
111581
1060667
2772362
2624977
1259655
2366614
2592775
1252013
393200
1292380
735514
478750
25643
1308067
1163796
467964
2731358
972824
651879
796088
37069
132346
2088795
2762935
1145518
2636084
1165767
859945
885319
30948
408566
1189179
567067
110112
845947
36
1396576
29156
468110
2331442
2037684
1732293
118742
1757218
2284819
1220053
800439
749991
1093265
1667780
120977
462852
758370
545192
1451810
306912
1536779
7818
1097040
1033953
1509852
402160
1369184
326125
1508337
1659949
1252213
931385
1621247
1844600
2514417
1722667
1243010
1330730
1273594
536630
553338
565673
415259
2443790
157384
464815
366184
838957
2083282
471471
204063
111607
2164638
2185381
1491587
25095
1225212
870255
512415
531587
368815
2129252
82356
312757
1585690
1478779
138976
408331
822955
384694
1925188
900325
2168773
295330
1633582
602796
1290777
307116
970123
387757
563311
1527042
691431
125060
327902
707587
1406442
467044
635679
349147
249869
40066
414110
885906
543323
544180
901674
17995
1610300
195954
342401
569411
62876
2192611
37150
401710
1659416
10219
482042
1555008
533877
229353
70696
1537959
351308
1280770
953178
327498
486306
326650
817486
547870
590630
1992477
411043
635627
1760911
39628
153298
1788006
1520109
1396552
51268
1466439
1386161
246282
286168
1568438
261148
809141
293191
1234599
408215
286412
60502
316181
1517049
81278
525470
1696865
1090513
587364
1751501
308178
307054
82341
1479436
528513
1366408
98763
41949
335082
471639
654580
154849
121773
521974
1379651
241885
1154582
1529110
1018633
894979
1308808
1217934
1465137
228055
761085
581922
1573022
308614
1502843
243839
570524
454455
600702
846275
584165
1268599
1733224
562684
114550
944407
774490
86112
1206942
215174
1532472
216179
909515
181547
1491627
285332
24129
789881
57265
658272
61557
178319
467185
176424
488565
567297
1510011
781992
638240
944016
7750
951405
98657
1088920
1185002
441863
185509
485734
799217
355582
739118
402073
333956
1290263
182556
627184
834773
428814
588127
147992
524205
219856
3442
862592
683148
1245890
1328775
396402
29321
124497
231736
71812
1033815
965983
261130
749320
731836
1140823
589688
491601
150074
786658
252952
341365
723727
317365
610008
509006
231455
187689
491210
617558
1398720
454976
210070
1237594
249227
1536588
1204967
265931
386989
61071
272607
301557
602041
161407
758782
922049
526256
1144087
1007770
621490
902112
574043
310591
1005344
213410
272084
3889
700989
156788
264324
54570
202516
429772
548508
308660
927779
747377
223586
74497
559699
130434
801364
473752
446564
29380
358249
587839
973728
707521
355670
112328
735628
42952
674002
403607
653593
713889
254546
583144
486684
698943
337139
272010
322237
983453
751541
974108
415781
129983
204922
466397
332329
113435
36090
211484
839361
100637
8579
831360
908246
532376
711179
932148
229987
412384
289546
336748
52990
485494
366325
555870
199857
164156
458387
143098
63201
866656
887076
611359
1290296
884685
311919
211523
588166
774321
935860
1154504
78
339037
691871
188022
623063
601881
68456
582952
370453
391555
489736
297675
759356
297169
471747
626180
427789
475771
1052627
209471
114709
111368
757933
560351
290784
230345
212267
225954
451027
193998
1105924
192485
1057465
267831
548312
439685
425419
267390
541171
177222
206142
548938
879068
807817
447052
202257
133416
694893
559787
76369
320368
95958
188646
508246
378354
391903
292808
778350
39235
68595
291666
144374
158207
223211
683189
143901
888788
22478
1015738
631652
452653
474942
1084874
1047794
200775
196783
350047
181216
494254
579125
216976
728396
109520
663775
92479
477459
402807
105286
389438
461207
133246
359833
886909
303332
355934
283517
48810
592087
24843
806093
695304
638890
60404
410365
710587
348584
918964
567610
65486
386090
1031719
640195
746432
29909
182503
59707
142324
5067
672129
264962
329376
244015
933174
296627
554633
345847
494096
1984
514799
329695
187948
159989
390866
697173
507690
377146
220387
482414
150945
187757
803612
87515
659011
574982
682484
428717
344484
494754
245768
187425
750818
764499
474082
689022
390380
155486
241940
559050
1770
285476
450067
181299
110272
344441
669727
314896
753286
999299
145503
485417
154114
619388
810910
237535
338440
357047
267617
1913
109405
736673
731617
362900
516396
359492
469503
9906
519860
13086
381263
42519
446343
666459
2278
334134
224679
131594
372464
402658
566887
17426
2513
213705
555910
94107
149196
40530
705400
3679
204240
71857
241318
119524
642442
712033
63370
424310
607749
289619
290976
310857
607011
392914
6268
214766
408265
103538
298037
540231
257764
496
292935
169386
266736
82561
278201
297756
258041
1003392
256279
401221
99356
137027
38486
19288
359877
91
550806
34426
17972
682232
100913
145672
262668
58752
208483
74935
119103
426523
570021
726606
86668
826286
98010
319848
141203
250059
60264
270694
449630
29371
681126
480741
68762
164371
192945
295305
525216
27432
613210
541160
331663
380257
196887
681254
945777
391296
383731
64901
198571
457851
6
515342
533919
570440
411550
591112
98885
98231
353168
174211
237815
283349
625855
447870
659153
424694
500439
188264
242502
328932
176181
329841
258257
216620
526937
129762
370045
18086
121469
320066
372411
485233
524245
462983
276
62501
198332
450997
561
238243
466
201365
188594
801816
178487
264958
414319
577701
235907
91940
730575
164899
85206
118881
115087
227716
7606
922121
496064
363614
410340
197910
242456
358595
169901
516277
168407
196361
846107
446051
168811
511589
54748
189949
583412
74725
13403
441931
438524
4371
773175
387389
875018
281995
762282
489660
453192
184889
396761
562420
775326
389819
141069
28877
8023
222491
365933
302219
607685
34975
325535
580204
146460
521139
62887
536731
101368
495051
47310
613600
42681
326429
255064
143725
753940
78038
436009
611010
165196
378933
103263
395839
219268
13061
105799
154272
139492
350275
660782
164551
799119
458406
525956
17482
677956
485450
40189
727956
164473
24696
8259
712797
632463
249140
184059
107131
17930
69739
143196
3767
403838
150669
355758
271554
383448
18077
283128
247180
195262
39783
348140
261503
54370
287620
694025
139877
5460
218004
479748
313905
75058
56315
24068
89029
504940
717648
416499
62492
680420
545332
342954
665699
245825
237794
340734
210
19287
15750
575105
396416
208620
406070
342343
175506
188845
296288
173288
111124
491610
38321
214340
134099
49289
228859
11660
67461
443342
574899
13447
120102
131177
91385
284146
136309
103830
584227
414672
156173
224389
68305
695458
3090
233234
118407
332019
602932
264352
448228
500765
633809
56028
640434
98647
77308
432494
155585
533119
188049
121453
548997
581971
17578
795141
668704
125548
527393
325324
571471
169136
475892
290447
221542
227173
172068
78531
97256
149668
136118
223524
640970
120316
62852
460111
165977
62939
82466
110623
411428
69088
163544
93321
190607
688137
145645
86552
254221
280444
32545
39608
576497
406365
55288
299612
78120
102343
217652
16687
186133
277193
394730
206117
9611
117050
450501
26141
447961
37479
99911
153949
93274
604150
338761
140362
433654
470950
96708
688478
306663
62364
1234
143913
430268
173232
247010
513359
304067
184206
38215
447631
361560
452809
144758
590845
251664
104899
31181
181568
11366
323007
125179
448587
32379
700849
161855
296452
274698
570735
3003
245089
43256
145016
241932
488810
23652
137200
539447
241206
460443
561736
1821
43086
482283
235447
178784
47220
304916
379958
80022
232699
138824
546163
168171
79972
404634
250319
156201
15840
174822
420282
93555
280947
36477
134332
354493
358553
473284
182445
166691
304015
377133
313085
265837
208635
337060
91777
221312
226988
294473
87872
112758
177689
142900
81039
590535
362996
69644
6829
150932
282896
200380
270873
3199
167161
154834
153433
165182
126450
73255
13875
136114
336959
69904
170288
180280
418311
56568
299494
397276
145917
229244
288850
359441
591735
392894
434036
106403
73864
6199
196669
177589
5080
348544
1750
113999
436051
127698
180366
395880
286769
34448
232187
123736
55254
11986
350165
140136
167891
98533
464242
402754
138389
240303
169137
198091
135080
10575
178959
238694
135893
231846
129471
268771
71912
85488
144214
70592
123988
71931
454177
35434
4030
648744
223487
85591
511462
284171
252574
63099
172004
266514
323153
349845
132820
506011
460593
479836
501582
154726
621236
348336
1609
31918
238906
63857
94852
13412
82862
468441
347732
84137
156318
218734
107852
27010
211510
308501
54942
111153
354987
88417
72388
334035
205135
64387
40261
298957
49790
323338
409673
70865
95361
294864
118432
161199
405141
570550
418959
292901
6739
270227
238456
106229
25452
342947
286560
83522
12118
5872
523411
9202
245108
311113
219312
179817
240795
48793
3097
414373
218779
71265
266373
154885
366125
412469
196296
9386
180572
143375
61603
27103
103162
481057
273680
299575
119458
5923
582074
233832
82775
464245
410019
12269
207857
441067
168189
31214
237842
35574
420674
41130
342887
449735
56914
387446
58421
217455
64294
13492
267395
223332
467457
254049
220137
60575
127671
118231
79095
277895
103230
134560
19003
327991
22469
296101
259081
90671
3366
161277
299603
151386
278358
524434
151837
313822
61311
4407
371310
108664
147277
199064
399988
332567
168034
450637
2508
276279
47002
44876
137189
135585
80415
78894
111843
88961
327383
283658
4645
87054
258303
231748
151807
200125
235659
503672
82094
5356
388121
173376
185462
28218
40899
196732
161787
540684
221455
43987
24540
162280
475641
384827
393306
163263
67837
118807
430958
346926
223143
149147
194061
154437
121355
187415
260702
403681
183520
24804
350490
168940
339188
334208
259418
284134
346365
235973
117649
214599
224517
464032
302588
288446
117604
117522
348738
209513
294506
185572
224996
214588
221121
36749
411843
477145
225743
122402
41645
88781
356150
360837
53223
148462
10982
226807
186657
168371
69483
406749
351072
89110
89538
264374
396356
71180
159833
51091
10913
3254
47412
251142
531992
98209
146681
57506
22333
90570
253620
62707
135478
465712
5232
261279
19594
300164
15133
118845
419231
78814
77108
92466
108123
163172
506327
111430
34379
68121
328299
360226
196026
74811
257238
37626
200994
209719
44467
22214
171938
43073
231282
40597
32712
155097
213010
44829
86655
220223
8063
282635
93729
232184
139434
156022
207344
85083
294214
179748
299514
137677
105881
78142
281505
44267
253948
363701
193014
151634
14555
117459
25348
229821
66658
55575
211049
286082
192974
67241
88842
60074
389979
294154
48978
28368
42487
152887
106522
419493
24774
86462
162027
35871
121625
167340
280141
51258
223525
140598
161914
345874
272270
365728
92106
110351
364152
174067
195424
104355
150821
131960
10924
41911
34667
424920
198905
46513
311705
324239
73623
472723
238876
5583
120036
173671
126214
131469
174668
376521
152305
386846
53516
78317
195940
134111
183815
146793
63470
296571
107354
163470
90471
192380
125652
168587
200006
292293
112683
271939
93334
17865
78075
114906
86541
51309
115947
401519
190035
67403
290411
49545
323299
241287
496
430247
245316
233887
419604
320852
80932
197363
212817
120287
6732
77453
341994
112342
38588
157679
187371
14298
273816
32876
494100
123906
29740
241938
123750
449916
199841
305187
170664
180033
277022
121913
147363
91719
277602
227262
380603
132960
3321
333660
31943
134868
178380
75655
30656
179901
211460
35882
404436
80314
9881
48343
158627
258362
168937
273153
85338
37072
102847
370540
297223
84827
33824
321632
54674
410995
67059
32422
229422
111640
100509
9883
41835
340650
351392
170399
136836
77761
105549
116778
178463
269739
189795
112432
165417
264940
287166
442825
28858
31705
53314
423771
32057
73660
134565
67154
63936
202674
149000
21083
203107
561
104585
171
355926
208574
396387
171435
243042
306939
79380
368784
416831
2483
95134
69056
6703
430618
324706
187710
169418
155546
236224
91115
281633
32458
74744
152848
243220
83529
105757
19781
321919
2885
75545
108674
31041
216363
49975
90310
217170
85278
62988
12981
244477
99945
106218
225671
91481
334089
152543
242496
177146
32747
98325
64159
48933
255534
313975
238359
143125
181401
338318
186447
118418
100068
151474
226551
348247
175786
173835
14740
126558
172523
677
37792
46927
19662
108351
385049
332240
295463
194514
218950
303214
189907
98818
85827
359798
266449
24561
140105
175244
331667
446129
34916
201188
275879
63089
156047
348849
15494
41424
28416
343977
215581
116181
64106
107602
47750
154668
237352
78
153274
199031
84124
88094
9065
2707
390499
199131
185465
4738
335300
313201
153592
123363
290268
27821
93088
37802
265735
32312
43567
115288
15374
41138
20588
93045
21277
6765
47874
143388
78090
219859
59959
31997
161268
312271
148194
336790
150354
35612
203429
66136
10083
334769
6783
35966
31948
134636
54609
11483
204910
34322
88739
121520
103745
225014
254077
138469
17532
152554
21243
110814
186861
85903
16420
135267
294350
285412
107526
160120
44477
291354
320322
5620
193080
109330
9668
54749
292179
213171
89722
399062
50938
143500
399062
59441
272863
281448
260616
76069
168608
122132
87796
170418
3727
178871
1065
19010
23921
7809
255934
175819
175565
56234
31615
2782
201104
172017
97505
406008
25583
77335
187440
118181
103413
271845
65474
233491
57599
281768
38595
96559
173383
90044
52695
200526
305072
86176
111878
276879
259925
200622
40565
34106
283856
66496
190133
2515
31655
122785
73239
200226
156858
131632
262942
225385
182155
8761
27139
105960
94007
112742
75355
259265
82465
42571
222433
169442
191605
142929
195031
186571
243610
347979
244781
292899
273206
187253
202576
201098
234864
14536
61322
242402
25169
165655
34826
93946
313133
283087
20637
19172
19597
86546
32269
60246
326752
33519
127830
105333
18831
51812
152723
29729
84552
324017
101977
95855
27149
345181
144283
6145
260462
143799
88852
87323
221241
153966
196138
375763
200483
166462
29855
2738
194595
19677
220973
18294
240424
59030
146207
4806
323343
245157
100711
206725
123128
127065
134424
159016
27499
196994
54016
254021
283207
146044
339437
65542
87878
273792
305442
194591
38141
6006
245094
286791
107355
3219
15811
331635
153034
30149
13044
172717
215533
250340
61030
23636
343731
58364
179498
226246
50588
469
134954
178086
194130
96800
7904
273212
266847
64682
29919
19161
231554
116016
50558
245447
189522
129056
348163
16511
127047
226385
109870
171397
16584
109389
24891
87827
364185
207913
11569
113861
154661
69323
9221
157857
207749
90480
262170
16286
82321
63284
322252
64347
34586
261340
191666
189720
83867
193035
276430
100925
209972
222421
32750
309514
214176
181495
45
26777
121469
6893
106553
10887
238519
226668
287886
170967
45546
25369
102311
119643
73802
151425
60458
336282
102729
35152
253099
157614
29172
173235
64998
182306
130900
120160
182203
65844
266504
135072
74621
77234
14788
150733
110007
146714
20664
23033
163658
191791
112880
117535
92516
6217
231779
118742
165444
194038
311770
107984
95316
237969
85702
85847
536
130557
189890
219049
220715
129316
67587
344715
155667
139992
307580
240543
219767
146577
37822
55083
295479
199305
69838
102682
277303
63747
29949
89550
193302
116689
116937
43685
13748
265932
191632
282768
187752
192047
260628
113586
24755
166653
215253
239732
133984
45675
263605
162377
2744
28184
93933
169758
132839
129239
282144
166245
233575
326096
232700
69936
103848
276508
203450
18245
246831
36135
171453
327005
300541
62699
269619
69698
33070
12833
35649
48167
2726
90691
43984
221883
184908
316457
24204
58955
126133
225683
147210
191664
94640
41726
179649
121777
26875
187503
7236
86539
40958
131726
53967
155343
95661
107522
196041
60971
205792
27290
22296
276744
194087
186169
25091
2745
301686
14965
45241
252348
279128
155672
108342
46832
25896
31954
13126
70720
23851
1416
118116
31411
104454
68781
74816
213927
118615
239693
79797
126825
16970
350034
289376
211687
118595
289431
206134
15843
176068
21776
72022
214122
8817
76232
78114
89183
99603
300
159857
202110
99187
27942
137019
61903
135931
75384
195735
43954
29988
239870
87172
187405
78150
5706
235653
197533
65800
141102
36281
85089
281044
172553
75781
74526
190683
118215
36975
131901
207870
31053
100559
21693
281608
40267
134364
202294
60624
179661
311714
107222
63922
157487
165971
222366
109707
1275
94526
36683
114602
57549
171159
150410
70533
41616
60257
13054
107450
187730
32957
202284
26030
96109
82749
116822
32138
323346
19372
35166
181262
178585
14411
36231
277044
13577
10013
35065
135939
42166
51540
112182
25460
134541
28243
14965
36922
85994
216345
114515
296302
268739
289750
51317
98205
57209
276977
10257
271707
155726
194359
125066
87349
232396
238354
29902
166541
231925
54976
26938
91057
23251
172056
294376
44554
88905
275998
73075
122265
64608
158201
107804
99963
91111
170083
28942
35751
3805
19115
89254
25065
163107
82869
125619
135912
165202
216444
98146
201975
191321
81586
294461
156829
13878
266175
103299
28585
74557
110600
113540
182394
169359
73117
247150
110989
84188
12078
92399
4993
182995
168293
31185
164989
115231
77097
19629
41347
66600
254192
303805
2649
6968
523
113175
170030
73965
43720
71430
13721
47244
98762
96137
22992
220370
60332
16258
246638
72327
215038
16735
237363
87438
69296
22950
50231
53382
210647
101575
188712
90616
84946
141387
92117
186600
86279
123336
53660
94960
264721
97001
135915
102595
97407
13608
150578
274234
163098
20063
186446
35090
111023
7633
63996
237243
218902
27272
182427
47497
92053
133517
13170
199979
270130
92704
65765
47005
87444
95115
15718
136115
115897
7473
131551
13532
47806
167235
2444
51385
106505
275288
94818
9159
52104
153054
103144
153033
146427
109423
5442
40373
147387
12495
24931
45733
70189
225561
172499
85592
24253
19071
229688
85566
76718
35845
50632
8990
41802
267491
33806
73413
285760
15226
161018
179086
39767
249673
49727
150564
87081
39414
242645
77092
44030
67604
138914
188906
116441
96068
179122
73071
152997
45389
62635
144961
43784
7958
32530
91158
148109
42230
110019
2476
264314
253160
168755
74026
18016
75397
102193
135291
7204
35785
214548
86932
67662
200248
190908
140519
43932
82432
81233
124148
219067
2970
17240
214478
51830
73350
115587
69822
50825
30945
84234
108319
41241
195157
174224
19809
11852
256783
216338
33207
36501
64919
47285
151203
281295
21574
86582
110486
129
95035
173216
151912
261557
121782
138023
162691
10973
154201
190704
31407
38125
123327
6634
217438
133572
205723
192306
96895
15589
137997
10043
83315
186874
224955
100474
183476
178445
170909
108259
135045
48473
33090
9914
118363
64204
173752
9534
14065
130522
15185
143593
20471
79383
186077
186812
2781
202191
139740
39207
67589
14894
205288
69485
53539
46431
5389
187482
8506
48423
160400
59973
134067
52451
8002
129347
6897
77850
47319
244083
157562
85834
263337
118426
177912
54926
101384
5941
125866
13427
14244
167331
141873
158357
257190
38576
203326
22602
83104
269090
50455
226101
26184
59550
69038
35680
36422
195813
56976
238772
27200
66725
126437
88613
244404
51816
175205
58287
55603
49745
108131
6200
136511
38239
172639
255315
188687
216865
89408
30097
9274
102434
270039
88303
50613
59045
109781
52891
77950
183297
14086
3320
33418
17990
12956
170865
84679
34549
65124
61065
59480
179334
225319
106011
40338
200468
105654
3381
142850
81075
111974
109065
151239
187910
134120
77568
152282
51824
90422
198913
77342
186266
204455
116639
39039
183037
209282
22509
129957
24566
131008
99292
157439
123798
125895
53848
147082
134081
198269
31579
62248
62120
69507
43281
243426
24194
72487
6916
70060
119648
57959
115924
262584
65238
56636
54291
57305
30788
170901
63852
162538
1906
175669
12055
51912
155285
176286
84715
16875
63127
164662
191565
242751
212826
161170
241244
222940
121778
42799
38040
56092
230437
170524
214683
140554
152507
13620
88483
112852
99302
27762
56650
134252
78626
10528
125468
22644
77608
3733
163591
166292
11300
122426
75728
153230
19162
79471
275175
64524
40131
192259
35294
219509
1072
2027
18306
337
48687
28236
69576
38561
7186
134272
247049
231040
3099
167219
49276
192819
155381
254714
218253
85157
70070
45151
176291
208191
252113
118123
95604
14998
75860
47847
32746
9070
90543
59203
20032
71183
83698
5391
44345
24104
30326
155600
87492
80444
17164
83970
1583
29047
58600
134263
139820
265743
80279
392
10305
74468
44526
154446
97310
262975
96355
173181
162418
9078
31374
1686
174810
188694
200107
236297
74078
7528
5990
228680
172724
209733
52494
16764
166549
51322
24524
71692
48651
112516
130012
23977
24626
57017
177868
528
48011
61192
156106
11700
31622
85553
149470
33154
128401
224861
110567
52246
155755
17413
198814
258605
93912
62186
152684
102436
213399
6
176829
232682
221167
71646
43838
188048
204625
44945
195068
87186
12038
8957
10316
51444
64954
100279
209666
41835
60159
5070
13764
57399
70866
26478
10062
219789
262984
44104
54042
122094
106270
133622
40045
166743
43637
159830
77517
23331
114705
66563
77596
28368
184199
11733
12345
20124
34284
86420
21116
164244
215905
222569
24942
133204
145823
99116
3738
79506
24052
21787
195135
163606
88890
123363
38605
9976
14668
20992
45393
24627
47747
12921
166497
54447
223263
105859
79868
57394
130262
64404
168757
184434
153813
88589
48069
1571
72188
35796
116810
61684
115922
67115
2977
11908
82264
183363
188857
180500
776
35747
121897
205056
130532
11778
133309
255944
72008
17785
26598
25016
128719
21435
113549
172872
20657
131423
195151
87789
38905
61466
144329
116886
45658
52255
207096
223722
207715
99700
95175
120541
188518
82676
39185
130511
119476
28297
20536
150347
64273
133936
204
114977
3966
94663
58015
122302
51975
101326
8092
18483
126840
1750
125216
143216
87774
114098
61917
175119
252947
30080
129519
257454
149550
48311
252559
134249
180232
172862
167776
18833
118627
192553
166925
74225
7194
83521
62515
62597
5124
36897
71491
162671
95546
172885
96958
8759
51341
130145
188763
260053
96766
107095
72967
199185
104028
17728
155620
8003
90232
44442
156462
34618
131705
120473
269054
142213
177856
152742
113808
228372
40351
18453
87943
49057
86386
4781
20843
46954
168997
90341
88761
73295
45230
35554
159649
19590
180663
141565
60570
235141
73737
42704
143402
32
50752
77148
146170
127761
53646
52563
141716
42612
21061
43849
80392
47671
145738
10855
90557
183826
48272
19904
77940
184085
21073
125025
104732
42374
45887
21157
75776
213374
206211
120442
60807
82488
12414
118659
112779
197744
48474
2928
122767
184865
88272
124796
5099
72470
160334
27553
199802
6287
54334
54648
241427
204576
82050
135277
209
52088
6983
258356
98080
41854
54103
160206
25931
144749
147248
28860
57432
21712
144764
117537
50284
66774
19356
19687
58391
91025
68179
72540
72152
129864
87736
873
115927
83562
56497
9435
4416
130796
166010
198260
5687
127969
28536
45157
175362
7088
200754
125909
133915
36555
78432
266713
22591
203758
260264
33254
84902
111281
112986
49979
134073
137883
34361
94608
41766
19087
122147
196599
3539
83063
34057
181000
134763
32176
65184
8105
127279
72606
32847
81423
29656
110805
99895
110463
109058
102110
25212
168061
110920
89860
201343
26361
97201
60591
85453
151895
225575
218672
215444
219680
81709
18655
36044
29520
86739
87392
185441
13868
22708
152889
102709
105412
129217
23959
68012
74003
45954
3328
158412
134044
82640
68781
62966
225850
28588
30710
234992
78404
181621
121780
182506
130206
121797
68645
151460
187775
14893
130718
6919
1796
104830
28822
179198
149873
95234
119455
165471
63968
63206
12134
47298
53516
151708
199574
100474
53346
47701
1949
8683
31143
51326
29106
127915
164820
171056
78673
161976
142600
2709
142332
41499
138451
9561
33122
172304
169263
20881
66379
53862
49108
84840
68381
48950
90528
74973
160007
89492
152169
111581
8455
19170
111998
49948
47247
64917
3182
68369
22226
46303
17148
41655
139135
58355
119133
94778
146571
4162
178773
211320
84082
177956
30330
127207
80153
37397
8092
112078
241098
51299
28084
142008
177019
92464
181895
81689
191423
126728
41942
36104
145614
48381
91354
165143
2974
86659
81055
51365
44556
101789
132443
99274
19378
64851
137707
81665
9451
4594
187558
104690
162699
219826
6031
187686
93169
123862
173024
91278
230999
74417
49363
41849
238587
11071
168844
79121
185590
126947
82870
22757
32047
158693
101604
21771
65688
205381
78238
18040
46263
54350
2925
157770
20251
15580
54347
141823
50704
150300
242812
30356
4619
97949
195346
89258
100212
8652
129360
88614
1511
159525
51363
136439
175152
134137
53235
154675
62030
5494
98729
191422
67246
200250
3984
58863
104963
58911
74710
221862
111446
142191
86127
160012
42299
89805
64496
62007
92224
57612
89779
91095
87711
44143
219936
103067
229856
21730
14760
421
153127
4603
100083
87395
50031
39729
14994
208437
27798
183603
61999
233460
70900
43101
2422
11400
100956
42158
68460
80105
39775
74268
57204
26261
166916
1142
190966
112797
14810
117815
55056
40067
93542
15304
30300
108065
123613
43991
95988
57133
142242
39985
75854
36292
52400
15952
13109
43967
4224
81158
160572
94951
121088
583
106331
113101
28825
26428
145430
95347
30703
48133
103480
41895
31056
141417
140148
85425
14073
164257
96152
80202
102691
213463
97856
130911
36659
46620
49221
201365
112571
100322
21467
96087
131140
33362
105702
77600
17205
85235
17586
54566
152944
148815
17049
1454
115112
150576
135224
106131
93121
175872
35335
44997
180290
39150
58621
135286
59896
98529
112717
5048
59158
177169
149103
109818
76923
56017
60202
226870
34470
140331
59294
202402
29407
50998
166989
82331
140644
22335
69633
49508
64624
134499
6171
115319
55647
52728
191143
73258
178702
1289
43098
125358
107541
5693
16248
37543
60065
141785
1033
52749
24294
59322
140211
70838
22954
110526
139636
146435
132722
2036
124342
66019
65077
89301
8235
37543
208234
3044
137777
96612
87699
122399
16999
11871
74199
21596
160559
89136
181555
119115
133477
149089
180670
41404
104057
131644
43599
28665
33615
23561
121525
65855
152670
82839
121700
116625
83319
73713
49453
155410
34099
8645
82474
24599
115889
107696
7678
42650
134815
7757
53372
16874
25801
102517
95025
58699
32374
205562
120099
181641
185554
134885
104729
17151
43920
49090
99510
138314
17441
232618
105446
17452
98779
61649
166815
64931
3853
80608
72768
50073
123246
37022
51625
93571
95860
69661
14784
6558
50072
135483
11060
89366
72612
138072
93236
114884
102600
15105
103181
72757
109989
15683
70381
126975
41800
193550
78974
11523
116978
147633
35988
55806
144790
109
107893
27783
31376
95044
48673
81635
87499
108348
94247
19935
133245
70132
99265
31959
153421
75489
71074
161255
85359
87115
24586
87862
85625
98127
52722
77133
37003
220247
69518
14731
97885
43228
100970
48929
14544
3463
184971
36501
138987
4702
78019
128557
57233
125179
40875
46942
48205
79245
31010
47519
109678
104607
40246
109015
89290
137857
88729
26651
39974
51807
147555
207338
917
20095
128487
20844
41585
159549
20666
36211
125359
62580
50572
5644
79136
51298
92022
83709
148657
4012
110464
130316
88506
53446
30201
54317
91051
43893
54963
215041
75500
20659
26156
28066
192051
136100
13643
18450
176035
109156
46642
78043
73270
57734
92364
81964
15018
22070
16566
179579
54820
73409
89486
118555
164258
92568
115062
22522
166215
136
48042
22800
35008
9939
91766
30754
75348
2588
41503
54144
13714
59943
132320
35427
82342
157706
26932
140051
88180
18401
228165
50188
86769
161224
74521
36043
77362
54418
93830
111633
178230
97487
55416
112973
3755
190382
61568
512
116858
161196
153016
42144
126838
103547
44120
202594
59296
28348
118580
213064
89769
63318
195430
104388
150413
186856
67589
72148
140498
54448
39071
75556
108520
18239
162923
41455
2865
77407
123980
21839
126864
141694
56432
99073
30085
12938
142462
193074
68964
20032
112449
28868
170537
35397
104928
46081
66540
112933
96229
112384
131926
161764
69702
181495
28621
134250
59490
65932
24194
202430
125564
19440
166372
22099
43320
43566
22302
46200
194387
44224
109891
143891
27617
122396
90996
34421
21556
712
300
33327
85522
38203
11589
203308
19929
110013
114630
13303
158040
17245
136616
147221
21620
53324
152820
69768
9435
23515
106454
139502
62976
81449
58695
17197
30791
74044
88460
103143
7473
91748
24358
93546
52251
43374
120657
165088
157729
81284
75243
122290
26313
43577
85953
18841
31817
46156
77920
79142
127587
194956
47291
1540
133149
30425
212755
7465
2623
47783
63303
133035
3541
22966
99458
8175
10326
177736
63002
2506
26339
85992
135469
19321
122391
28911
129941
93640
3443
67753
6389
36078
128602
24909
71031
109931
113432
22998
51834
99957
45141
44611
114422
162861
41257
185995
129228
54760
36769
67677
198256
136390
100108
126176
141273
166057
73222
107926
97285
174346
45245
122556
110912
52709
110088
149219
156303
54112
101801
43631
47245
163575
35865
147320
77299
72686
22634
108083
181947
16361
117235
72330
76251
15724
68063
6544
43606
162164
67417
158778
100856
165036
12644
109512
169
24187
155122
56560
33689
48507
107554
9665
43439
85272
84908
54337
198083
107968
93511
139392
170951
122064
3058
133326
23177
42542
178950
64033
40958
29621
33109
108064
127632
42207
45058
124603
120323
3376
60488
53344
63836
188366
152427
34687
16329
107542
37309
200839
22615
14894
177558
34832
102881
74127
88788
19133
21905
42337
61592
33222
43437
51509
28592
52487
563
129076
146370
35975
62135
22920
103868
63772
53745
85517
23240
8915
102155
69372
113226
99015
26785
52526
86252
51302
32105
46337
135362
33430
58968
96159
24715
111342
76829
16599
35419
154374
111465
177705
115297
4268
147334
23861
29297
32643
72438
125420
158232
175151
78814
106000
116585
19229
97992
123064
91888
62999
20773
3387
125218
76787
33887
143727
48011
132264
15530
9895
44299
12688
95724
57635
75894
94059
132186
113267
166977
67980
37172
51419
141108
73339
30444
61794
102605
76630
31477
19305
25442
9649
141349
73474
73538
36963
18981
152239
110111
110869
99709
30312
61444
29289
12193
99583
44558
109460
44821
62462
89384
149114
53165
90503
115322
98917
121837
11683
33967
29488
74967
147662
126010
83539
81223
68999
119010
11030
160094
66593
48174
198530
47151
89448
12743
115696
5093
57923
138762
110271
64954
128913
209590
24826
42598
77181
209886
107547
124271
122053
44414
129475
68909
36739
111614
27717
143894
36936
56021
83442
14542
32010
112842
7121
22226
64649
15424
50846
34126
6701
32459
193811
53284
27000
121969
183071
22497
115028
16762
54694
33474
101092
22093
85630
32881
91694
7296
165941
13854
35635
88361
15670
94894
43798
118187
185946
69301
65602
131537
21971
117264
68277
33656
128448
14400
8834
148607
22779
100018
11914
179351
119317
19689
36970
155566
59218
118756
2485
207600
6286
146943
57134
72642
148383
65002
110345
7011
106499
13020
142826
105639
44025
44456
32819
39974
26013
24495
16196
51833
23505
147248
4007
33536
53944
36636
33050
15781
190557
994
38135
22348
161191
26950
5546
18066
52541
43985
74492
173097
43703
23205
82558
52544
32517
173989
46065
33640
59634
66441
164998
116840
51466
37255
53748
13859
51714
32730
197398
79605
61439
89862
143269
87498
26607
603
23809
51
18475
118328
1724
15952
139381
72056
101088
30068
172864
10298
993
22901
143696
129332
138248
27585
196509
124699
53535
89563
49259
53001
30397
79267
35029
101017
52092
115860
177490
82284
133773
169077
54580
29357
94704
18725
101493
12969
20527
95725
26653
140116
120617
108955
11896
47554
14253
6211
28859
47090
99851
36856
27232
22018
92821
23146
116780
66972
183567
32201
70012
49459
111797
146737
69266
3084
114841
95734
141571
149669
168306
193555
10017
6869
88744
112799
94343
128906
65647
84855
104693
28011
96247
163280
130364
82553
42511
13375
30711
59140
91758
180881
67283
21750
165645
172970
30162
54986
88535
11786
18927
65169
37577
55601
128633
76580
41625
96985
38320
167319
23140
130473
21178
52780
10931
39907
127057
12793
9152
82364
71513
4856
125060
98691
143864
66119
162989
12606
63126
127223
34243
24388
4011
128165
59593
84418
112601
38446
99786
172034
54678
17677
113931
109049
25265
77582
3772
123313
51898
40026
16328
43970
18357
51349
146472
147155
92077
34243
22967
46222
12144
27920
84139
94306
61788
34009
166944
129061
83285
34955
12943
150427
40056
107106
83347
698
115333
32617
8048
152805
2196
3117
184375
6843
79252
43220
23911
103771
31443
11180
184074
174435
110355
4425
80287
76800
53103
97380
517
7711
53459
13773
26491
45792
4630
35756
51657
129358
100322
52650
119296
21880
74766
10096
6748
41136
28866
4276
127776
181050
167994
42763
40906
63894
13810
4563
27036
41750
160603
32937
170666
76240
46649
18409
21183
19481
95753
4717
140020
17623
106255
4665
72923
21697
129469
56659
208376
26380
53356
52751
19290
40562
105526
47961
98847
104229
153
12020
32980
80542
52647
9503
61418
19303
79209
74649
92566
123543
56610
55921
44677
95657
164714
69771
25729
31468
75115
24669
1247
134583
79243
31598
26045
187083
88119
60557
92819
16764
86904
121991
179506
3205
2367
8801
156928
88057
41888
151075
16045
40807
167237
92030
109770
103563
142393
175696
51792
26598
19618
16718
83982
133912
30403
119758
47776
74568
75067
1865
72227
8351
12678
110289
57366
34846
53375
77958
42495
73576
78657
123140
20284
32666
12089
75713
110288
101136
133037
22349
10746
51702
60329
128834
13349
30337
166727
46087
158172
69353
204102
81795
31700
19368
7297
19326
132231
79518
46890
49624
131362
51364
134234
136780
111265
39913
32085
20972
8455
69795
107601
171191
29020
79451
153937
11527
57486
152614
106488
5703
80818
108609
85394
75382
138064
76286
84983
13005
139136
193747
11476
121795
44375
89725
40330
105364
76275
14393
48598
37745
204691
25404
13339
65408
36118
88439
28639
121100
39435
35344
72201
4141
63351
21805
21362
143733
80257
2057
133121
54841
163729
139937
88603
84018
11944
118801
71974
5765
100868
87093
53522
48380
105579
76291
105128
30683
78376
122523
79091
42309
141432
45746
169934
87464
33064
122835
164144
50384
116397
8667
175511
137714
106714
103398
2094
38291
171159
46325
48976
53511
49610
132340
48445
116119
157726
70654
26001
7446
18113
72821
61673
114331
38554
168987
45777
24308
106011
19610
32581
24021
26887
89410
61103
942
52907
2311
109262
60640
33304
122009
112053
146
25343
57106
164124
21879
174388
9006
138632
176393
103383
20521
28032
21626
6507
73131
33640
68539
71786
4166
117967
55166
153709
103525
68942
106725
17799
102859
86080
6661
43390
287
104326
82496
49315
41418
39638
60556
157679
70848
71606
90875
53897
38885
16078
128743
11198
19277
74989
139322
30535
24665
27589
59506
163232
40887
34359
29105
52095
83489
14526
89111
54445
736
40042
80499
122128
102496
2946
1256
107171
2013
38147
4361
7875
60731
142545
18251
118865
55351
28375
38588
1098
17842
46206
105693
8490
37877
22304
52567
25282
145750
989
2334
120233
38599
93897
67906
57168
143551
31515
1374
53515
184711
1264
106347
3352
169614
177362
45019
76627
80225
111523
1421
111435
106889
19906
19108
102813
121239
130858
109340
86915
78725
97513
67696
10793
1370
42965
101397
66325
109530
109442
68289
46165
148840
183638
92032
1522
83213
49990
62013
27022
9576
73632
172384
9717
43256
171882
4784
11464
123585
98800
160794
72084
8701
130540
43874
17474
107760
15125
21
136808
20690
26916
191375
110496
29917
145627
141566
121196
145138
20895
12098
53354
86071
70184
124842
40843
44909
62351
80588
144256
69897
12763
116274
20601
128958
26455
85528
18784
47093
16446
6086
41990
41218
101425
31515
42998
6818
25494
29994
98216
4402
100716
119244
13565
41649
40572
65315
20100
453
21652
17871
71549
71743
38687
13030
107174
26866
11716
146269
66058
121938
58838
193007
80015
173881
17531
76753
75495
123571
38002
63273
23203
123404
151468
42636
71875
98233
145568
43131
113632
34956
94463
35245
48599
161273
101785
19697
86277
22913
2692
174299
112644
21998
61159
54755
65190
51506
42821
96380
32743
124148
117746
23913
91298
12805
27072
6159
54334
28570
45086
11731
11399
39548
113483
86978
54357
87177
20541
68314
132074
24922
64656
14003
113015
159780
46074
70938
138843
21770
69096
19443
30768
37071
4060
38423
20541
102119
31458
28097
146610
12232
80309
49209
9095
49078
84337
73487
62774
45586
69869
2445
42320
128766
13762
14009
165130
100945
125159
86767
55224
165629
37948
99181
139221
146474
4053
90941
50478
109959
61869
88489
19156
128364
153869
29439
124625
63470
157735
20966
22064
64282
89185
34083
94970
53732
140295
11444
70203
115094
112373
11778
156119
80258
109134
119610
21773
33270
41703
44675
46947
102424
26059
69286
37336
59071
17913
21347
85949
90828
11983
41338
64295
111258
52774
94856
22214
157804
80931
87647
86754
17783
59028
98919
114344
70070
69007
73735
149496
28358
193192
71468
139555
23038
68804
33983
28188
30797
60023
56703
77240
98695
39259
88691
77936
95831
37559
879
171167
71614
181352
58847
19538
54913
89498
40842
6261
20829
58215
79027
3126
114005
12508
90448
23328
19310
53391
13428
141544
99878
10211
47626
6775
87579
48744
45518
9512
139162
88901
20296
70377
137479
120122
27924
46268
123498
81296
22719
146197
26065
111589
45102
1623
160947
34662
5083
14402
147352
3190
11220
47416
75541
72447
154977
92876
101232
41151
119777
138502
72874
18883
106571
12329
54804
45983
161184
118412
42704
17138
32358
7762
123104
37123
15096
80249
46807
60436
24173
125862
30549
22715
1238
27571
24761
56948
64373
117659
11768
8169
22336
14134
50866
77696
70719
60100
27628
21795
31238
51398
168522
161444
143566
13984
99259
54793
82576
3794
76321
53716
66138
54611
72590
86833
84498
28707
39948
31403
140467
38274
106959
9454
62922
40621
18692
12254
119392
75218
14356
132985
464
32563
5758
68327
56482
3236
24017
39362
93272
146635
114739
126655
135606
105098
9537
25514
75705
36421
83938
68463
76393
96032
82661
30330
116408
61184
72956
145366
44798
45337
53090
25560
70425
17015
13374
40501
1892
38644
37157
15846
104999
67615
35005
110436
15925
49492
2447
51002
17538
126453
123214
48280
12265
45444
32198
42980
23788
59714
71868
62849
69621
56857
86970
35380
95647
54489
76582
10589
43651
106595
119061
17889
92798
25649
2661
122469
68251
73793
125412
72636
131136
37072
91851
52518
120401
54930
15256
96688
35841
88510
55628
162998
70741
80644
16887
145541
85951
132117
110066
106756
66625
61360
90252
139863
98708
67916
79610
11306
24008
60410
106790
46281
150696
71587
20570
5239
33528
93384
2597
157085
1389
103710
65804
63398
52463
5462
85684
5391
98349
16550
107562
11418
40652
70743
41951
32894
18430
36892
30727
6682
21188
44563
137760
53035
97639
16785
55901
3641
61820
51237
2395
122624
19470
84794
94190
123792
65949
28189
63106
64812
41964
74795
110825
110231
119517
94257
84047
61766
14192
46661
1474
83203
12231
65160
8189
92285
131970
51723
28333
156158
89469
98078
34984
73184
5166
5965
49351
38670
47327
104287
8855
155952
1413
97405
17195
87796
9138
27587
28688
6123
2670
8119
82689
120723
14891
50231
39144
49271
81617
2432
12827
54395
86730
61425
4456
21921
65931
89272
110729
161378
55419
36166
38250
21796
107388
102412
124063
80287
115569
141035
128740
60351
1200
70662
83596
1844
50583
51739
729
135401
148834
16291
28334
77829
50830
34662
74294
77611
10713
46767
66625
87403
61910
70449
34636
39004
57779
28834
81311
25516
48523
145987
25430
88852
98591
117573
76016
139555
40885
10011
51340
15073
39633
2032
58525
29014
24318
98450
24123
44061
82305
