103285
167358
98790
643545
14616
19187
381501
1858407
442270
179700
75855
596778
659526
16290
1486508
51681
1345620
561487
106030
2453021
423660
147362
356488
1846081
1256905
215496
259560
850860
1025220
677996
239778
312445
560520
258840
17391
569778
1214461
173166
7875
385881
854778
7140
881128
592416
589155
936099
110215
144329
56953
8515
15400
25333
1330896
2559452
755808
4560
1395285
275653
234270
828828
15931
137987
1219141
149331
2392578
304590
175080
35844
584821
1175811
372816
97903
108345
427350
401856
33670
954890
2624586
3570
755796
37128
1381953
35270
1225395
1220801
239086
2057423
113526
2021408
666435
6903
69751
1283341
227475
19503
117432
483636
1952337
1253736
1075311
152076
295296
200661
410871
766941
186649
53301
293841
200661
223446
76593
2429910
1146855
37950
66
253116
384126
615495
150462
78
2278
101025
1439056
1842240
51040
2021872
322003
522753
37675
695610
300845
342378
1480720
554931
71631
61425
1274406
560211
171400
4186
41100
630003
1041846
1653
1751247
3855
2265275
277140
517653
724884
1664400
139128
15225
25651
436645
955653
328455
713415
531996
274911
158203
6105
1378
17730
845650
1095940
539727
1233678
1663907
70500
51681
98999
224785
1378
46360
604152
1405326
85062
897969
2209751
348195
126253
47669
314821
131207
114003
1226228
2506497
1254398
1322751
211575
2317142
2170812
194519
158203
23949
123772
1704781
1178880
127260
1447551
99434
386760
1602945
6441
266815
13695
148240
656085
1021735
1193933
240683
38781
69507
393528
177310
60726
29646
1617301
1431
1711
1290421
431985
98346
1725153
1730730
47586
991936
73920
2578842
25200
140403
431056
1404504
179101
2520621
333336
758296
661825
1425516
104834
526851
39712
1973091
295296
475215
2080
17020
107880
630003
201295
406351
3741
2371821
20583
583740
2637506
542361
171
281625
234527
130816
216811
603351
115440
50403
528236
2479908
328382
581581
263901
24090
78089
1337430
80200
30628
619941
11476
330089
8001
1140805
412397
991292
106030
32871
173755
873181
157533
505515
186355
1551441
1163773
64620
44105
1922529
125250
1495585
3828
593505
134421
769420
3486
1738180
240471
512578
629533
38781
1809801
100128
98974
654940
391170
946
203841
47895
2364225
903
1118452
225568
561
472153
9591
392758
158766
74595
11476
1128753
1937496
1139295
250986
2143048
1298466
619941
1324378
186966
147000
743590
559153
234751
599697
147388
358087
284635
108345
1267573
590241
244891
1558495
2442834
436195
1225
794430
395605
379699
2055191
1068400
1667404
35479
399019
1672972
1143279
1186853
502503
52134
45
6105
810901
2810197
32385
107416
1762503
869221
277140
957036
2401348
195625
248865
2447578
212878
292414
591328
300
1908415
23079
23871
2606526
2494329
1010331
92809
253116
1249297
6670
2417082
517653
1590436
17052
9730
803066
80200
1043290
979034
149331
2471693
1853775
476776
93528
47278
116403
991936
883785
1345620
202566
1594005
44551
368511
664128
1035
584821
1533876
1909932
242353
5050
465
12761
21736
292230
1753128
50086
1038961
112575
263901
1040403
1333527
784906
81982
525825
54946
277147
6670
706266
649230
134421
1318063
861328
814726
31878
1203388
162735
75357
1555977
436645
682659
1313050
70500
1645701
23005
2410116
705078
39881
342378
60031
17911
1078246
2029105
541320
1277517
2283256
157080
59340
31626
1203576
1652872
87153
679195
492056
1096072
27704
108345
1296855
202001
166753
9987
299151
41498
23871
569778
15753
1819278
1122751
72390
1473186
1175811
50721
95703
37128
247876
95703
1601155
1014600
955653
134859
105532
2145
1304920
39060
14878
44929
540248
1509453
276
642531
785091
30511
689149
2145
454581
241469
332520
538203
24310
596778
760853
1070916
937765
1846081
435743
1255454
1233293
333401
98346
113526
3003
45516
150316
384126
1303305
1221474
278476
31905
19503
1535628
949576
161028
274911
435
253828
1653
350703
2080
2634365
731445
9180
899811
1614489
385003
1026028
19503
359976
1872286
771903
204480
93096
647338
107191
263901
414505
372816
300
90629
100106
389403
2618911
277885
145530
843051
1486950
975106
1295245
37950
18528
103740
906531
2065188
10296
2530156
373804
368930
94395
76636
1077398
1935528
55
622659
2208396
856086
119316
1065320
2382082
1652562
30381
78025
261585
1192740
1737685
633655
24642
55710
697971
80351
208335
807085
37184
993886
1249139
388150
86320
23005
43365
256326
3321
1433971
86803
1513219
2507494
63330
299925
273430
738720
3081
372816
1225
128778
1047628
3741
1324378
127765
219403
26335
810901
102378
1333696
487074
31125
2687841
1821186
8911
602253
106157
565516
1378
611578
66452
20100
2295382
820
29161
22181
765703
645816
1961662
520399
11325
132195
545490
214185
23831
1511605
1783000
1619100
1863415
11175
126756
163306
798122
117855
499500
189420
94830
64261
1350181
1631721
708645
2416960
2220320
111628
457446
528837
592416
586986
595
766941
1552005
120295
734605
1018488
2666934
1403650
226801
238614
1331655
2743191
416328
1935528
1610403
1429480
6328
15051
308918
1430586
215496
1297985
292230
276255
679195
58753
44917
446144
1766260
1792523
140185
2016
1327635
2337916
106584
42778
1488675
315615
2382271
59465
2616721
10
2306997
760342
4851
2280180
37950
44821
182710
124714
1212903
2445641
980700
1007490
1249467
3516
807937
85491
228826
52895
1043919
565696
15400
2572802
210925
131328
1321125
78
27453
3321
17391
207664
33411
19691
436072
2571964
962508
1792671
42486
443211
94395
211575
803278
732655
876529
1660753
1540
14878
974293
104729
31375
51681
497288
1620900
18915
2233441
11628
2573895
220780
431056
2811
72396
853471
27730
5778
144991
4532
249697
394716
714610
185745
97665
2258772
5886
8385
1231471
554931
1871802
885115
44850
1330896
262450
15
1754589
707455
29958
17017
306153
481671
196251
1036080
116530
85081
684766
373054
171
712221
206957
16110
1828828
421821
102831
129795
136503
343206
976503
65095
721801
68223
2016
37195
1266433
922761
373680
380628
599045
156105
1107321
87571
56280
2680341
77815
1642479
164451
331705
1268028
1891
757647
1547920
152628
1229721
93961
1139295
2278
489555
1162050
104538
2013021
7750
355920
42195
80601
876985
195000
2049300
37950
72390
397467
51681
2025078
1128
630987
903
28680
263901
563391
1423405
562008
2325764
43780
19353
37401
1107816
2080
403651
1583486
1792671
559153
558168
533028
139656
231
18915
163878
55113
10878
322003
1593093
579426
1086913
287661
729028
40755
721801
342378
1471365
1082
1003236
246051
141778
552251
247456
276
90951
3789
1927666
137349
1386945
69378
88200
47895
536217
1911258
344865
741
218791
572985
1639181
1704517
1080845
94888
496
1004992
2701
911925
1646205
951510
41041
82621
726615
32385
863955
266164
439453
304105
913276
738720
256686
1128
533028
2301585
64261
754606
28920
32880
482653
68265
62835
814726
1673535
358281
4005
319014
1172519
196251
107416
506521
1811663
1577542
781787
52003
688551
753682
501501
95448
354061
6441
42778
244650
34756
499500
548628
137550
760761
412433
2210323
4005
2303731
123776
512578
1041822
707455
2597865
699153
1919820
1449253
33670
656085
94830
280126
325
426426
11781
53956
1174278
255970
780625
1237951
38230
2080606
30628
315615
2131773
521731
326327
640009
461280
1945
85078
191890
41328
619847
633857
7790
1664757
79549
42195
287742
2671464
1059240
442270
9652
101025
1353982
1343980
207690
503506
510662
115921
1092981
352380
54710
501207
428275
633375
13041
627760
488365
58311
2080
272682
580441
2035
388595
63190
987510
344186
36856
71631
469965
26510
248885
2645220
24531
185745
741
172370
15760
11026
338253
59726
742371
1353835
452676
525825
155961
4950
547581
130305
55
181503
1455285
42080
1770
1168156
52975
645212
1533876
223446
666200
15576
474770
2663973
189014
1378
314821
76636
1075311
378015
67528
739203
548628
2119330
329266
142845
211082
2137276
250278
14365
1233375
1062659
57291
289261
507528
1148513
52650
27562
103285
199396
2164424
188997
2792716
547581
101475
468028
1921780
1119756
98790
2539400
950131
137142
110215
74691
401470
47278
52465
935981
1109305
2711260
1664400
92410
12720
51040
460320
53628
38781
149993
371091
2790744
1729662
98669
2069627
44012
732655
286903
5158
549676
2145
131328
3214
273807
63190
1932847
1880830
147153
1098081
304590
1495585
75855
18336
5565
13861
643545
144453
1146485
1197392
63546
205761
2677748
153735
87594
17962
1250010
51040
238966
1596
694143
726118
77361
320401
123470
366229
115440
834607
69102
829852
313236
672402
573697
504602
752602
132870
14028
891866
75547
110057
21321
270480
303709
70913
503246
2485
502558
264259
449826
135460
25122
1265467
1023571
847290
877297
63190
166176
364793
285956
1173385
845847
288867
1022114
201696
392055
178331
329266
1132420
872940
58996
20503
416328
37234
31125
85905
359044
105570
1009246
946
86179
97020
195625
1443697
236181
15225
43071
598052
120582
7021
491856
174345
965552
1203519
622893
119316
1290727
641026
37907
962202
82621
669173
1382994
4278
909937
224785
591020
51040
575429
498874
583589
524897
366796
918545
700333
257987
210925
345032
79599
554931
171374
135392
35778
124750
141962
331807
222101
215261
1036211
697752
70698
195674
22155
245834
5886
354982
70125
665998
343507
29161
149248
100590
414505
306427
496
820247
800745
721547
406
44324
9730
659526
352277
138857
672547
550071
141778
610937
51691
52326
374675
425107
437158
12701
99143
136503
801259
285229
306936
188387
30068
145530
12090
419332
1431930
684602
188191
220116
49781
187157
113526
536294
1266805
19306
250278
224785
71192
1030802
252068
216932
19701
486509
520680
119362
329266
159330
1026804
942453
67161
328455
114003
804562
253682
39903
136519
1425048
901308
278401
468112
234696
138075
552963
681791
567988
281051
488698
649260
12880
35245
511526
12246
338772
132548
429082
90786
679195
83015
652949
50721
378231
1357071
114960
628729
258884
739137
276
39060
405571
29890
260956
197506
21342
1084199
326836
165860
70592
210925
454581
166753
876886
598559
151525
29651
116132
903
845593
135981
72848
532977
77641
945399
700193
540658
583168
18584
628881
6555
313236
557161
5565
3081
101469
104196
108345
1417808
535241
351
469112
69507
24623
748543
268217
99887
174345
94131
144453
1115069
657231
632433
300577
651929
860903
178256
100576
257449
167537
254541
9453
802932
36113
639630
19250
372816
45
52255
618828
857861
417189
137032
1891
423007
643387
946
257403
159962
31273
529208
13366
593499
13203
384206
1080100
351541
126782
771752
567645
25200
8911
104386
941971
996452
516007
81003
495207
829836
73190
353373
85892
503062
947892
36856
1163575
2278
262925
986470
6441
136503
11175
5357
29657
949072
41507
249571
26796
545068
653461
287733
512130
1111812
69751
29403
82078
858546
39903
287661
1326
174126
793380
55945
183487
437453
860032
99235
58311
1540
92065
3321
51214
351
12720
396533
215080
342378
16703
1096677
841473
376279
609620
228826
473390
386591
585903
27730
15931
1083233
1156881
535480
341551
9591
887561
874334
526803
14365
512096
336610
561832
3321
26335
92235
529266
98346
1180245
348195
46675
129500
117722
660367
798906
965233
566433
435
645347
20301
13695
404057
877540
55278
665593
863851
81810
1272982
558520
176715
116886
22780
69378
193753
5356
776119
824891
155961
488704
447515
97461
67074
811598
118828
818143
117220
43109
126543
398915
722836
266815
99235
80014
863735
162437
1165910
45753
9045
199588
1287982
1275
5253
79439
83342
1426741
443211
89037
544241
589155
3570
356597
411458
1250972
445694
822486
179101
5648
195277
591449
1217686
1081
56881
148682
1423328
37748
378557
1435617
222815
968904
179282
1437957
3570
1021953
102378
195694
263478
546118
340259
90149
252823
195000
15051
60485
10331
984769
232327
12090
988665
252405
57565
355477
658434
43071
47955
68235
486842
310136
87153
793376
70125
167944
891553
724372
508587
260354
280096
918922
987896
1714
8324
22180
350759
338930
576476
751033
304329
431652
202525
37423
43660
71049
238156
486991
514385
6328
55305
1027014
249571
3828
940546
66
104
727672
15931
6555
737659
858154
1248679
600203
115928
861
822817
157007
572815
29161
341925
123609
611716
7381
1104424
408156
1101689
1104581
1214816
83441
53628
970669
958611
218174
106352
351
1151532
711494
346602
43365
1409171
623222
900962
542340
1212464
62835
29161
8515
10382
1095976
489897
604012
71879
702698
149331
15931
663679
798184
5356
52975
990636
281625
582086
1035
817352
108946
893782
169111
1051864
860888
713415
509007
397447
813907
210738
174840
748063
243253
5460
208420
207046
455709
20642
555371
16653
491988
292692
340903
3486
468958
1148515
43074
1020511
577609
483647
669611
625805
820207
165025
110935
274801
47278
360483
71932
684952
250167
335962
861040
311856
380935
203032
22791
27966
563535
117237
905583
204480
159895
306936
494515
25651
492532
83845
606922
822071
542984
593707
34980
1891
8646
140651
3403
668482
4371
18528
422975
585569
957528
328332
13523
871810
314666
965281
66805
105570
941041
109381
4371
183466
116403
99294
689547
514618
63546
17293
161028
104653
1057842
153181
1004186
63930
998355
333899
1086769
33930
447592
401856
89969
345379
96612
21309
1441728
703826
10995
779251
832402
270181
140210
196215
155961
19306
14878
211719
133423
126077
115396
90968
578387
2628
109592
39294
8778
79816
878506
927508
678800
1120336
530977
323610
663845
514859
591181
335692
144155
24914
810175
10440
125747
386305
4065
461963
30124
308962
23220
595577
81895
330572
1540
468057
722960
81298
408733
695312
105570
144374
1303892
151276
472676
232412
10
614713
77351
141961
144540
492528
184528
3160
1169267
905526
54285
2701
878143
1038582
856097
1093145
583686
866407
798682
36585
127765
204637
809297
256351
6241
64441
960587
36856
5995
535925
732366
26797
884780
968084
186356
14011
133386
6105
648912
518752
88201
247747
1437672
262223
144546
1230412
577738
392055
358093
3140
644942
152334
219457
52650
438562
170827
33153
424990
765808
39407
283881
22155
788104
1227206
435352
613431
122760
500538
20100
532819
235641
715221
92180
536497
255970
864472
870950
194376
717003
60726
710239
130305
120
26925
63546
486155
726286
54615
618452
31979
390358
45704
148939
322429
75203
610766
2926
920231
106391
43071
397169
9180
861
22155
290944
39598
816003
310
333336
145609
538460
5565
72390
577615
488776
153
40244
80746
580139
957353
880117
625427
58090
171405
26335
99247
364422
649982
371689
912254
586405
124251
486924
105
27966
67528
9453
1176
41616
345089
569246
644032
106030
835572
129286
42165
136503
1083887
7503
1081996
31125
276
112829
579265
378925
334286
112126
349745
260281
517522
240628
571609
1371931
220780
166176
793397
14028
632812
41328
44850
153
952964
889630
61855
380291
62044
296886
500618
408070
51838
512453
197353
1416352
122265
536598
3321
631126
743977
382180
330078
439126
617141
589836
924671
35025
11700
559382
24580
157918
12561
19110
997461
983
197506
1377826
1239736
213536
645436
524828
890912
421607
1114075
405103
342871
352368
1505329
74691
507459
1154741
823790
87206
181757
490136
89408
1344745
166846
207690
38091
470869
164451
427350
1301912
700909
285617
649082
342182
136503
1017045
852301
171
521291
88734
307190
295221
855983
143020
522847
22222
757065
477388
254377
54615
455917
246733
1436461
338893
564499
408972
808193
702705
105
251872
774679
1165622
506821
425503
717002
24753
23871
15447
213531
9730
228150
522100
273430
610412
237705
946503
271290
66160
1170254
50403
153181
522604
636571
3741
637006
8646
587215
501887
567563
27495
907145
41263
103285
574150
1053767
93096
403982
635084
633221
594232
54615
5356
799045
212226
707666
288362
33544
29161
214448
59685
1341695
46971
