19235
17920
18719
46056
37419
1142
15085
42477
7111
22232
1530
39490
20752
5648
594
2135
34356
8753
15441
14330
31806
23639
8130
3548
42130
897
40654
18906
17452
7012
40062
9169
870
14498
2137
7124
16556
29883
8497
6930
22769
4650
40054
10882
8386
602
18786
7273
15824
30318
1181
26340
15208
7518
38953
21456
21482
21730
47553
30097
8460
8039
3372
12956
20992
1175
20684
3803
33704
13647
3162
356
27807
5513
1901
29468
2203
33174
23942
18578
15740
21530
4131
2863
9712
23635
46631
47393
2486
1766
6564
14348
9487
312
13259
25501
8304
39749
10928
3306
33386
14546
5574
21961
17608
8063
36674
24012
27463
689
5354
22116
5110
276
32570
27095
20325
13817
5849
4030
16025
13566
7263
27667
42522
11887
6606
6927
22561
21525
1255
18904
21435
43665
17534
25464
25896
26729
17370
8010
12805
16654
13108
9524
5273
15548
15960
4795
29350
34287
39489
17503
34637
3680
15636
12352
26861
14354
36673
10307
14077
2155
22217
28446
28465
6587
4815
40098
10250
8329
12118
24185
2155
17335
19335
14845
10083
8973
4904
12210
21057
5619
15846
24543
30754
5836
12812
23808
12077
2324
21478
11404
29688
11170
1953
12239
26969
46460
12266
28682
6286
8978
25071
27433
12380
21223
4590
25244
40132
17233
39538
32978
15421
3969
19687
18883
26277
4335
11598
27954
28568
15086
38287
40290
10239
9700
13454
2794
1667
11139
5331
23016
12050
42427
47176
38085
32063
11143
7308
8585
4148
22463
14741
6950
3736
33555
29881
27562
26581
16078
18490
7865
32583
22668
2751
18181
22268
17359
14883
51
14555
12517
841
13563
28460
14321
1877
2938
39299
19274
11001
14488
12398
22372
22095
22179
42453
10994
14940
7160
441
39348
16946
3244
11680
13848
6725
13836
33714
16602
19027
38957
10847
7802
35865
7184
6861
28611
7074
27327
5525
421
1503
284
22346
7675
18998
32451
11126
3463
4354
579
1233
6855
20797
3964
4498
5931
246
40772
3516
2591
26113
11106
2539
23745
5926
39085
18321
26320
32329
10314
794
12965
15789
18448
24297
5163
4531
17172
12113
22438
5601
29185
43823
20383
4866
28346
8831
9513
23617
1103
34065
21517
7475
26370
10539
8870
714
32524
6357
1811
11477
16569
4500
12880
3387
15671
12801
13726
26625
8639
5805
18631
3856
7614
6756
26675
5175
9247
17390
12562
2638
6274
14314
16929
31939
6584
16211
20320
33714
6182
32028
10906
27850
18310
499
28511
22464
893
13428
19919
3414
23824
42290
12529
7304
4160
25199
2268
3682
9703
1864
13531
12676
36229
29638
8367
11981
38711
6350
16629
6969
4022
17413
2686
1805
36934
5114
2354
2200
4208
9257
972
8534
28325
18697
14921
21868
898
5323
41888
8763
12874
23757
22572
15376
14353
28954
1500
11812
14394
36118
1244
21497
11021
17744
13791
19599
19503
17371
29060
40576
11611
6495
21866
4056
22439
35056
9904
15643
40865
16049
10328
5806
3545
42554
2692
33007
32006
1505
16139
39043
11796
26471
19391
9560
592
9174
1233
15908
10806
18358
5663
25869
74
9021
9987
7088
25190
38696
3671
14300
7907
22019
8044
27497
41523
14048
3738
27483
5152
4123
28128
9550
36171
34464
9021
8485
6808
6391
12363
24306
33545
18188
47323
30110
8927
12361
1452
26013
10952
28394
2971
8446
8190
9163
3336
19915
19283
17431
7931
6270
10254
27127
7500
568
43618
4981
17779
12665
42911
6541
27365
7058
23749
11798
12641
2638
6199
6118
14664
27613
16905
9368
15804
23649
7534
32410
19575
10438
41171
16390
14998
5668
13052
46631
20401
47254
6014
17741
228
21642
1010
37818
32741
27165
18613
13321
3790
18960
11192
13186
40997
18131
11885
12363
23573
2158
25069
9483
10974
25950
2289
830
14335
17264
46085
15252
44825
9437
5522
19703
207
15375
19986
19573
34547
15981
7354
7148
30780
22536
3500
23304
32695
5284
13531
4821
3717
9336
25256
13812
7928
19033
43584
5346
26524
20519
18440
35734
40501
13154
24515
27407
715
27512
5620
16902
15500
38957
6052
1950
43299
29798
5693
1919
44068
36695
33599
19374
3969
25582
44451
19984
40247
38265
35942
1324
18141
15586
15031
23651
4629
12932
14336
13144
10288
11233
14602
39008
41555
19428
16152
8637
44849
4801
44750
1922
19000
1788
9687
16342
12828
9914
4481
11552
62
44360
35624
5183
24394
2658
4938
15700
5625
1345
28490
12245
17515
21049
11800
5733
21752
33441
14855
30274
13845
28152
41206
3918
7568
26901
4679
4048
9498
4577
15924
29176
20021
803
14476
35014
10382
34041
23190
16886
27363
12013
5177
6965
16088
10150
42446
20828
7159
8259
19659
4097
10630
13721
39615
5868
14432
47746
34548
35704
1484
21204
17809
15802
13076
4354
28250
26444
7108
32395
8699
8118
44323
31039
19099
31630
18969
277
1603
10487
42470
9638
18003
18874
21840
11643
6431
29409
14226
5400
7860
25406
13191
22838
38100
5848
5890
2044
4501
99
4739
12074
6600
11521
8514
381
12740
23549
45495
1509
11574
6348
2603
12911
3250
18633
39864
7987
13521
38481
20806
24450
2580
11261
9760
30375
9457
25284
22534
12281
17719
20514
19580
7879
25722
14715
9946
19690
5897
9224
12392
5490
17978
5482
26647
21652
18813
12095
4605
5061
4607
29903
1711
23766
10091
27172
4085
13997
14964
18382
34506
3204
21187
1356
2881
3534
3135
12440
23062
10646
15289
10874
6256
27072
2340
15015
27149
3187
40514
13290
15381
13900
13383
7792
12146
21073
12604
27365
34660
1672
10243
32001
18362
9971
24426
37138
23226
6538
5630
25050
33029
13853
10897
44128
15328
7330
30704
3949
14054
1570
11190
3792
16058
17087
25979
6331
13864
3571
16571
14483
26896
23294
32755
26168
18982
14568
31165
28488
3778
7519
7311
17954
6223
3210
9512
35835
941
13872
29555
15700
616
41047
32890
9604
14288
14260
8868
21854
17933
8419
45357
22089
9071
11831
21978
3976
10000
6256
5136
6070
15959
22780
32371
22608
35326
35839
28917
12910
4289
10800
7656
57
21370
32946
30865
1479
32992
19508
9750
10036
39339
30872
13493
3830
17281
22757
39873
30206
13894
30321
4435
19119
5007
1765
30323
2743
21917
7670
6016
6474
39911
42728
30062
30997
22117
28863
7093
13283
16658
2230
21170
29684
1122
37471
8616
7856
25416
17723
16444
9507
9725
4947
887
418
12533
32822
3554
4361
21148
16111
39434
28121
6418
477
1281
17455
12463
17579
8909
38782
3751
12964
33236
30275
16653
17606
11980
30076
20957
41901
665
26176
295
1199
39565
10251
16800
31072
22956
15556
16261
822
11614
16751
20090
16610
36857
7498
3113
29685
21706
37819
24228
9832
30735
13529
14654
26956
6612
33710
9791
29608
11082
13067
6864
12562
24886
966
7241
9641
7089
1144
32907
7826
12222
25055
198
28988
5340
13588
10540
32242
741
24163
17478
13458
4857
20249
3247
20991
38057
29397
16324
22960
39235
117
8931
24218
20374
18755
28577
10820
25425
11125
1675
24929
33752
38765
5084
14564
45146
5017
26526
11040
34466
606
10553
7064
29821
6600
35660
32089
1160
15053
24192
5348
28644
30436
18758
1926
6950
27774
1370
29273
3679
4014
38363
15990
23006
20044
41320
33726
11746
24916
19583
13524
1861
4870
680
41102
13305
25139
311
19415
4913
10994
13951
6463
20144
21411
22127
8424
4464
14808
244
8810
1475
9236
24463
13084
27941
2491
3084
23435
4161
17992
2613
38921
10750
4081
18288
15398
26448
39391
34315
20938
4685
19076
250
28165
18721
10861
40125
32354
4153
3111
18623
4969
28517
7405
5671
6269
34756
3480
6080
12065
3967
32119
36208
1971
8094
32214
19608
4759
39174
4420
16824
10369
13520
40397
32341
2755
3906
21220
7652
1740
35192
15619
20239
20945
23212
13677
22822
28104
8480
33
4117
12516
9230
13811
15474
7298
16898
3437
25784
16587
32525
15964
3529
9993
10435
4178
46698
8849
2073
6059
45574
5163
9130
24490
16938
28534
10952
1677
9762
44679
21672
22520
13066
19757
25491
4456
7679
16480
6597
5890
24933
630
47292
2518
16225
1555
3090
22536
11085
161
6535
22120
16626
537
775
30672
2061
23061
5604
17697
22301
32070
8825
10443
22673
2204
23902
2035
34965
2127
31557
9792
7882
48246
9303
19936
5395
20358
33549
818
15442
5292
23495
43124
2300
33107
32700
21077
24301
12291
18496
12910
23374
6252
2341
3887
19480
7515
20945
40242
36017
1932
26760
2282
34028
17612
34232
24782
28265
256
18672
19047
17738
39510
26286
26242
42850
16163
11091
9784
19494
33720
3228
15408
19618
38367
13595
20471
8295
11584
26429
32116
18294
4678
6478
37787
31601
17540
8722
4176
1388
15084
22429
16679
24117
27205
20747
4807
7663
27091
13315
10579
10673
19099
10277
14180
5229
10217
2098
8977
22729
33499
17092
25718
22568
10089
4193
33970
2337
15431
32948
15204
44852
4440
27474
24565
38401
6435
24297
8825
43185
6640
42962
38539
21796
20920
12978
28301
18881
11826
20942
7985
15700
14171
10554
21274
15762
33342
23588
24430
932
12350
15360
16335
35604
25627
30524
9200
11183
33903
34
21346
9051
21897
40995
33118
2132
15866
11168
31255
14492
24508
3092
46347
5059
19821
3284
16003
13473
31559
16289
40722
16934
29816
31211
6544
14086
27093
27770
9062
13224
18289
23771
21301
41476
5852
7831
15391
15578
19148
38361
11470
11058
4925
32350
9922
6770
26195
11567
1557
4027
8520
22921
32564
10017
29060
36569
29709
15236
27146
403
22459
23737
8404
41064
31051
13142
18521
634
11758
15285
9600
7444
33218
21270
21083
30988
11224
9512
20013
4840
44792
17759
25035
9161
27438
24175
9275
8348
13834
35153
6102
26863
17587
26169
21616
40732
2642
13039
34042
6094
36434
22560
27627
1069
36190
32860
861
18426
1395
8354
9398
4949
18930
22275
6732
1074
5926
16656
4612
13360
17906
3686
19294
39850
10440
522
286
10518
41472
23075
3233
3179
3033
15438
16818
1406
41565
25346
22005
47779
17540
18314
27072
16614
26270
13124
7773
36217
12127
11992
8102
21004
12634
9425
22312
14717
4778
8059
17229
20074
29460
3240
41014
11103
3597
33084
567
16736
10342
15933
17599
7302
63
1279
11553
6707
25456
23614
42225
33887
23219
16237
230
42825
5925
20019
4068
24099
17682
12927
2290
11370
10063
23099
31070
5646
613
24973
7724
27497
4233
1771
19231
21541
1341
30108
8269
8059
8011
29397
2710
13988
7491
9246
1194
13948
27994
11163
6855
36244
17169
8945
12951
35603
28334
10640
23318
29804
13061
12590
35805
11119
9427
5841
8506
19799
10655
24796
28367
13368
8112
7954
7542
5030
13042
7201
24983
46800
8100
3854
4710
13800
24668
5658
39026
1816
4571
27070
29194
11056
27112
5721
2432
37576
11379
12678
28344
5021
5806
2327
17002
35456
2542
7412
32582
23569
928
9848
11732
24483
11217
21388
20047
29018
19918
5112
8048
5481
29272
13598
27783
9405
34988
11276
11669
20927
12296
24406
6033
24337
33395
25143
16669
11744
20305
3014
7914
26040
47687
15186
6104
24938
10526
24870
7376
14672
22192
4085
16172
21976
2551
10646
11265
12615
38157
23884
28239
38934
4542
11267
41457
13262
5865
35968
44117
19833
1944
37107
6005
13002
26980
12723
13675
33896
6713
30241
6228
4350
28306
15727
13723
9096
7873
1847
12680
4048
5025
13102
1790
16486
10168
21057
46475
8587
6098
9998
8317
11183
33207
4216
26398
5897
2661
30261
19078
17512
18603
13635
30544
9951
9742
18420
10884
4421
31615
23675
7266
26844
39135
42721
26535
35463
39790
28889
6799
11510
4463
7088
14829
6091
4395
26018
31715
25761
25190
30297
40186
12985
7736
1704
30113
5907
1381
29421
20416
36133
12484
11299
6822
25732
30146
4275
43646
769
2321
24798
9906
8814
10679
5510
2636
5019
14711
16062
7614
29271
6060
2297
20672
22429
7247
9573
87
22270
41186
8835
11585
26370
17667
25721
12458
32365
3627
12911
18628
10416
13652
1315
9668
7619
39092
9569
6082
3809
30971
13695
5257
11113
25465
19063
6626
124
35927
47383
30469
19912
27943
10105
6405
29454
10840
5048
810
45409
30528
4535
22380
9613
33206
6053
29424
10801
2965
3932
38238
20860
29334
35618
7776
16878
3813
36774
17411
5198
13387
22732
33786
9586
27200
8999
23530
34298
4093
21921
14951
18128
29999
34920
12129
6129
6287
27216
13928
35396
28454
21007
34777
29866
7650
22661
21267
32668
31893
5369
35950
2737
17520
5158
49182
20309
7640
27309
11807
5576
2041
5271
20418
46074
29914
5756
22648
22421
39875
40887
10005
49142
4666
4483
15009
45372
27437
6782
36681
291
1393
11800
5555
29373
34947
21402
41554
1406
6641
356
19188
30340
15428
10140
2901
21006
42303
4576
27982
10795
6283
1197
10353
4311
1692
38664
21481
21808
20175
5739
27273
8012
20330
19942
18705
6953
15991
36838
26955
31456
8759
41882
31093
2877
2663
21631
15836
19814
2259
36673
1345
1630
8758
19463
22815
17249
17615
16066
37565
21765
22196
2921
11204
18488
88
265
9068
31612
22986
21658
23611
6903
26142
15175
13407
12554
17634
9125
25074
7444
1768
16226
1829
11722
39463
993
12921
41295
13568
28498
1518
22328
4494
14047
6375
30836
21749
11000
37639
15347
4532
27077
4068
5882
19842
4160
25320
23284
28215
8326
9731
32380
22069
13424
11236
34765
5604
38341
36551
7198
3372
21448
32499
2300
21843
2301
20454
12415
23985
5625
23788
12066
5364
10334
36880
21562
24673
43218
2010
4659
37220
14444
25541
24004
5011
22871
2807
18641
24479
17403
15172
44969
293
19309
3474
26879
25290
16916
17568
25689
27754
29028
5555
25984
7820
28224
27074
30376
6163
33555
30825
6082
37244
16465
9596
21318
14222
3234
38631
25445
30539
31073
18842
3704
5075
5624
26177
10865
18490
232
2701
9639
433
16853
3826
1309
8511
4251
36642
4634
5055
22833
32811
2566
12499
7513
48408
35813
23926
32440
8656
1030
25559
23994
18393
309
11063
16810
14795
31035
20245
29761
3561
25660
17866
2994
3186
13579
15627
31953
3278
16132
9369
1843
24692
19680
26583
2005
8918
338
5459
11222
7640
14571
5761
22104
24642
8001
5239
5715
15538
2967
26411
8895
13505
3168
44925
11928
13345
4046
30180
14504
17999
36360
14964
40281
7048
10284
26028
3403
29389
17565
10788
20071
23662
43184
8005
8395
19084
22973
17357
14063
49630
13357
20320
17609
24421
20108
28145
2550
31386
12246
23334
5247
42646
13567
8134
39550
24492
13409
3542
26133
15734
5670
18599
44504
4343
23694
28265
26308
4175
33962
16011
24662
6265
24540
6779
23947
16284
7615
15086
38677
22810
31659
33472
5072
19103
3169
19950
32777
13001
23611
22704
13873
17194
846
44821
6122
5193
23410
20945
38176
24756
4044
15046
8020
10159
6638
2741
38352
36283
19514
3747
9713
19143
2439
17681
24847
6125
248
9006
3915
11318
5486
6304
32334
24438
27836
12365
1312
17791
5685
38600
10089
43647
25114
20251
16021
14669
16690
5799
10767
30381
6824
21467
28881
1296
6264
11066
7786
25142
17912
12624
20820
9738
19757
14581
14383
14575
14401
7437
11796
8118
430
22587
17052
12613
4396
256
24287
4975
8263
7926
37900
18525
3114
19795
13289
37545
2687
16796
5781
35920
29379
22162
6617
3833
25567
23721
4700
42247
41373
9740
23020
7666
16469
27339
7081
14326
17478
4252
26133
36672
31824
14451
7186
6656
25223
8145
9694
3012
7468
919
30138
24304
29823
13066
7728
801
11043
7818
5962
22186
5468
1651
9602
25917
6000
37582
12689
32324
33680
12915
25950
11158
13492
32959
11479
30124
42206
15500
9870
20214
17534
21173
2464
31021
12351
2800
14932
584
37919
18197
23470
26924
20461
9797
4720
10073
3897
3342
9684
39061
24194
25464
34118
5275
4605
27023
42026
29827
23516
35311
37534
11991
36867
1766
40953
21560
17804
25815
41255
33584
2804
3908
1258
13412
23212
10014
22627
5857
4200
17124
16586
2696
5724
39269
5522
40200
1235
9725
42521
6524
17190
20118
539
1871
5227
12619
10357
21380
1314
5097
23170
22985
9759
3747
12296
15906
15523
15479
34402
17247
5645
12182
16076
13521
23081
22720
21619
11042
35358
2821
13748
9720
10665
4528
6394
21112
5071
7879
18426
43040
27231
5514
5894
4215
14642
14885
3375
8133
931
21173
24238
16171
11280
18547
12829
2036
1223
17241
21845
13760
10212
6386
47110
3648
32581
15869
29245
17394
37363
23504
26068
8200
13480
28116
3095
18417
1088
1717
5865
6371
23648
11552
37734
12330
2306
604
9418
40022
4934
11794
13544
25673
29571
799
44038
29956
16528
1620
30283
35354
10475
5087
1069
3474
37732
21091
20267
23068
1257
39209
24785
27972
27176
580
39546
8833
29336
28854
11352
11220
10027
42
20469
591
7346
5460
11805
16372
2577
10352
5148
21886
20083
2036
17073
17312
10019
29573
5408
1274
10762
11409
36323
16372
22503
9030
6842
41441
5986
34439
19869
39436
2899
15067
7808
19121
4565
2296
30193
420
17116
18010
22150
33093
20802
12424
17988
4957
25355
8185
19548
11743
456
27296
12490
17066
26740
35030
14719
36623
23404
11038
7792
4399
31103
7552
3129
34818
8517
40602
10444
8328
3266
18656
14896
5753
36921
2285
21315
21391
1551
6484
29957
547
31268
10813
8263
5756
7137
10691
43372
3294
9350
471
2104
6668
4836
775
17415
4585
9755
3148
33901
34894
8594
3537
4891
5249
47466
9313
13357
4316
7582
20066
11610
11230
14924
11198
24442
513
8309
5292
36380
2120
16540
29474
25326
33345
7693
7612
27118
22938
35737
10098
12589
22582
3855
7434
12851
614
40730
8589
5370
9589
22451
36374
23920
21168
23739
32609
29809
7473
30896
16106
20342
703
15157
40936
379
10979
6986
17482
10584
8996
1420
19670
13794
34088
21166
24024
1702
20104
5298
32543
26260
23868
4944
7721
41046
4746
6711
18762
28230
19023
9365
16240
34081
24216
1991
8672
29859
24028
32297
29003
22424
39447
7285
19211
16007
13780
2083
14720
23719
510
26779
28590
6954
6648
13212
11384
12574
16589
12674
12022
4261
8616
7592
7691
15643
25879
15734
9473
27742
13513
10726
5831
27366
11307
6589
42365
30945
6070
10120
4795
13775
25018
4669
7777
5802
16084
12937
7694
29177
5501
47211
5347
8638
21506
11001
30757
2742
3068
17942
46384
38857
8533
45211
25474
5058
2309
28425
25104
9590
19675
32093
41158
2270
19637
13854
18935
4291
173
35960
24316
40018
6275
9181
7736
13733
4306
30976
39210
23153
5879
5320
40096
35993
29281
19372
4941
24995
1831
27974
26232
942
18664
8836
3456
22989
37706
18185
37780
38810
1246
9330
7915
5055
1765
11300
7524
19262
43413
27737
31702
2675
26688
2907
3275
18839
12089
24219
13430
17590
18761
9206
20367
11108
29650
250
8860
32804
9458
22265
1330
36291
37990
10340
7764
5696
27527
19386
10098
3283
25953
2435
4393
5872
8782
5618
6100
21651
47287
6805
22034
3537
36070
9472
10063
1698
3291
18214
22331
18848
1099
20279
11079
18112
3695
23965
3527
5371
28702
18932
5812
11056
1666
30598
2233
1294
19395
7700
5745
365
9843
126
34159
598
4708
14024
17155
1715
25984
15381
28066
41647
20277
7772
19513
30312
7637
17257
6302
5007
14686
19522
7290
40624
3465
5457
18455
1265
26743
25086
502
15228
26045
9042
8356
26571
21044
17049
2940
38286
11336
14702
29089
14568
1539
12102
17819
19738
4161
23657
5920
28910
638
21071
8125
6954
25840
9611
13254
3952
17914
6927
30794
21120
2752
6966
34413
17312
44119
16951
4640
5103
33467
945
21689
6808
24274
40997
21372
43841
43770
12619
34329
27158
28644
2534
2742
47535
2530
20707
3506
6068
18126
2053
8906
2711
4523
17836
15465
18236
1646
19521
9798
12052
32027
2509
4593
42650
31793
2150
31663
11967
25433
16244
9920
21521
19323
24833
28397
7690
73
17189
3450
29678
4378
27360
32105
6702
236
1436
48764
12434
8697
9196
5821
23905
18515
25330
17966
11014
33765
28939
7503
31167
1682
30776
47394
11543
1009
11730
21685
6170
15861
7982
42949
44434
3304
39958
469
18804
11220
2640
36116
10036
8577
23184
4557
7968
13360
6256
472
31469
35144
30973
35685
1533
9317
14943
24516
24195
24710
15065
15874
16428
11498
2755
14300
17640
30703
17685
3735
20147
46353
2240
32618
18128
1370
23047
34962
9480
2358
7249
10414
3788
37502
22609
34037
7547
22985
9965
7698
15678
24455
6766
41093
19619
22322
20798
7403
8348
12192
4432
19076
23316
21035
20537
13014
1038
22323
20094
19822
13215
37654
26278
4479
19328
37235
40007
10737
13226
31232
10551
18925
32585
27002
10708
2782
874
39089
23309
30885
23291
9099
620
20367
6997
8165
11232
8724
12345
29398
17021
11266
30599
572
2009
21692
14395
9382
36508
22788
1108
25105
17235
18305
14142
25465
16317
6820
21456
32958
15859
26390
13468
29030
9473
8210
16571
8248
3760
24523
7961
19373
43723
20265
3574
4418
33771
28348
12479
32122
15690
18299
19628
4020
24097
7239
3772
18101
38790
8863
34295
33022
19153
6732
6063
12353
18520
23063
8523
26109
10371
44245
20348
17356
38242
3017
11650
4655
3887
15617
29475
2151
23044
716
5770
2911
9692
9146
17217
26199
8217
43853
12980
4918
47309
3887
23121
28751
18171
18336
5400
6931
1692
2024
843
2623
19997
9496
6574
14514
19595
6565
32586
12087
21236
44602
21117
17591
5615
4072
45902
8128
31341
33101
4162
23637
24262
28028
40454
22946
3619
2961
16913
21842
37944
14919
29769
3160
2467
15161
4177
7908
19601
39515
46967
116
24323
24424
34380
27424
23892
1789
591
19305
8642
29677
23599
9547
9165
9618
22280
13083
16685
10923
3668
10577
18633
16971
29946
6551
15843
5887
20302
3946
22981
27723
17642
13837
6512
26110
26900
23866
36135
1414
10867
20290
14386
10698
35643
17044
3213
9113
5010
13377
17484
16195
40592
14787
18482
23335
5275
535
7472
19544
9466
2145
42336
5394
13748
18391
2577
3706
20788
30390
3848
8811
456
16396
20082
46194
32401
11278
29315
1689
12036
7428
30090
7143
25310
17411
789
5407
38185
2491
9279
6656
28128
26742
9890
4058
23803
12320
7092
31499
15807
16795
9361
10998
6968
8720
12387
31656
10854
2049
10171
23765
21449
25601
4333
34391
19866
43922
27792
9353
43199
13142
1831
4905
26560
6193
28521
17731
11983
32051
18139
38912
4717
17089
7541
10925
7740
8483
23296
2916
3074
28553
12780
5332
1836
5183
23173
32760
47982
30589
36417
13823
30530
36192
2679
22232
5972
3897
18548
9179
9271
2657
9776
5548
260
15416
24006
5113
18408
11017
8974
13062
30271
40204
27545
6828
19330
2488
4431
6920
13951
29806
923
15248
13892
7683
37481
5604
35748
11839
7049
317
13890
15922
32129
27599
18492
26519
22417
2083
46776
27499
25807
1099
31805
1686
32263
2578
21554
30949
30771
7646
27345
28522
4078
38363
4334
15703
22615
11755
11251
11052
8359
43170
2073
33627
1823
19652
8374
294
34797
44158
49016
11186
3808
14829
5427
7470
38078
20572
9561
32807
29364
9534
31696
19902
15013
2337
9423
3513
9285
3259
31
8984
7771
803
38648
30229
3294
12810
27641
9360
4461
7430
27816
26734
21381
20439
20734
5192
33638
7595
30088
11710
1785
5531
3993
6715
24400
26636
6700
2366
29070
11125
30574
15056
27824
19162
2094
6503
15678
1919
35493
32015
22546
16041
9586
21593
19709
3591
5461
5055
23524
840
32609
18855
30991
45
28829
32440
16990
13803
23064
19105
1119
956
7264
16145
6172
23785
8996
787
23456
12988
15209
9367
1525
32414
888
21953
790
12132
2353
31757
24364
8038
18799
11097
19346
29742
22213
29793
26739
5797
1868
288
23185
14393
39001
23717
42577
366
10372
1116
25484
28123
31811
8337
12533
18193
4606
37846
20095
22743
1168
1854
19053
36797
3563
10001
3328
2054
3358
13061
5530
5863
3359
15728
4168
37351
29963
2381
20135
20948
3897
37550
3812
20187
2750
34339
9129
47012
8169
2614
4267
4070
2264
25318
10044
4192
18502
11291
46872
34485
3365
34611
28998
24916
1061
30830
39677
13010
6482
29051
4582
26744
4676
3732
4274
28519
9731
2311
6571
20430
7061
7821
33604
11406
12954
995
14143
9737
9874
9309
2528
7116
17073
5793
2131
20087
37407
1067
35264
9871
19534
32417
3349
14758
10586
9689
1060
20683
28907
9909
15518
4725
11793
27432
966
5987
8909
6589
9553
918
2752
8352
32672
16327
4796
16419
26542
17297
36433
11319
6070
40789
40331
6165
17011
16783
39571
33162
38908
22330
21705
20180
2495
37952
23649
10873
25081
3812
4538
41260
27403
27552
7718
6137
1442
15786
8147
1316
22075
8956
6663
5787
37054
8235
4724
7123
25895
1054
26636
8832
39585
32778
423
16419
24409
273
26311
1370
3214
6392
21645
9031
14668
14473
38700
3142
39077
986
42492
41398
14405
22343
28390
10573
30215
1914
12000
240
19197
6012
27139
36172
3023
40969
17563
7755
21799
22769
7325
28487
15992
45934
31018
35499
3581
32436
1781
4191
26588
6691
30026
19370
2356
37841
10751
3302
1346
13435
13621
7193
10168
9433
7853
33049
5750
4609
31659
11172
18726
672
811
2339
3916
21504
42446
39261
38523
37941
4281
437
5268
32292
2725
16347
18724
14684
20717
43868
24997
18862
21597
7827
14775
35990
12108
2924
10568
15199
13199
11306
25482
13660
17490
29865
1326
34768
1410
26703
1908
8412
31058
1523
39543
11645
18479
17197
36455
8505
25877
33047
13035
37918
39914
12226
15978
22184
25733
15172
1632
31769
8073
11887
17858
19044
34950
13025
17778
18043
19298
35950
1456
23229
4261
1752
4400
43538
13968
29993
11034
4458
16714
38423
3620
16867
22168
7494
6576
25382
14204
43330
8007
32356
7150
29497
32153
16109
34229
4258
12593
13258
26322
35701
31303
4337
7521
31688
20451
23826
2439
11817
16392
5105
16658
1652
25925
584
15203
9046
13485
22889
16687
26859
45837
43490
31995
12534
23308
1047
4137
8714
597
39658
31405
4904
21241
5273
1752
23405
12949
11631
11764
15322
15220
15624
1529
10475
11410
5433
14195
5040
16009
21532
10066
11734
26756
11962
48
30996
13973
28905
22042
11307
6825
27096
25496
3429
11564
8908
37192
1996
9697
4868
18168
9533
20391
41493
11731
20933
28059
38459
7775
9300
12548
16602
28497
13755
18340
7810
5226
27666
16486
16743
2324
27897
16016
11505
9553
8311
15312
13575
138
3306
41607
5938
15710
44131
31540
22540
21083
21006
2934
10384
2687
8588
14307
2450
5996
9480
5977
6514
39045
10165
35807
9625
37255
16727
33096
12998
27505
19085
28755
45374
47405
36258
6741
19892
15405
10884
5797
11857
6493
9969
6814
15446
20646
35712
11860
7223
29222
15794
24563
23672
19689
22458
37263
2307
1550
15256
40633
8460
26012
9995
5448
19207
18025
667
28448
25844
6131
14445
33684
5311
35037
23956
33927
922
14781
2849
4559
14682
12721
10974
118
38002
10207
20150
16117
10953
13556
21675
11017
6660
3500
21031
20324
285
1551
22402
21462
16705
1910
3586
7876
7160
9994
25794
2873
18408
19578
16099
25907
16051
20732
15313
7771
36355
8028
10469
22517
17075
15885
17161
35592
9125
18147
6984
16617
2296
25939
15412
26101
19064
3607
22991
8277
36568
25548
32820
34345
3719
14819
3180
13386
8321
18652
44178
46984
10122
26654
13201
21940
35782
4303
13096
6361
701
12220
12996
12163
25134
9319
46488
1509
6029
4550
4234
6330
14864
5928
7487
22005
14781
20835
13825
22579
9238
17518
28776
1025
6802
15291
10220
1871
7310
2494
605
1334
7188
41463
6745
43741
1180
32940
19034
17422
11204
37274
2271
20317
29092
1933
11141
5220
35540
30498
16886
23541
14479
27569
22803
38975
3286
511
17697
5522
9058
24747
190
26281
17034
6174
13229
37067
22584
14673
18547
21405
19335
896
33638
1358
34900
14198
5883
28787
7136
9523
523
31120
548
12178
16817
33375
12748
14444
9771
22045
10606
7151
3397
15110
25545
7958
31218
9617
16382
27729
20314
8703
9403
14776
22628
759
31074
21975
15934
5387
22121
17420
24805
5211
13590
20015
13111
34431
14487
22605
993
23204
12474
16556
10298
28487
31806
397
14430
45859
12029
47287
36713
15155
25038
14658
13786
14067
24445
29628
26622
26997
3386
5920
3276
18994
11046
22984
20247
22882
791
21397
32555
16906
4020
13646
13472
10829
3159
19427
4432
18104
35943
10976
38261
6657
20623
30009
19127
15561
18545
36122
33
3656
18173
40644
40842
11472
42817
3564
5933
5416
28915
9667
7750
10472
9850
8673
24039
34567
5818
10513
9407
23210
5693
727
39568
27110
5442
5340
18936
8052
11687
14970
20521
47028
21978
2742
3790
1762
39979
1695
6216
25295
37655
785
17195
22100
28523
8235
11188
32855
24526
30302
12442
3363
9477
36863
21376
1227
9560
40464
46725
3345
24371
28704
2278
23683
13674
1091
31266
33230
3071
7570
36089
40242
29472
35927
12783
37413
2760
6248
9010
24824
17033
33349
16160
11369
7635
35949
37669
14551
26694
36073
5668
10195
13720
13887
11242
34774
14014
22756
15006
32165
33822
2389
24089
16817
26478
14465
36930
28781
22330
5256
39468
29530
14555
41679
8528
1019
34142
15626
9743
32655
7252
11676
5245
20624
19139
8087
37617
4802
34854
16953
6793
22391
2946
14533
18624
27871
771
32883
6314
37085
7721
13093
14948
26695
12851
28572
1060
31080
3344
3995
2803
40667
18648
514
2408
16178
19319
10351
29137
24877
23038
5059
28596
6002
6604
21114
35415
19733
15390
13470
15601
36229
22316
40283
24993
2225
26908
3069
27344
6358
23703
32353
2295
42641
30605
14086
43932
2152
12007
33309
6466
9221
17025
18061
9436
37345
32622
11818
9385
27860
11784
1057
14094
3328
19354
14262
23383
12049
14846
47182
9010
23735
30044
19289
615
4563
27238
46442
35491
2025
36392
1088
19301
40596
16572
16038
13675
18407
16285
19925
43851
7382
6781
27008
1239
8867
2945
3820
15190
11669
9699
1591
1007
16961
9178
12571
7379
12634
15742
18980
2446
32333
6527
26121
4826
17848
20981
19424
363
14594
20475
22956
32843
50176
39587
21952
887
10115
1655
14247
10817
27178
31156
30781
11365
10417
22379
1264
170
17143
5087
14292
25825
2077
47409
6743
13918
17607
36381
756
30972
3777
8706
39300
15644
14533
31451
7785
8287
3185
21489
13823
4573
19945
37846
9204
15484
15113
23065
6503
43245
331
18190
16990
21669
12473
8365
3998
1704
12882
10564
43494
1735
48340
20583
37550
1291
24608
9390
25417
45005
18175
24030
37639
16273
2239
6353
5441
70
6295
11185
23753
29652
5141
11954
13473
32900
28047
18941
8636
30784
11260
21151
26337
8936
39057
10200
18409
1540
2179
29023
2021
29871
37828
16929
34938
25569
13965
22944
134
1335
7590
26582
33223
27220
17866
35407
3944
2196
28037
7860
12911
1506
12800
21115
20519
31178
4854
10464
3858
5872
4230
829
5636
15124
2378
11463
19757
9350
11436
27955
36751
3769
31755
30861
1174
9392
24626
904
18945
36306
1494
2916
22170
21710
5193
34972
9262
45608
22166
41287
23221
10516
7437
45194
32158
4437
10278
17983
14571
715
23372
7203
30550
21926
2850
18355
29598
5683
15841
3024
33305
26850
28959
7301
14030
17239
27012
44650
1236
18422
13574
27715
25167
2094
4308
21145
12782
15607
29070
10920
158
5192
25721
37631
50265
25477
4006
44249
19394
12571
35763
1617
24171
12749
36611
27670
5714
6464
14463
5332
10804
6909
4314
7845
24097
4921
14751
5416
957
3774
42460
5753
33123
16017
10358
27298
20109
45956
7927
13596
24849
1778
32740
32319
12934
11063
31929
24532
25890
8846
2200
18727
35849
39534
1888
8185
19466
22601
12924
8585
15076
17621
3356
7847
29634
25124
11132
20964
14056
25543
18661
9100
15176
7688
5656
3924
8895
8708
38537
30292
8132
8636
15887
16582
16990
27218
6880
38042
692
10470
25728
20341
32519
24493
9355
14310
22522
22506
46893
8011
15569
6174
19306
28429
9577
7265
46908
7154
29687
5018
5037
21674
12937
5716
4375
8072
41556
41289
2636
20881
533
3175
10465
15318
4165
16811
5636
9246
8871
28990
245
18884
30425
40996
20653
1686
7220
47202
20982
15246
7921
37629
1342
8816
9060
29244
4813
11667
5266
11953
10801
22959
5578
6047
9124
39110
7348
11194
2687
8536
10682
5170
18316
8455
11408
27637
13154
11683
20828
5629
5696
33304
37339
10558
32690
680
14142
2654
10752
15702
43046
1965
10561
34897
11136
2915
30276
25732
17880
35215
13900
9679
14225
26634
22052
10690
2765
23452
8334
16669
42773
1321
14256
12706
15993
30499
11076
15433
4778
7795
27914
33961
21473
3932
17601
1503
24234
2793
35604
20543
27648
5023
18796
5976
7888
555
35115
40178
6740
30170
15864
19640
22433
111
19319
23294
2037
29571
16739
5766
5300
31606
11978
25483
10291
1581
32726
26555
8523
37520
20085
34482
17031
13151
22683
22249
3276
19759
15513
16441
15728
3007
5549
6137
25698
18291
20771
4339
11065
41196
25027
9878
32530
1881
11586
13441
20165
6
23727
37610
6854
7338
12852
27951
1051
10063
9962
22271
12446
291
3480
4672
15288
23936
12407
42097
20886
3102
8796
23571
26737
455
17480
13374
5563
16526
12859
31303
21606
3212
4430
28560
14188
16870
45074
3827
20826
37170
2342
4396
16336
6809
7123
9527
24292
14959
29463
3479
29235
11504
15588
37015
32536
14211
2863
27865
4147
46571
4678
29578
16846
26000
6814
16967
12967
3133
6390
23500
19358
30451
5811
34461
4035
22804
14887
514
33532
5769
8101
413
41959
8207
24926
42975
21677
14793
22162
9319
23131
16619
5134
8266
12131
18910
7788
11855
8645
15136
25604
1125
3784
15672
41405
20075
6494
4413
4910
9645
12590
4537
19678
31678
13897
37845
30190
5145
5664
14618
16912
19079
48749
24208
32169
14407
25900
2195
16451
20350
26634
21508
36539
42819
9164
8464
5900
2522
23454
5355
49163
2551
13873
16932
27223
12389
5809
21494
15946
28247
24979
13932
27435
6049
26260
863
26833
19104
6241
19418
7809
24659
8313
32960
18680
20690
12499
12670
7973
8047
14334
6313
2281
6827
12984
14039
7104
10028
38024
5140
11791
7579
18051
47643
10693
451
9724
3747
18867
1909
31683
278
1191
1428
2965
2785
26000
16620
1161
2643
12821
22138
22606
15079
1556
7297
24769
26389
12550
14982
25397
13407
7411
45116
11935
12264
4765
21437
4073
24458
20654
5036
22600
16119
27831
28377
20651
16492
16895
284
19798
10198
13043
5978
6073
44383
24203
10068
10944
5022
21341
563
1583
631
18864
34215
17471
27222
26448
29587
289
19947
29078
11214
7203
20259
20293
3642
41571
15197
41780
11317
8784
4298
27501
11306
35958
31774
1252
10183
20549
8160
45902
6350
3141
11959
25582
7304
2561
542
30406
33037
29658
1671
81
7368
2557
2787
2236
27532
27617
2387
9723
6614
21943
28588
6043
17107
40134
14300
21658
32467
22987
18119
17843
41026
8287
20539
26541
19048
2816
34590
26462
35813
34288
17500
42137
3677
8963
1270
4787
10912
5747
5488
8464
1098
373
28454
22732
7331
11379
36009
9038
17061
14997
38075
1417
3311
22725
19053
3744
3618
4421
5486
33221
16910
15618
232
24505
17931
1623
2770
33236
9843
2508
22203
917
8526
5071
5442
4963
10360
41967
12960
10936
4031
16534
5290
24181
38128
11601
5731
3642
22027
14656
11184
35096
26321
21080
22540
7052
1653
3647
25454
28708
10974
696
34888
29556
3622
7633
3620
43376
35237
45438
8678
17120
17994
42797
29181
1542
32134
7667
23582
5425
17601
22835
1441
5054
29631
23559
20701
11259
11631
5739
3629
23682
7405
37006
6038
15669
6977
2712
5000
20542
12197
6394
3480
28448
12119
11358
1415
12962
10795
24630
23271
42102
34770
21286
38589
36456
24308
15067
14201
13750
8595
15003
7716
1750
12000
26345
2887
19555
2665
26715
20327
13067
6350
3565
48554
7019
5651
40519
3069
9237
8006
35861
25838
9835
14232
33939
3843
19960
15429
25878
33649
22566
13793
34456
9618
1854
2721
6294
30861
8101
20235
14828
23288
10472
8831
212
22099
1419
4818
42152
2214
820
1272
10368
1785
16681
39287
11942
12718
19640
4320
1121
6573
5562
2010
24518
19484
9287
11937
19935
14149
3580
4474
1954
11326
19839
14215
745
33240
12936
8359
44281
22440
213
33758
27228
27615
786
1052
19108
18073
7845
9160
4344
18745
4170
1381
6503
13864
12601
30192
2843
8607
20711
34169
26510
8934
2578
10936
28737
879
9981
25764
5217
13837
87
29150
13720
562
1346
10886
15070
16232
9447
10018
29757
14979
16382
17407
4459
25373
23997
11750
38590
8198
14894
23127
10449
34392
6648
18709
994
45703
27943
15379
5192
2762
26343
1984
4222
27834
48777
44586
6410
14658
23762
16647
29832
33526
31339
2215
683
34488
17493
5873
6060
31057
3281
25800
5716
15772
16210
9800
4683
16400
7084
26191
43610
17666
274
20805
16164
23339
16975
23650
12053
22116
731
7925
24672
23769
127
4648
41331
8107
9748
1082
25232
16810
16796
19324
12142
36852
41771
24010
42171
33985
18966
14210
30310
34642
12748
12689
31231
7586
19676
23295
5875
5729
25621
15667
15108
17811
25294
2234
22356
13038
2789
637
502
10529
26492
19710
17444
10132
26026
12902
12368
1454
3034
5773
28963
19866
5562
18537
8562
13966
2023
35524
35710
33960
3503
4774
177
8907
6301
6973
34662
33023
5784
8399
18430
29108
46365
28841
9294
3624
28752
7808
1523
326
39273
17275
40749
13767
1772
30470
22279
26101
1790
38525
13234
22483
7271
4342
5598
22103
24703
18940
28313
33398
10367
17483
20483
17838
22110
18927
16546
35641
40439
32167
2553
40504
40704
4387
2372
12208
3784
15562
19914
5168
9138
35828
18255
5982
18503
25572
4735
19970
2974
18401
23659
26433
10223
11947
7734
7009
8646
46160
6422
17228
34471
2623
11898
24161
20658
2469
6088
2842
1217
9871
20600
18089
3652
14185
32196
7472
40497
34510
19626
25700
15543
30318
10472
25979
9189
29544
16653
19196
11050
13384
6788
5029
1300
33386
3552
19263
17844
5751
31031
25663
2821
33549
14137
26596
26942
2349
2130
25850
11186
21631
24576
30554
20835
4470
5276
8138
4787
21850
13004
4276
19747
5634
13752
11438
9568
45271
11120
35627
20706
1549
19212
1266
19847
25299
33829
10827
511
21257
4779
10279
9024
36097
31476
18395
33348
18159
1846
18073
2451
24186
19945
5250
18098
14358
25346
34200
3906
30574
2156
28684
13555
7327
7882
33765
4432
28639
32247
21253
8020
36057
32389
409
15972
7514
2288
10641
22891
21768
16470
27402
26952
7861
9391
9564
40756
23461
21321
2994
10236
8595
6392
2329
3855
8386
5608
7091
31337
5759
23463
2948
3436
9807
9550
10490
31187
12813
32671
2777
88
21292
18207
25902
36410
3800
23924
27080
19182
3677
6198
21721
4729
33455
20047
32539
31780
2145
28381
14034
34715
23156
20277
1591
40206
20441
14315
3582
19715
9543
24908
36314
23059
6126
10182
4800
3372
15181
14967
28910
27423
36177
8341
18123
27447
9986
22324
2036
28566
705
25626
4697
2487
8929
2002
18223
10307
27448
13966
40755
15043
28475
46876
39374
28134
22411
12130
21333
36647
293
19755
1685
5063
15910
12532
11351
6150
12047
5845
3756
20304
23281
27741
4000
27589
11354
23081
28296
1843
34372
4736
12289
12444
5887
44319
38790
1488
13654
7991
18612
3969
12492
3898
10040
17747
13263
22716
2805
14491
8706
7954
1340
31559
5061
31622
22087
18430
21829
12582
5152
9229
6684
24314
22935
27658
7733
22912
24213
4919
4108
44149
3568
799
136
12635
4308
31923
21781
17569
1911
2086
20614
13529
21054
36022
28201
15238
28926
1637
146
31489
15036
12497
8113
4180
15861
42746
19991
29555
9032
16231
21408
18914
17660
31785
26
43471
7044
41841
38989
25741
2130
27158
10673
6020
13529
13011
3419
27397
15569
9271
18911
26139
16567
10440
40663
15780
14847
18214
22866
5429
479
26568
47479
8055
21059
6784
1999
25210
14547
2223
39052
32509
19301
33407
29258
3914
47186
390
1275
20483
9900
8410
36732
5364
5651
10082
30558
19279
24188
20270
12083
15333
7309
10228
17833
25607
29896
682
12322
4651
25059
5081
13802
11371
20548
3830
22112
33074
24502
4927
30449
13815
8934
9002
7346
25239
19691
16613
33685
4470
38194
9790
5065
2656
4577
17512
1592
23343
26718
1873
4386
14162
4277
3836
4874
7058
8600
18455
2294
1162
26025
28280
3788
27509
18272
34760
12475
24212
1052
4458
1349
6237
31497
32325
2793
41508
40940
23115
4729
3819
27959
16825
11338
15870
20031
37040
21578
7194
9336
26202
10159
2548
2424
18081
37241
22267
36112
40943
27938
9940
12546
1294
3447
12654
18144
22159
25769
34368
4885
38316
8891
750
33622
41010
11633
371
2360
35253
10019
18552
26457
22378
39113
8190
38361
3636
25740
18570
7661
3818
11498
1897
15535
12976
30616
14385
1131
8855
21747
22025
13421
32593
3427
97
851
3380
30181
19234
11732
8366
16942
34836
6699
23610
27039
33013
32537
10362
13131
4126
20061
27219
17610
25128
41213
26342
38757
38857
5594
29216
32504
7157
37808
21842
11714
8622
2180
2307
8682
14020
20714
14733
1622
16933
47758
12575
12892
40593
40342
29221
19663
38336
20409
664
36053
30686
39492
30294
11443
7215
23981
465
31226
7893
38900
13842
14201
18330
3787
7045
36506
6969
1524
3663
10673
37499
18185
47872
483
26799
1016
19522
3341
41769
4525
14972
16377
23912
8106
8627
1839
5617
26010
4391
23101
7564
2326
17376
7937
2682
7471
33334
698
16319
3595
21135
19636
4050
25469
30757
12453
42312
31750
23948
22565
5930
9820
20242
14521
3496
26891
18139
33257
6956
11803
26614
22352
26081
42341
9208
7317
29496
6048
24380
37501
46302
42459
23802
35530
13238
13314
15120
14974
1362
13021
5212
20820
23271
37189
33538
8698
10441
15620
113
6861
16565
22088
8693
6038
33586
15506
855
18223
5839
42038
13782
216
4731
27047
35678
4214
7041
20222
12994
14985
18021
1495
17081
39668
22182
5698
6025
2048
32612
2762
6211
8101
47204
5673
15133
37131
3056
2787
24557
12971
14477
3062
22961
7688
18120
33482
31126
3739
7824
20778
29297
419
14763
8994
928
7259
11815
39107
6652
9651
22913
1605
13760
15934
26342
19214
16157
40255
7406
40459
30681
12014
8443
14700
15750
11501
27676
14102
9300
46780
20509
20463
28843
18258
6548
8505
31624
28361
44388
18060
17288
10174
15120
31640
6703
11312
19712
18374
6324
31375
6205
7300
12833
17082
23125
3216
14874
4721
46738
6066
21485
22389
41924
29989
15627
8664
2923
4937
14148
9620
1204
10014
8955
19302
24685
30916
7513
4464
1537
28535
12608
49510
10286
10421
24671
3633
9823
10483
15751
10815
17576
19977
22793
11169
31366
27791
10282
8831
4940
8398
37750
14582
7456
19349
16106
8003
5868
20481
19744
15486
37930
40392
4230
10668
20256
20150
19632
299
13357
1245
14897
23306
8806
1020
47454
5696
15905
32451
11486
32044
41491
11322
12177
43627
22036
11547
12869
5012
2673
13608
13758
47250
2112
45280
2414
42391
8513
4579
5960
7818
2101
24923
1217
28798
19596
11504
32451
5753
34297
26734
17365
14945
6737
3420
29380
50044
12303
34888
44890
31311
30332
27293
21975
14873
11145
40070
12242
8062
4699
2461
30168
18270
12590
44266
6588
23230
12374
9057
325
20522
7302
6488
6296
38595
30269
36824
17345
33790
1371
14497
3549
11393
5145
15081
496
7671
26771
24329
3798
38470
40912
24230
4060
30700
43519
34989
13737
48920
5003
38119
8913
26781
33710
19415
36354
27160
13518
38495
32561
6238
41110
39612
47848
4047
14170
16743
4787
17623
7759
229
43064
15207
21143
22621
16039
25320
26340
26610
11907
13274
4943
579
29086
12778
19473
16805
8034
6197
5878
34815
33763
4321
17085
15886
9765
2580
118
16079
15388
5911
5025
15972
29192
34
35466
29816
20975
2754
28823
6332
20259
5071
17417
18391
27014
14862
2287
18034
8288
9147
1053
12773
7671
24262
19612
25833
30772
44048
10691
39346
32573
17835
3116
4068
23965
12996
12359
19268
32763
39121
13967
40858
34338
18568
38616
11463
29751
4029
10008
16978
22188
10016
28448
26653
8789
5323
10519
32776
24249
12092
12723
11881
12193
3661
18439
15222
22388
1256
34007
27072
5787
16160
23613
34569
23168
24371
30043
16297
12423
18027
32235
24406
22713
22603
34623
5044
45205
32
34703
31307
7965
21823
7039
40650
4416
8262
38311
7079
3967
3616
29490
33696
21832
10099
14217
27506
188
22111
41172
26635
731
7256
4357
15849
39329
30366
38442
25504
1028
4630
11983
12307
11470
11844
27772
5965
5425
28202
4561
2890
22971
7613
35857
10284
21611
13229
29754
37258
42824
3939
3739
13500
14545
3286
21123
37651
36636
20376
17462
33251
7927
20105
14664
14574
25577
45513
17696
26480
33083
8636
1824
16983
2441
10000
27878
27715
21016
5751
7481
16494
37215
3956
9630
42596
15977
22045
3984
3201
11811
8023
19143
38990
17931
38933
22587
36760
18117
11865
13409
35958
26468
4481
2350
6354
17696
9841
17887
19420
31077
8460
13415
2555
11329
4186
22549
31771
5464
3494
25726
1549
24920
38829
18345
32646
7909
15557
14735
488
4967
688
11048
31689
8877
30579
1216
78
10507
6180
25305
1332
1710
1718
36969
1997
24929
38236
29187
14670
17644
1102
31627
27848
24859
45627
15418
9541
20976
28876
20765
29934
16303
20251
23553
7683
32901
864
5332
13051
33949
9394
3303
17343
14115
25111
14238
20515
23931
3680
5793
21974
17361
33578
41836
3307
27993
37569
34274
14192
4084
14417
8560
2184
21891
11789
11665
35185
16742
35105
33402
21053
28108
42745
462
26155
549
38564
27081
33725
33850
17735
3689
3583
11291
12905
11481
40851
2724
17520
7456
4034
1036
17867
14871
14441
16646
2956
20925
11250
27203
10401
676
6390
5509
45468
353
5294
3187
23691
23148
5061
17475
4896
36427
26744
31930
6218
22989
7639
9447
19434
12975
44058
26733
12508
9396
27665
28251
10596
29814
13819
22375
28450
40125
15588
15376
18190
313
8569
35273
23233
39009
18408
7349
17574
14399
36983
3983
15181
8450
5668
11325
22678
41013
9475
45433
19017
4159
43737
23502
21921
33780
41645
3703
2272
34394
23247
23290
28383
11509
481
17908
23922
873
22128
31955
31508
16390
24081
20182
10899
524
15906
7266
29033
15103
39038
23938
47108
34892
33075
10031
7242
15725
2229
24484
19066
18563
7737
15658
33965
10248
902
5743
4706
3930
2393
2117
26528
46709
1188
2786
14708
28651
27712
23973
9370
9711
3142
29564
19181
28669
42344
3866
1441
11347
9484
11409
13145
26236
9353
8143
17076
1497
41456
28120
2774
5810
26834
6257
35272
32186
15954
40298
31673
3132
22241
22940
40228
13899
21229
29822
16045
28887
14330
3237
34214
4253
6520
8573
32312
10160
7922
29860
33984
17745
23937
12027
5476
15435
10134
10404
7667
5651
9494
35730
17585
36338
27673
6784
14169
32406
12838
13742
586
28089
5275
10413
1375
10588
36039
34517
4126
12274
34079
17218
12854
3986
18882
20607
15832
14161
31238
8791
41159
17062
21261
22167
23933
13136
12780
39183
27297
1412
12017
9574
7185
447
23823
14078
1813
9014
38759
15085
14352
8413
13674
30274
5289
4324
14435
26487
5784
35361
14727
3001
8214
26543
23995
38455
13975
22616
28844
6290
11801
22419
45075
19861
16084
7632
3769
3738
18259
6523
15250
9041
48468
23647
20153
8343
10566
12190
1751
25088
38292
17856
19070
38334
14036
4433
31843
29928
21371
8432
23850
17733
12264
9609
3314
19580
17162
4704
23378
7595
8448
10568
59
4557
26748
3569
629
9686
1160
12040
2184
5899
20809
31433
5044
3601
23360
5053
32260
4056
16443
8580
9835
4083
38927
19156
39437
47933
28818
27591
8605
42521
5804
24859
13957
18935
33335
24852
19774
1675
9140
17458
15262
16353
11945
19158
14841
4450
35737
28230
20247
38178
10389
13593
1284
24666
25603
17122
6298
19331
38295
12988
42500
17894
2696
6549
27553
10828
4639
11547
8413
2339
16858
2798
11416
7506
18012
1884
42479
21244
37913
26010
1639
23442
31541
33673
14938
16390
6393
41460
12437
600
23817
11284
44072
9173
5703
30166
8801
23434
717
19292
1718
21696
24948
4614
28721
34254
47364
10633
32816
32168
36524
1314
28726
16279
40912
10118
7537
11815
8191
35887
5362
7257
39220
2920
608
16719
46981
16597
17389
27973
332
26108
7142
24378
38074
5711
47016
16608
448
4196
25287
7573
14244
9420
3974
31760
19654
11961
236
28611
7668
6691
28985
2856
310
10896
7761
37575
15141
15611
35410
44591
9243
35164
17437
20413
5669
24334
35880
9483
10401
37681
30185
10650
15236
12886
7324
27709
11155
13518
21826
35157
1194
28600
4077
6028
40099
34244
27428
16811
23474
1939
902
15902
33287
2898
2381
1681
20251
39405
24963
41799
38347
5007
24258
20425
22678
17115
11607
5218
7910
25539
10017
22317
30745
3809
17222
2485
1591
34758
5309
32238
44533
15200
3734
10835
17999
11699
12791
13833
3128
29379
17928
36145
15109
23605
3538
6107
24710
3159
4539
13043
1316
4245
24835
22085
25200
18486
4122
28371
1870
15814
26336
37517
3593
10163
6034
18837
6150
16138
43809
29106
6260
26422
20486
31690
14282
44206
3407
19644
7409
12192
7702
18279
12832
3084
27101
7151
1090
2462
33843
25306
32177
10163
30841
2867
692
26463
13661
31310
35010
10075
17910
16445
4099
7303
25201
17309
5825
270
20022
11321
32184
1767
46232
20892
9710
44412
11812
23711
3157
11553
32814
29837
1697
15052
19253
25199
24736
23717
16150
23955
20380
6320
18922
3024
24249
9086
9079
5651
2042
31388
35455
25890
14775
8757
28902
38751
30697
4193
4025
22016
3603
23665
19947
23751
21095
18321
20555
33785
28078
2618
14454
18464
570
13186
5383
24646
6295
21187
23210
40561
23097
6886
21287
37841
2016
30186
21590
15185
27350
1889
23026
20124
19154
7803
45426
7716
5113
5048
26675
25313
17635
37917
25883
5856
13859
17352
8789
16610
7832
16964
34562
13516
463
22513
37546
9944
18784
23734
4417
5479
15597
13514
14858
5883
19037
8068
2537
11710
1290
31956
12573
7771
11755
27106
30365
18478
928
14857
10504
5313
20838
31216
7925
28397
140
33516
103
19934
480
24255
10056
5942
5556
3061
380
8093
18
14569
20960
22308
764
25401
39550
49673
27765
25626
12309
13822
49798
5990
26605
41751
2724
13843
12003
3387
32908
2107
1127
22347
2148
18999
15699
5968
5924
9852
966
6951
24204
9790
2714
20747
9651
23488
37178
7657
28627
32447
20092
20679
2211
19446
19644
37980
10657
40518
35032
23835
8204
6199
32278
21819
22585
9962
17741
1187
15211
6420
14750
21866
7019
755
3671
31214
1859
18704
5695
10729
9203
10748
8324
8163
11978
26363
14714
6005
7971
15831
4872
5871
2680
10792
4800
3675
31148
6957
39769
30077
30567
7137
2661
15812
12356
763
24138
35988
9917
2735
38761
34568
4996
3150
11224
2900
1126
39113
24408
35244
26685
27241
735
25150
24075
17305
3467
32343
19038
22395
16895
9002
15890
41428
42396
11882
34422
64
24087
9794
35460
27012
30536
18474
25609
7368
15023
4901
23105
7030
30930
4436
1067
14049
26191
27869
1654
31237
18868
26927
9579
228
30637
12805
18811
13118
17886
6327
8053
26107
19294
2231
16652
6558
6408
27535
33890
4230
5629
6665
6401
8651
42566
27935
19483
2894
8257
41608
2809
5473
16919
8095
28800
7632
9332
28657
3932
7738
2333
23523
21567
19437
7320
1703
990
45958
14500
2690
780
12219
4239
16868
4343
18783
10652
13555
3899
16348
34259
14476
26852
2446
8734
21952
431
33741
36047
28810
1923
23183
14530
24108
1608
9015
6265
9998
34497
9538
19990
6930
24133
43026
12592
28758
43262
4134
21539
2460
3876
18760
7321
1160
14363
5878
30640
29501
25209
18775
39503
16032
9794
25129
42427
28818
3139
14077
17376
10130
14837
36791
41667
26860
22344
33621
20722
23083
27597
22021
4638
592
3338
5527
32731
13042
39652
2077
28953
22152
9114
22419
5072
13122
9197
13829
10891
17954
19719
17244
5855
3210
32414
13006
442
20128
2261
22650
35195
9082
42943
43041
46585
11596
7867
22730
1906
9539
7990
21063
411
6504
27235
804
17460
23997
12543
34616
30621
14712
34377
25972
35286
1554
9550
40047
23555
11612
20054
31110
36319
42381
20561
15671
14764
18024
18292
4180
37543
4528
5162
10037
11016
24290
8001
24467
402
8193
5276
5740
125
8199
39369
3247
18005
9909
36308
20231
38738
18304
8609
5045
942
1620
23611
9643
18870
11826
25525
25813
24020
7849
19277
20494
5978
49423
10701
18569
15286
4838
5366
24563
2192
25480
12163
33832
10168
16687
9808
3931
37186
12672
37809
10839
37042
26147
13854
20319
5007
6490
15597
4405
9707
1909
10392
22346
13451
19224
35289
47162
29620
37414
18529
32424
8655
16809
26559
11276
7652
13762
40305
19272
18158
13012
17612
15404
12248
3008
4403
11166
36861
21663
6358
17600
13329
22498
8321
2095
17044
6490
38223
23260
10727
9933
8448
15927
14506
8577
34968
419
1168
671
285
726
50849
1322
9052
4735
8265
29688
15946
12348
4365
15942
12120
41938
41105
19282
2548
13241
14284
782
19604
4384
6277
6641
47245
30408
21933
10580
40742
14928
35578
11542
9101
34580
387
14554
14056
11353
40886
17464
7394
28595
13984
36226
20573
11602
15981
16146
2469
5488
22445
4930
29525
261
32658
32048
14199
8910
4900
20398
285
31156
6383
28414
32089
47824
15671
7694
21073
12336
16078
17370
11612
20464
14618
28053
12144
2694
10430
8352
11487
2215
4108
9764
23323
2847
7887
11879
27334
3479
11485
19631
2277
14087
6911
48215
15829
410
33380
6339
5399
4947
17309
23465
8010
13376
36536
7958
48884
16918
28745
12135
22495
2320
12905
6937
28548
2834
7227
13487
7843
9054
38090
2498
14156
18013
18438
8575
8765
18291
7315
2724
36705
14376
10103
25214
4643
8706
2861
39121
26111
18228
2628
19644
29790
26510
27470
30811
41338
8521
8654
2558
36693
4860
7550
5384
15763
12399
36556
1246
2588
13468
14755
2553
10128
40725
22358
13306
1885
30138
8088
37530
7940
20088
33427
19228
4943
13889
26558
425
11016
25575
3047
5055
11809
7686
26078
36294
21219
17410
4040
3941
32429
18017
5137
3876
18640
7170
16883
15264
6677
35509
39542
40270
2011
32186
4946
23449
4867
26451
3608
22826
11470
9636
5150
35674
43785
7636
5257
22410
3152
12856
2064
17853
10822
8767
13481
1392
1707
38853
38153
30778
4233
1175
43989
32019
1983
17112
11090
11024
24441
2051
19370
15672
7373
20235
2864
25916
19233
21890
13389
2392
18252
6742
34505
28253
12318
11076
46380
12338
16897
40385
13812
304
25953
565
12203
2127
34190
21442
1722
18141
22531
4014
16418
8004
18874
12115
23403
22582
17333
41244
14759
29111
14054
7572
37074
2907
6861
11453
8851
1923
24154
45255
11224
24101
22059
29970
21596
33087
26476
20028
35128
6633
36072
1511
38943
8796
9266
8478
22907
36291
39869
3707
40684
15115
21149
7512
18502
20263
5529
30331
13748
22
18461
2752
36336
28610
19977
21591
6582
16374
13003
11465
24658
2064
9676
36717
14863
37025
32172
9848
25080
5624
18967
18685
1876
3601
659
10517
5357
9855
1974
17773
19077
17092
4689
16683
43689
17760
31714
6217
13791
3910
13885
8045
4622
37304
37695
3015
4323
23726
32702
17772
13802
9086
4879
3532
28079
30059
8163
7140
12963
19632
24855
15034
19085
1213
30671
35380
14699
8891
19846
17681
5572
33369
8193
11306
23622
4575
38476
16098
8704
22073
8758
25578
9933
5802
9461
43797
17204
15119
6203
859
29271
695
30799
26579
11095
37509
18395
10891
14758
18523
3573
11344
8487
29614
25546
9929
23516
33568
30603
8424
11077
2846
28391
4034
39916
27415
18530
12215
41621
14480
6889
3869
31118
43224
7174
16687
22397
24387
12031
30904
618
25255
3272
20751
13206
8306
30379
18577
25469
3246
36059
17900
6198
40229
15123
8220
24398
27615
29281
10057
33614
14386
49658
26858
3480
29575
39542
26640
20978
13110
15660
2204
21889
7012
21104
38083
11017
9988
8054
28302
425
4455
6638
19783
16033
26687
23281
28559
12509
13301
6860
8278
27357
14048
1999
22535
18530
37848
20394
12361
12712
19665
2917
5174
11424
23711
11636
15753
21099
2058
21233
9438
14803
10970
12480
9821
31982
29410
6782
13149
15449
42476
20734
4896
21609
3788
1632
12927
11054
6336
7015
7697
6534
6600
9158
1621
37601
96
21512
12719
7893
10356
18256
18833
880
25888
24069
14475
38937
5295
2851
43025
3428
15134
24380
21473
36633
1089
24924
34001
1952
8659
1800
4664
5179
5956
27392
4048
9707
13194
3224
33535
23240
30847
27701
9759
5946
28079
3854
36911
11749
28412
9966
22338
10986
22183
24262
11818
1737
3681
14985
36334
22574
5853
30836
46082
33652
12304
31495
3117
8158
10856
20202
21215
14936
15676
25654
25197
22680
28600
25860
24982
7815
9944
29744
19046
1720
23377
32007
18872
37412
29134
36421
11972
15189
31898
10448
9391
14027
10880
20952
38141
10357
17727
3882
26748
19170
39090
20803
21400
39763
48613
28305
1534
18346
7957
25058
8146
26658
33305
41427
12632
33398
43853
8275
22564
10104
24984
18814
11817
18584
23083
23731
21563
25176
18077
28254
14538
10261
16092
38099
21604
12405
29623
32865
6004
13818
9271
25065
18900
29240
7360
28114
8277
17297
15675
12445
18293
8948
32680
626
1048
10483
38607
23740
37815
16513
32567
27441
13260
9448
38249
19169
2414
2888
6776
3531
15107
25236
22124
1742
22142
1207
35069
16191
30912
5306
3254
22298
35440
44462
187
15787
40624
5059
4073
5436
17174
671
3080
8244
42307
12982
21062
679
10921
9817
7479
10644
9339
21801
7372
22999
5104
48878
39612
5398
5325
16857
19463
19068
45001
21598
20307
11099
2170
5856
2832
8090
5230
21306
10093
39423
7418
30779
32248
13254
18124
33297
5086
24538
10320
2641
15413
45435
25294
39805
30859
2092
5
16511
8245
22830
17485
17499
4794
10507
14680
16085
28394
10964
8531
27818
30872
17272
14240
4880
33473
24696
5386
11913
39383
13562
6782
22773
8314
23825
15419
15182
8016
3721
3135
26689
17542
20368
18375
5094
40087
10856
2529
664
8227
2278
8810
3154
26311
5905
3511
39501
9776
30969
31671
653
5381
17762
25428
30521
2357
31186
348
8924
12326
27879
9180
10849
12618
27219
4637
7633
7561
5525
32189
2193
25387
25199
24699
15727
2820
38661
9448
13557
21264
3677
29101
10812
31204
35301
32343
37332
13878
31256
43568
27975
15791
4062
25206
20146
20225
20795
309
807
7049
15068
31908
33355
34823
6609
13431
32132
3171
42828
7846
20355
15168
26088
9198
7335
18429
13259
20937
9060
8368
26921
16699
32050
8842
31082
11350
29132
22396
17360
4714
154
1646
9229
522
1117
13092
4716
16943
9555
11430
4195
19954
16061
12061
7972
8418
8729
1453
23593
461
28710
6230
4434
9386
22451
33467
45945
9243
20074
6854
14789
15245
1638
10068
11162
10325
16877
21362
24677
16786
32797
42508
3637
2808
12054
38116
3382
3265
12363
18307
7746
3442
1211
24678
2032
26678
20017
15332
38776
39682
8092
23334
7006
13638
6912
42935
30272
23443
20184
9555
22675
31648
14434
2417
6211
19093
19718
19316
2713
39078
15529
11549
29932
451
29786
8748
24483
287
43616
10352
784
12434
18342
2312
38043
22599
5914
3967
33466
41177
2771
13259
1960
25977
12274
35137
1138
34030
8690
1916
18548
3584
31193
10113
37189
8211
12842
8267
13879
23020
23270
15665
6975
1469
7117
23495
27260
40681
8652
22177
22981
14743
41685
18941
41929
8156
1912
9447
14796
26003
4069
28039
21070
10078
4561
38428
13153
8878
5094
7768
14810
796
20263
32792
3511
5187
29546
22576
28650
4684
46902
7649
20478
27738
20217
8811
20645
1466
29026
13348
11356
23131
18037
22821
23291
38117
27188
1205
20166
3890
23066
33286
20742
28133
25198
18409
15896
20431
10985
13148
18659
37052
19313
4310
6349
36528
17252
7573
8711
8044
6084
38964
15648
43550
25141
18753
32755
20521
15698
22190
409
13740
8984
7868
20751
17816
41080
22732
15168
18951
6
6006
10216
10605
12010
35897
8240
18591
8660
5874
21728
20533
22065
12363
36916
12282
7986
4203
23946
38291
29287
2648
13522
30334
44543
16304
3738
5439
7923
10070
27947
21815
33547
21206
25967
6912
18314
23997
24789
30017
19002
62
20589
21577
12088
1967
34009
14915
19667
27278
11460
10360
2496
6695
11234
19343
12460
20515
12781
36816
6495
15967
14848
32377
4237
13722
11653
8836
16223
12636
1062
24363
20317
12287
5619
9157
7543
11507
540
2782
33608
7915
17880
12411
5938
503
19005
582
16629
14252
17278
22695
16918
21341
25681
2044
15910
18158
2794
5051
3060
43252
42006
23053
8437
15964
24157
23551
21928
30412
6951
18095
1187
12968
30455
53
4073
22092
654
4620
34491
27919
22512
10351
16025
19109
5437
13184
9053
55
24083
19187
4821
1395
28643
8039
5217
25412
11856
7932
12212
4279
18637
37198
4967
18847
30154
40163
11659
2486
39107
17268
38222
8255
16534
3663
17870
4735
18894
13212
30980
8502
20167
325
17820
25412
6783
9972
2861
39675
37536
43449
13234
8426
40427
28118
8490
5021
7720
14762
17352
3100
30352
3558
5571
5484
7528
2879
6292
37481
5265
14360
2507
22189
12765
225
23960
5298
12257
5684
25074
29777
12212
28049
16263
44810
44333
38487
2626
21073
11034
18662
14025
22064
9397
3854
7722
25080
3493
19856
2984
26850
1903
25843
33464
5967
15662
43074
3058
9482
15902
22096
17210
5673
8441
3794
9964
4726
1100
24357
23608
6430
17334
17713
29071
22972
17148
36179
31787
20585
43914
16841
29419
35367
39745
28665
598
934
4635
32172
24921
19008
14824
5006
40788
7474
13722
2606
1324
17411
1142
10814
23199
36138
41263
16022
1450
2757
14163
15129
13718
46447
33318
19352
25712
45571
23654
19771
9908
12197
8028
21439
16229
3435
3872
18820
16301
3482
9043
11399
2907
14746
4477
8593
16197
17807
2947
29395
775
19145
29070
21375
30072
5539
9444
12074
18630
3188
8617
18455
17942
20845
34595
6352
12231
13849
22164
18736
8159
10343
8558
950
12347
3549
39242
6094
176
29869
13075
31980
5878
348
13037
33378
13143
26868
28059
4138
3447
41799
2313
7446
28576
11656
6969
14905
18851
20320
14863
13045
38802
11862
20519
16897
35655
13007
11953
5724
6806
32042
4198
23296
36318
18940
24021
4832
829
5971
24161
10577
5393
1047
4738
17384
20974
30727
19623
6548
33630
40095
9006
13092
17435
22199
33128
3137
3682
7564
19625
19678
12403
13052
5449
20662
13674
952
27878
36668
21543
16080
36740
22418
33078
14735
21754
7610
1057
4936
26895
2393
9122
23508
12504
3152
12808
22121
308
46086
32561
31311
18309
17741
3120
9432
1456
14117
14202
431
30591
31767
23215
21977
11032
18215
16046
9854
2490
14378
27031
29336
31465
4633
2998
6655
1201
19120
4760
19471
22703
388
14687
25746
39622
15723
18570
17263
6934
24887
20335
26534
16098
44700
14311
23692
26491
43172
18640
9716
6223
14982
12732
5187
2909
5559
2638
8927
11794
730
26278
28700
20678
33721
3826
27012
31662
11848
5097
18436
17769
17435
18503
7874
40392
22943
2720
32312
37592
18789
26622
17523
7384
4548
1512
14631
2100
7489
22140
10116
5287
27993
41049
16247
18179
8173
12811
16770
13390
10626
20793
25804
28552
19013
16386
19371
5725
13604
14492
35186
9236
35554
12803
14204
11225
10023
11549
27145
19050
4111
6249
31689
14761
29426
23111
37755
23594
9337
10221
22078
23924
18018
21000
46023
18464
22108
28348
26129
11057
2229
25388
47282
23960
23029
34415
3464
15100
7004
4452
10138
32180
31147
29291
4293
41496
22490
9260
23357
29748
38113
20349
26994
36350
39922
9094
14813
2996
1041
36558
1567
10696
11952
11705
1718
18708
38055
23133
7719
18816
18075
17762
30563
21803
3460
22361
4918
1292
11974
7421
10866
829
11271
8579
5348
8263
3803
46823
22179
14047
7033
9907
42574
17240
18558
30196
35812
662
13418
7429
21654
7021
13034
10991
2155
6835
19969
8172
9242
26952
33531
22426
7807
31843
5197
941
28109
42510
26370
35524
2907
40376
11552
21159
32813
1687
42949
12025
3105
20586
28334
1176
14416
8822
7651
9520
14660
15148
6031
26581
12650
4505
2666
23229
49535
6045
16733
15645
6349
4279
886
34421
33326
12234
2651
13685
7990
19870
10932
36579
37896
17091
11584
10368
25419
39755
1751
39934
35405
22153
2619
1432
35801
25675
17228
5330
17705
4761
5404
20335
28112
2710
16373
1167
17968
34126
23225
7742
8237
11138
5147
26344
39513
4169
15620
2116
10983
17451
2677
22737
10387
30713
29270
32741
32490
16859
6145
36845
43101
22659
16468
26675
28753
4710
13012
6279
18841
21126
48449
11078
404
23408
11443
2143
30548
30342
10158
24495
14403
32497
40336
1759
27898
36545
16226
40528
5152
16029
4396
2701
32054
29355
6412
18734
1028
35420
936
5964
6421
1595
13442
22673
38492
18268
10607
19490
10920
21031
22283
19908
13152
3062
684
2010
29093
13443
6126
18814
20509
7815
16321
2952
1400
2683
32495
5024
26220
38978
1475
12298
4684
26370
28214
30574
12950
6857
12069
3674
25709
6175
11770
9836
44464
19418
481
3
26075
26374
32634
6245
31564
41062
366
31097
2548
9840
33456
26312
41215
22070
9625
10139
17216
19980
15199
26243
20878
38928
9814
2718
7813
12074
27165
22169
42429
1427
25684
28895
15186
11594
12413
2563
39154
29819
15379
39126
1529
10644
863
8347
24900
23600
31406
20268
5377
25037
6114
10222
15800
15453
2552
38760
4608
3142
15692
17995
37275
9843
23125
10899
9870
2561
47746
45194
2066
593
8313
36769
16219
47442
18678
23921
29956
36420
12746
27381
24944
16625
18653
33399
37165
8623
28742
20993
5612
19913
36035
26479
11476
6850
16236
19015
6926
7925
27908
3711
20395
16934
15620
3001
43926
16632
25919
24952
27618
35464
11077
39956
12674
21230
17825
928
30223
10126
8247
45330
2875
27611
4099
21554
22380
26826
15075
10088
5964
28138
43834
13208
19288
38
16304
5300
27288
13529
5692
12523
13957
12088
23340
17096
3512
13485
7366
13074
12719
34009
44921
11440
8515
2361
11713
579
9681
7842
8952
20342
12481
7685
18080
41441
3237
6302
11517
3236
26997
38399
17992
32363
21693
13477
18565
26552
7325
34903
3929
39087
41748
9680
40784
614
21799
17842
2087
11621
40231
9648
16097
12897
1301
10295
18563
15690
21907
16246
39951
31961
897
32235
6484
5017
4871
30632
19719
26876
28832
11439
7650
33523
16107
11765
33364
5654
13567
8629
10568
7747
41477
31374
21689
3850
21637
10774
4302
18761
13
40426
8445
36333
20248
46799
23126
22293
974
10790
24703
14799
12454
24831
16022
5639
11731
23766
10895
7580
35714
38055
3762
14648
12662
43583
1272
10532
2832
14362
15577
31797
5712
15052
33408
268
5743
17655
22222
29765
14841
216
28395
14489
2636
18011
37682
35617
13338
710
5423
9447
38070
5479
6179
10797
6705
5286
17103
37516
3900
30692
29724
24033
10347
2564
15816
21731
36959
15580
21425
23894
24516
19301
31779
3694
14815
11260
7457
2176
21373
8065
22390
20107
22788
11998
20645
8995
44530
14397
10591
12647
29525
1428
7948
6270
35562
36243
14206
1627
12236
9014
19858
14032
23952
7620
27185
18089
9391
4003
28546
36393
32437
35327
5127
42791
11
1686
27226
48279
7822
5370
1228
5712
25560
22797
27205
36743
15935
40040
24865
4365
7676
24318
10312
8435
18619
11411
42727
21747
25582
22422
7807
34415
25604
16282
837
19695
30859
8637
24197
4612
24458
16695
29421
23657
5505
21027
3585
31529
2425
2032
21605
550
29324
9851
10066
12893
5131
42325
18369
28975
13115
21119
21650
7901
4267
43562
43413
990
4265
18024
788
32308
9363
36029
10701
4131
8719
15535
511
4559
1719
20124
16283
1740
8743
633
40587
8104
14272
18508
3383
4078
2355
16883
5055
74
24391
41410
2168
15411
7628
264
23601
14504
40056
13920
8302
2774
3873
37138
5895
35444
21996
11432
14710
6551
3213
24588
45023
1213
36508
22111
22383
21335
5630
38137
8761
26895
21378
37450
21281
17731
10419
32036
13149
1316
34079
28798
18568
7519
16629
6580
1074
10740
7139
23458
19291
17072
17007
15549
16862
7983
6012
6007
21193
3950
18068
3970
11455
9022
29575
17520
38192
4524
2090
5259
4778
7598
16528
24149
12206
31140
18652
31459
13132
21226
932
47100
11487
2957
25877
4035
31801
7650
4805
9600
40969
5978
1299
27307
30020
6797
15487
10559
17086
36194
8372
7309
17840
493
7626
5826
8130
3818
27780
7140
5766
24732
31470
29303
12183
19282
38628
18072
27326
29558
37051
12473
25302
767
20791
7043
31652
10884
30632
7331
21641
13396
15327
7843
31114
49578
1129
8659
24752
15914
28756
7625
42139
21091
38642
16766
766
17924
2445
29810
10665
20894
21480
35311
3703
37602
14153
687
41524
11268
324
19237
44070
18627
209
769
20990
27288
25676
21500
1693
2981
1797
33390
2380
11950
25826
5698
10442
10833
303
27897
18892
3348
26044
33624
4331
17835
12370
794
21116
17196
14922
3158
10325
14458
31447
5372
25423
1850
4281
31477
25797
16395
31743
16201
17241
25691
28294
5908
37971
3046
7336
15095
11239
649
11111
198
8272
27735
24605
10880
11903
4183
5730
49556
10955
38525
35602
7316
2239
13065
25841
734
19422
2158
42826
13006
15373
27300
20932
3993
15169
23840
32772
1349
6967
12968
12095
6778
17968
8856
436
23687
6705
7060
3156
6517
39314
22354
39298
27005
9347
36896
19223
3070
4606
10368
42473
28373
28130
15381
2241
9032
11120
8242
17885
8506
116
799
3568
12491
531
16400
19918
33706
8054
25357
25387
7567
20850
11462
3334
16602
43905
1343
6130
18795
25370
2571
30491
13353
3109
8872
15901
25971
342
31703
24352
16623
6525
20345
17309
27810
6000
8196
12642
5124
32453
16952
14297
34452
25890
27794
20423
23179
21338
37815
9537
24247
135
6225
17796
25425
38152
15701
2937
1822
28184
2536
10470
9427
4613
18393
19858
6659
24822
8384
15835
26427
12012
10345
807
17086
17324
5975
1863
11896
28378
12034
7876
27059
12110
11748
19905
10786
15095
48907
26985
25566
26427
7922
12584
27138
39015
3336
14850
29740
2655
2640
2352
36785
845
20088
19675
12967
47467
39843
23980
4387
3828
3828
23430
5995
12159
44614
13460
42910
44501
7631
18601
25817
7525
16268
31272
17403
16926
12755
25753
24236
15171
42635
43786
9156
12527
15777
31338
36254
17959
14052
6922
6525
25919
24483
10851
6817
16305
2176
8709
3964
13537
3712
3001
26871
37665
7067
21809
3210
14524
18203
28804
15767
10444
3144
12853
37925
1908
22314
24916
33278
40808
11298
16066
6257
12793
24625
3102
11567
5537
37209
9634
21912
15700
33831
19019
16153
33264
14505
16150
12908
10222
36885
9195
7185
8200
35901
19979
42996
3396
2845
14079
5311
6043
8955
766
25567
9305
40777
8013
20931
21720
17389
1362
607
37847
4544
15688
32322
27128
42865
208
20525
32218
19299
5060
2845
4334
7895
8401
7036
7840
35655
18914
5139
22160
6582
470
38485
19847
18733
881
10855
44504
8512
8754
4171
32367
11443
5738
27332
36683
28668
22685
30458
38144
251
24510
341
11293
26045
32327
2846
20881
19675
22995
40672
27322
1275
9440
35465
19385
22542
38601
14353
20811
20248
23852
4478
40575
32846
2296
614
4924
18146
42418
25071
17175
25641
6892
5492
8627
33779
490
2748
25509
30966
11839
14146
8148
2574
24238
41953
14575
46598
18935
25960
33857
6369
6953
10230
41400
6646
32109
5643
13953
7193
17533
20497
20257
17236
21995
20478
11608
15305
15231
3876
8313
25593
18917
1155
10630
18257
16445
10356
32041
19769
16794
28844
16285
15434
18403
785
8527
2689
12631
6446
10185
15458
815
17269
1813
12845
15263
21634
13754
31558
11494
6413
17346
7187
26856
2648
34314
4406
4936
7819
27328
1906
17170
24711
1065
14746
10438
21606
42693
11503
10780
3121
2238
6805
14770
1308
18464
1634
29659
7351
11567
21116
17511
23428
23763
20830
32972
524
13190
22586
1740
22414
7801
3370
360
33943
19190
28871
39208
11376
15764
17834
5000
2625
23376
26085
19358
19703
11855
10723
24314
26614
23697
7204
4335
283
23092
1812
29889
8733
15267
24909
22854
1257
20479
42290
3808
27
37982
23445
12194
46549
3799
24937
19596
14529
22939
9036
47221
12470
1290
8176
26247
20554
4787
19087
5376
9885
453
15927
24290
36124
14159
9159
6459
6199
23331
26658
22385
4829
37790
66
9806
4478
12186
8642
14722
1193
19110
42207
31970
30118
10152
4420
3004
1857
15482
3598
13468
798
29903
31977
4982
27382
9313
10161
37848
34457
10095
23916
6755
36026
3530
19843
914
15252
5995
21754
5715
2074
3531
21096
2997
411
10535
5746
13029
26642
39753
20842
17890
45081
22215
1461
10762
6478
13109
33168
2694
2111
2701
3601
27764
9717
16836
24444
18613
3593
1550
37777
9889
33716
783
15991
19928
17213
35237
17421
43236
33855
7619
19786
3598
16468
16215
9759
16300
749
14711
20868
22333
21384
13349
35715
4047
17231
20700
5542
46041
7068
37088
26142
185
6902
20416
35001
320
3629
28551
14894
14657
14771
20603
1150
20901
6463
4773
24556
18335
39982
40061
13463
7702
16602
27750
16188
11418
38700
15585
2512
15723
11021
19682
34922
24508
31306
36775
28695
16314
4077
22015
21375
6769
4872
4582
14092
31190
23737
18780
17715
36844
32491
31224
44543
1226
19517
3988
3280
19955
6450
2586
33494
15609
22149
195
33136
4912
17876
9056
19985
28925
5619
17240
2331
32728
19378
22901
27905
13973
6655
12489
21885
33355
25458
4213
31027
21960
21735
11450
3435
34367
4652
36233
14891
17390
17195
23143
760
9931
21543
27455
10106
10477
45663
4078
26654
11638
9824
10330
3401
15915
17178
29578
8127
45093
26376
5881
25034
23471
11206
11357
32069
1495
11734
25140
25526
7786
8974
7099
2045
7770
22633
30105
8936
21910
1409
19054
36057
711
7576
29453
10494
19827
5496
25537
9613
13689
26465
8486
13960
43733
10047
14998
22844
12734
7670
47900
19211
11147
8293
5660
28120
37171
23201
28929
29427
16801
4956
7383
4723
8104
8417
302
5801
19407
3496
6239
9131
32199
43028
14631
4517
2118
7844
14656
40284
24333
3661
5667
17707
13072
40038
41925
14647
24282
21907
4180
12464
1622
8761
36134
12476
20830
5499
3791
5808
11034
3611
15776
44813
3402
7111
24486
2235
18479
4777
17827
27981
31728
16703
15521
13700
368
43236
16821
15477
12185
695
18397
29746
6566
7257
6728
46579
2461
35973
28331
27022
27665
7982
1035
15986
44329
19355
34270
2481
4746
5026
22621
2276
8131
5073
30904
10488
18687
38501
3398
13185
44754
21680
7641
15002
31792
11832
8659
11499
10018
20524
15271
39876
19456
32612
20318
11593
12697
34202
13407
24377
30685
25841
8092
30987
8390
30208
41549
30109
27761
19644
33751
22817
36569
9729
9933
6159
33238
24802
23013
15638
6086
9708
12413
9438
28182
4400
942
25658
17849
27846
42796
6886
18711
49563
22688
9336
9746
15641
15511
19540
18272
42165
33786
2035
24562
17979
34951
9225
27709
3535
12032
30286
8589
43918
14816
28772
21424
33075
7914
8880
20324
39713
4948
7707
20697
15835
11681
3125
24397
6411
9911
7580
28908
28477
3336
35713
2891
13631
21294
29562
17172
14929
25712
34
11048
11730
2106
23337
17535
22237
12203
1901
10813
34420
28206
27039
14422
12952
16221
6096
23381
35262
20951
18321
14420
41746
4040
34770
6584
8548
24002
16014
44007
23770
7146
31294
18825
27105
26289
8196
7008
21059
17127
37067
17082
28955
21885
11141
19056
8017
41808
27796
20422
21399
14196
8258
14268
441
9355
310
15497
19709
5314
3464
14338
32731
21153
39024
5214
44298
15300
40007
8015
27892
15737
1967
39565
30132
11143
6633
14893
10048
17386
28361
28943
12494
47443
7343
19013
42232
1377
17094
12106
16060
31899
12646
20652
1612
16141
10450
12702
33220
8624
25520
34479
40072
8955
37017
36031
4006
33782
2610
32916
2205
43210
16310
8582
13663
44013
22293
18449
14712
25478
7811
881
18096
37853
4540
18275
5446
27268
32324
28986
478
13997
41563
1378
16367
19960
1450
205
4657
41063
21080
26754
29910
25393
7737
4305
46350
41409
6080
5561
101
18434
5525
9281
15460
4088
226
238
25170
3870
16846
7930
6704
5248
11460
24554
31377
36669
9414
8823
28039
18265
27133
5742
2953
27250
38296
8763
3697
9986
7853
18628
23152
21304
9853
33373
12477
6099
538
20799
21673
29358
7590
17741
22149
12609
24942
23263
7179
9339
13789
2603
26455
34800
12789
3970
13707
27312
29612
44870
19343
32801
16460
308
712
3782
14253
10049
20651
31074
6773
5586
17640
20678
891
2751
2584
8431
3735
2472
25360
18361
23746
3060
4717
8971
34991
14611
13354
32403
5172
9332
121
27286
7927
12814
23036
10300
19760
11109
14967
25928
4462
4718
16824
30314
1980
584
3227
5513
6794
28198
25445
763
9139
41306
988
19379
6570
10896
32673
23380
25624
8445
26862
21394
38842
22584
38188
17947
31790
27528
747
9885
15908
10321
18266
38102
4716
31070
45534
23013
16705
14053
2355
31786
7929
606
20132
8683
18683
4198
28180
38030
18747
2393
4438
1150
20603
1624
14305
28244
30695
3358
2950
26153
19498
25741
17463
22406
23869
8077
26391
43254
20875
21002
20738
10455
31592
41766
32831
37293
4406
21816
28934
1950
15954
44306
32112
25911
9597
9513
13489
6503
3120
29403
16081
38284
12621
13113
21884
24645
231
17178
555
24490
23509
15515
16194
8301
1386
7159
8351
5255
6704
13583
1099
2195
7735
15129
15094
6971
10180
29293
18063
23395
34246
16571
15159
28577
15951
5780
17800
6414
13363
26565
4994
25550
4858
9350
615
9234
28420
11300
6982
13380
19957
12988
32568
21120
34409
20763
2063
3387
37833
15941
23663
19065
17281
4586
6747
18373
21961
14032
20301
13589
32282
6388
2953
6637
43104
11052
15565
45794
4566
14033
19478
14432
3448
6719
36477
8108
1531
6313
15775
7110
39923
8730
1727
8381
4089
13869
19541
15571
6447
30527
18650
19161
29642
20455
23808
395
33132
4166
21149
40086
18219
2108
20520
10539
13579
4
38593
20545
1553
15744
4067
1760
17613
1462
24886
947
8933
37692
23888
34524
8093
34164
34743
43357
35010
17492
7121
10504
3709
20204
18948
13949
11952
10441
32434
9846
35695
25083
15077
19023
3965
25760
16067
21007
4736
3879
8451
25886
926
18161
5231
25440
3559
22546
8259
4942
8173
1254
11004
15486
7205
22666
22742
9971
33292
17983
17485
27007
40432
10207
16591
8280
6258
10362
12914
1539
22016
36240
25476
475
3969
39406
28787
10292
4205
13605
47718
39082
6786
6892
8889
3753
32487
20593
6443
11487
2462
3018
25039
6667
17905
9839
23573
15128
6520
830
6914
6800
7019
13230
8706
31772
5024
31291
2398
24192
21817
182
14660
18221
22891
2870
21644
20802
34383
46753
37450
25934
13453
1758
21268
26485
6189
42553
3555
16658
36474
6611
19820
44280
10293
28675
32574
21213
15582
2957
18502
19411
21800
10694
19786
567
10707
148
6179
6727
36301
11843
28177
41782
22624
2108
13615
39682
26541
35945
3806
38525
5586
14577
39973
2249
5373
16615
2829
5219
16768
4891
20383
10624
10353
20322
2564
4803
26141
14990
13858
11093
11635
2862
5013
5617
12693
13976
3669
33740
17592
14653
10565
18581
3083
23069
8690
32270
3253
20857
22360
43849
17404
14573
8623
19449
7182
7838
7016
29284
16499
26990
22453
6626
5905
8975
9164
4991
6263
8902
8308
6808
34232
14021
28800
3760
7330
1118
21473
19114
26644
39135
7153
17290
45068
44199
5698
2242
14832
44286
39858
33136
11819
7918
37814
17630
23189
13299
42746
8126
16133
22482
20438
20158
22197
3540
5065
5770
7833
31280
13410
25747
1790
18220
4451
16877
17313
953
17651
1499
31037
10694
24553
7096
5663
17980
1388
19135
46555
4645
21647
27706
3528
22112
36909
617
2326
13345
23735
23405
27644
33258
9356
19602
43605
3115
25743
9883
2517
13103
8460
2205
9968
13182
17332
3550
23492
3710
32307
17714
40363
5241
18679
27280
2901
32316
22985
38162
24363
4680
12817
15642
1876
19030
4541
26814
5734
19199
21868
25978
19860
24185
9972
1905
29714
15098
30125
34122
9662
1656
35426
5995
29790
5916
26054
18471
11310
2409
15064
28381
9922
14219
31346
9246
16931
1601
15273
30397
15793
21415
11008
14849
36525
5788
17129
2922
1895
35346
14981
16839
19875
25887
40236
1449
36937
20228
19532
8483
4288
11095
22825
5739
16052
18208
14387
1465
28553
11323
11669
900
26723
31114
22821
12038
40542
38234
29423
912
33815
43479
12603
22446
40382
12998
9401
12162
16173
14432
1690
18237
12756
7579
21373
2310
32339
17413
11106
33539
39955
10553
10766
20124
24334
10999
6916
27930
14667
1905
134
8089
26384
5513
2921
713
1106
4107
19461
22030
23576
5044
7453
40256
1404
3529
14484
16568
12426
9015
2671
3432
3244
36973
25182
20038
1987
15222
17589
16726
35923
32698
13565
18047
29677
41213
6812
17948
21535
28877
4490
40932
6422
3246
35398
17301
1411
4960
2282
16576
32870
7025
46546
364
37670
34181
25574
16487
10009
9537
17932
24878
33765
4450
37736
10527
26947
14860
45132
25669
28401
1933
10374
2558
14489
2236
36402
5890
25995
29635
34024
49367
5167
19988
2071
24778
6679
21548
18392
2338
22230
10505
16017
22000
1362
10874
17118
3368
26921
39239
22742
27124
5736
6446
13681
27029
27799
15376
10641
3731
14661
15257
17752
3907
28096
6859
15322
12327
41211
26474
10927
23412
12161
43736
4507
27580
14441
3455
11550
31366
9777
10526
38919
23626
534
8856
24432
29545
13044
14094
17743
1518
35209
25974
3025
2604
7470
20082
45239
19171
15709
10935
3445
6595
27735
26694
41122
30631
41123
8741
20845
10862
265
14711
12491
18354
23813
16427
39241
31887
22302
15072
28448
29193
22072
4154
7977
27180
13888
40557
32920
6399
9479
3668
23182
42453
46738
9225
5715
4479
22668
10536
12922
380
16076
14139
30209
12833
42695
45217
6895
10028
11574
6090
15932
14656
5705
10794
3281
28563
7035
26796
20882
48765
16801
42395
29784
35502
13317
33598
11528
16224
956
7034
17643
40909
5777
30665
1033
17984
14500
14423
27654
15789
4455
11370
6457
10535
15324
32104
22815
7538
7182
13386
4123
1609
14302
23496
48610
874
37341
11694
28893
40638
8430
25869
18134
18916
16239
10933
1006
24012
31399
2503
44143
41190
19136
26612
1656
35580
20769
2107
8385
20014
28
9942
6712
25672
5736
44552
31267
17875
7791
5519
39617
4070
20065
6078
17720
9928
27776
5030
22782
1209
16450
14588
12919
2593
7997
14652
37928
31582
9400
1166
28558
16051
9532
3728
4334
41674
12670
33345
37038
36905
17033
7441
9128
5749
9407
29884
16208
7800
16458
15504
2334
795
31043
1253
27395
17926
5653
32899
1128
7863
13501
20019
15644
6826
29118
36684
20196
5530
7806
12833
6966
20098
7883
11759
12795
32596
14643
45390
19396
20346
5734
19890
19359
11705
21915
11189
1648
39333
3243
33915
16884
7830
6535
4145
5788
3868
8781
17923
13635
4420
16769
24615
22193
9401
12353
12879
49427
7564
10408
84
9824
16668
13726
9103
3237
2292
28771
32872
16290
17277
8649
6622
14229
33393
46223
25794
11959
29625
17585
10101
4891
12278
9806
2814
27557
18877
6266
35022
478
2712
3793
35231
34769
21440
11479
15137
14071
10704
1257
3168
28524
13206
9256
10176
35709
6617
7393
36163
10331
1057
4493
1087
41157
10899
30210
19062
9704
4451
17892
10317
31233
1154
1421
4483
9175
9222
1851
25999
7417
18602
19652
4194
27206
35888
45476
4609
1343
13809
19414
3016
30365
37888
18554
15243
16445
34565
28239
14750
3641
4972
34935
16903
4814
10893
12828
41322
6112
4418
16257
4987
824
30588
4035
13925
2100
9680
17501
4155
30956
29727
10865
5650
21318
35288
6971
18897
36086
22728
39120
41585
5375
1760
18135
10104
27290
33316
40096
17591
13288
22156
38702
211
24041
2132
9966
36331
35885
2850
35791
5547
23145
31416
35526
30870
13107
40276
29636
14370
33332
32325
4317
4337
36074
34349
2454
3445
18313
26425
1468
31297
4074
15541
3401
21756
8514
20909
9383
38145
38960
10804
5727
3660
17028
39895
21453
34350
12362
1889
34202
1827
15580
4016
29314
37036
19647
35325
4646
2637
36033
2885
14622
3527
10072
7410
31302
17295
11898
17637
29736
35431
45145
1488
45414
14112
1249
20405
10328
149
6825
19057
10633
15353
41776
16656
11988
145
11309
10906
40599
15105
21148
9649
14250
27038
13513
22425
6360
22056
46501
41640
2274
21589
39359
11576
23044
3250
9511
37276
4175
17559
20051
4503
17869
16976
627
41684
15705
8895
16964
15097
38222
45739
36721
7964
9001
18102
29113
42492
45053
2789
9975
12640
5628
6635
29657
13208
2773
20153
49270
4213
14017
29141
4289
11924
24487
19327
9521
37570
12814
13864
11548
5843
4054
41712
26026
20027
4649
4557
18152
22752
3297
17949
1064
21518
37158
46743
15993
25646
20249
1479
41924
2045
13010
9116
9892
4272
9666
3164
11872
13129
26542
2381
21433
41942
21688
2955
16481
16249
18082
1052
6018
10686
31978
5365
3735
9913
4407
12383
12991
24801
21849
29465
32441
13049
10081
44785
19581
32431
30054
12550
22129
28430
7120
16975
16456
33402
23314
5058
1414
21202
6235
40046
19217
44350
27943
1494
18514
3152
2229
14033
3999
10349
23532
39864
13842
23549
1104
17979
4029
12127
47001
2752
15097
25071
21398
19511
2531
37610
15749
14318
13572
15146
15966
9920
34314
2953
10015
33041
11869
17908
1099
8938
4749
19515
31644
21593
1986
255
5318
8948
31154
5599
27140
8390
3789
5136
8274
5458
20717
11489
25430
16353
2334
17188
6479
7031
739
32992
2909
20791
33196
2769
19547
1950
16212
27679
10814
292
37690
2205
46986
23028
29246
1516
4912
11984
9836
23964
3361
16079
7081
35393
12881
4796
27271
4621
6651
10271
26233
23782
5657
10210
27701
32818
29386
8797
1356
35935
20113
43559
10547
5991
44112
33204
5693
2452
21714
32721
13866
9583
2998
18766
16724
28674
8261
1009
17407
20259
15497
4116
7156
8807
9039
13041
26248
22411
26084
8645
28834
39985
5826
11054
22594
29033
24801
8223
7406
48115
17607
6870
22631
22197
24266
9820
19764
29470
1918
29661
6027
19768
3673
10182
6999
16798
22136
7430
15552
20528
27407
24968
8402
16281
8384
5272
28323
3948
30523
1819
574
9228
13615
11609
20522
12270
14975
38731
12807
7839
25635
30751
9148
3522
38725
21406
160
34592
5780
16904
33479
19357
2082
13032
16496
7061
12990
3419
8749
12826
27222
27349
19792
28793
21992
45511
13183
46389
1165
35719
2137
237
3663
6877
32801
11871
39002
1993
9419
31946
8741
24025
3598
12103
11930
27462
3222
7847
11876
9923
14164
5989
1723
18525
15910
4665
16365
11117
20836
407
25522
37868
41328
2893
19924
2491
3450
25685
2037
4347
44917
4228
10331
30981
2182
6960
7590
6625
20651
1786
26328
33540
20223
11519
6990
3493
38701
15875
25149
2170
35030
24079
21476
11449
3507
8444
28621
12944
20967
2186
17614
40259
14629
35574
37311
6572
3013
38695
26367
12644
6575
13014
4752
21472
11197
15628
40186
20390
20385
25952
4597
2575
758
5315
5579
5896
4978
31756
4657
34122
39419
28029
32704
36312
3426
32244
5956
33561
13924
20578
12548
18412
12691
2370
9431
8756
13200
4403
21201
9753
15960
29389
17038
27767
2738
39631
11364
14225
14146
25215
1298
14392
23450
11125
32339
4416
356
316
20879
12164
40288
4130
7964
28864
6524
28981
19648
21189
22999
10809
37472
14281
4763
49762
32231
27396
29512
15989
10262
23247
19539
5517
41942
20416
3396
37059
4351
42321
27877
12143
7114
9872
10160
2593
23905
5605
4199
11832
6910
30632
28266
11167
22003
36200
39147
12368
18299
25154
26355
6892
21072
27705
3731
20376
17237
6726
42682
17317
26778
13898
11678
7021
43778
8211
12288
7597
16891
13357
27361
17465
18736
29785
1686
253
41895
27342
6676
24857
22407
14073
1369
6737
10552
4121
3475
6903
5845
42914
35576
18125
23121
26482
586
3235
34401
15897
22395
30425
35555
12501
3200
12333
13656
27441
5188
22532
7150
23230
8895
24865
22985
5413
6855
13212
15434
20943
11493
1864
16955
9756
20628
8821
12128
10542
4923
1601
36691
8947
36022
4568
763
23748
7353
18509
12457
12614
26877
483
8866
16482
14511
6886
31123
23749
21568
8352
32844
11989
2258
17488
14231
20629
20517
652
27350
27580
34852
33697
24608
3146
37574
20584
5110
548
2594
1931
18675
9982
35795
25
25465
8500
6925
9970
12110
26486
22849
19318
13677
27203
5474
25856
2778
13158
8208
26558
18193
30944
16282
29059
25225
27196
15923
25512
10766
9568
6279
20174
15133
21293
3145
15937
4634
8121
9285
14675
17176
1382
39839
37485
11005
19569
16756
30517
25004
19055
29510
5731
23939
31097
2084
2732
10220
29384
38012
23777
19439
4874
8907
4414
10611
30566
6626
7362
5723
11821
5079
17815
5168
6039
9643
13696
20424
48519
25840
6635
11078
4530
26260
12087
20786
43056
5655
38760
6992
2198
9914
13145
15246
1191
2176
23187
12677
8939
11753
14252
16086
14157
10383
28872
13462
10252
10129
45800
3506
1044
14963
6207
12086
15529
18551
21614
3676
2518
35026
15149
31034
17784
8614
11268
29861
35521
31711
5996
5973
16321
17900
10508
9386
28966
41868
23816
10816
20472
846
25159
5451
12939
43514
2810
15573
16086
12761
2118
2306
9561
25500
33149
44337
43453
27706
38017
507
221
1474
15858
34728
9467
3490
11175
36264
16979
33867
32578
4763
5518
11537
5530
16718
26413
547
39495
26077
39372
13956
8893
19716
44824
17105
15642
17940
2913
13515
23741
14954
4805
7716
38871
6617
32570
11508
15910
16200
20444
8835
8686
26192
22093
30690
1877
15791
13612
1874
1429
5441
43558
7558
18179
28379
4990
27750
1805
9050
27168
27767
18837
1376
20774
15398
6847
12709
37950
19977
2452
25191
42876
6460
29461
36663
4784
478
10366
20358
10345
8935
13172
15061
10822
2553
8739
45103
6325
671
19231
15248
12193
4665
24939
17476
21167
5781
12552
32717
13032
25985
29446
8726
12730
17672
11355
12863
7399
18584
25898
34732
12066
8159
29505
314
20324
8375
46120
1696
4576
34801
918
12917
3557
9100
2437
12212
2975
27068
22415
18527
4096
14080
1070
13501
14843
17742
3636
38281
39424
8809
5307
34112
31030
3586
37990
36280
28980
4438
12690
17618
14003
14605
30077
28378
17889
6653
16773
24626
16685
10093
26130
28705
45085
8599
22848
10342
13452
17785
15158
19103
2992
29644
7768
7549
33204
6591
13411
9734
3165
28713
23545
5872
19460
9928
12495
21327
22540
3584
15505
23188
15830
38244
37840
9924
3212
10490
49645
46
4324
16086
27168
18416
37249
5147
27727
46455
10357
11113
481
10912
6598
29899
16797
23275
15277
2839
20542
11153
13
9725
20195
25308
10140
6803
18848
4133
2936
15574
27817
12157
23675
28422
24157
7367
17318
13434
15945
9006
12812
1776
30407
23429
9933
13980
11102
17505
13773
3459
9700
8441
11365
10556
27880
7264
44664
10662
44
1925
17303
18642
31224
4211
16028
7598
33648
22395
12503
39734
19792
6505
10926
6970
4013
44953
11765
14798
7731
5889
24851
33499
4484
10571
3904
13110
25357
20287
12153
4108
14025
3541
28818
7553
7855
24048
28343
18077
9003
37973
10746
24365
9983
29541
28791
37871
6050
25002
19878
8693
15749
9985
28013
3822
3414
610
14420
35153
24150
32454
24767
2840
5877
5839
7499
11471
6997
25790
7285
22180
25891
3060
29076
5528
596
18190
5335
42496
9069
21663
32778
23854
20189
2444
6114
31523
26733
25529
6460
1003
23594
7294
4973
12165
16588
8902
14047
35298
29343
7341
3357
10158
4561
18156
3726
12103
22554
24761
1209
8440
21664
1151
9524
22262
45847
11898
33145
1934
1918
9704
8606
22073
26377
10179
8386
42615
16251
32045
27512
16142
20342
25582
11576
2391
5305
11514
26091
6844
19690
11423
1743
13372
31434
